{"/Library/WebServer/Documents/open-data/src/bin/core/get-county-township.js":{"path":"/Library/WebServer/Documents/open-data/src/bin/core/get-county-township.js","statementMap":{"0":{"start":{"line":5,"column":0},"end":{"line":7,"column":3}},"1":{"start":{"line":9,"column":12},"end":{"line":9,"column":27}},"2":{"start":{"line":11,"column":13},"end":{"line":11,"column":42}},"3":{"start":{"line":13,"column":17},"end":{"line":13,"column":38}},"4":{"start":{"line":15,"column":18},"end":{"line":15,"column":52}},"5":{"start":{"line":17,"column":14},"end":{"line":17,"column":31}},"6":{"start":{"line":19,"column":13},"end":{"line":19,"column":30}},"7":{"start":{"line":21,"column":14},"end":{"line":21,"column":44}},"8":{"start":{"line":23,"column":19},"end":{"line":23,"column":43}},"9":{"start":{"line":25,"column":20},"end":{"line":25,"column":56}},"10":{"start":{"line":27,"column":13},"end":{"line":27,"column":29}},"11":{"start":{"line":29,"column":14},"end":{"line":29,"column":44}},"12":{"start":{"line":31,"column":39},"end":{"line":31,"column":93}},"13":{"start":{"line":33,"column":12},"end":{"line":33,"column":36}},"14":{"start":{"line":34,"column":9},"end":{"line":34,"column":44}},"15":{"start":{"line":35,"column":11},"end":{"line":35,"column":65}},"16":{"start":{"line":36,"column":15},"end":{"line":36,"column":17}},"17":{"start":{"line":37,"column":16},"end":{"line":40,"column":1}},"18":{"start":{"line":42,"column":14},"end":{"line":46,"column":1}},"19":{"start":{"line":43,"column":2},"end":{"line":45,"column":28}},"20":{"start":{"line":44,"column":4},"end":{"line":44,"column":48}},"21":{"start":{"line":48,"column":0},"end":{"line":81,"column":2}},"22":{"start":{"line":49,"column":2},"end":{"line":80,"column":5}},"23":{"start":{"line":50,"column":4},"end":{"line":50,"column":22}},"24":{"start":{"line":52,"column":4},"end":{"line":79,"column":7}},"25":{"start":{"line":53,"column":6},"end":{"line":78,"column":9}},"26":{"start":{"line":54,"column":8},"end":{"line":54,"column":36}},"27":{"start":{"line":54,"column":17},"end":{"line":54,"column":36}},"28":{"start":{"line":56,"column":29},"end":{"line":56,"column":59}},"29":{"start":{"line":59,"column":8},"end":{"line":69,"column":11}},"30":{"start":{"line":60,"column":20},"end":{"line":60,"column":34}},"31":{"start":{"line":61,"column":20},"end":{"line":61,"column":46}},"32":{"start":{"line":62,"column":30},"end":{"line":62,"column":45}},"33":{"start":{"line":63,"column":32},"end":{"line":63,"column":44}},"34":{"start":{"line":64,"column":30},"end":{"line":64,"column":67}},"35":{"start":{"line":65,"column":32},"end":{"line":65,"column":61}},"36":{"start":{"line":67,"column":10},"end":{"line":67,"column":50}},"37":{"start":{"line":68,"column":10},"end":{"line":68,"column":55}},"38":{"start":{"line":71,"column":8},"end":{"line":71,"column":81}},"39":{"start":{"line":73,"column":8},"end":{"line":73,"column":83}},"40":{"start":{"line":75,"column":8},"end":{"line":77,"column":11}},"41":{"start":{"line":76,"column":10},"end":{"line":76,"column":53}}},"fnMap":{"0":{"name":"_interopRequireDefault","decl":{"start":{"line":31,"column":9},"end":{"line":31,"column":31}},"loc":{"start":{"line":31,"column":37},"end":{"line":31,"column":95}},"line":31},"1":{"name":"content","decl":{"start":{"line":42,"column":23},"end":{"line":42,"column":30}},"loc":{"start":{"line":42,"column":37},"end":{"line":46,"column":1}},"line":42},"2":{"name":"(anonymous_2)","decl":{"start":{"line":43,"column":75},"end":{"line":43,"column":76}},"loc":{"start":{"line":43,"column":90},"end":{"line":45,"column":3}},"line":43},"3":{"name":"(anonymous_3)","decl":{"start":{"line":48,"column":18},"end":{"line":48,"column":19}},"loc":{"start":{"line":48,"column":34},"end":{"line":81,"column":1}},"line":48},"4":{"name":"(anonymous_4)","decl":{"start":{"line":49,"column":45},"end":{"line":49,"column":46}},"loc":{"start":{"line":49,"column":60},"end":{"line":51,"column":3}},"line":49},"5":{"name":"(anonymous_5)","decl":{"start":{"line":51,"column":10},"end":{"line":51,"column":11}},"loc":{"start":{"line":51,"column":26},"end":{"line":80,"column":3}},"line":51},"6":{"name":"(anonymous_6)","decl":{"start":{"line":52,"column":23},"end":{"line":52,"column":24}},"loc":{"start":{"line":52,"column":50},"end":{"line":79,"column":5}},"line":52},"7":{"name":"(anonymous_7)","decl":{"start":{"line":53,"column":44},"end":{"line":53,"column":45}},"loc":{"start":{"line":53,"column":67},"end":{"line":78,"column":7}},"line":53},"8":{"name":"(anonymous_8)","decl":{"start":{"line":59,"column":31},"end":{"line":59,"column":32}},"loc":{"start":{"line":59,"column":47},"end":{"line":69,"column":9}},"line":59},"9":{"name":"(anonymous_9)","decl":{"start":{"line":75,"column":18},"end":{"line":75,"column":19}},"loc":{"start":{"line":75,"column":30},"end":{"line":77,"column":9}},"line":75}},"branchMap":{"0":{"loc":{"start":{"line":31,"column":46},"end":{"line":31,"column":92}},"type":"cond-expr","locations":[{"start":{"line":31,"column":70},"end":{"line":31,"column":73}},{"start":{"line":31,"column":76},"end":{"line":31,"column":92}}],"line":31},"1":{"loc":{"start":{"line":31,"column":46},"end":{"line":31,"column":67}},"type":"binary-expr","locations":[{"start":{"line":31,"column":46},"end":{"line":31,"column":49}},{"start":{"line":31,"column":53},"end":{"line":31,"column":67}}],"line":31},"2":{"loc":{"start":{"line":54,"column":8},"end":{"line":54,"column":36}},"type":"if","locations":[{"start":{"line":54,"column":8},"end":{"line":54,"column":36}},{"start":{"line":54,"column":8},"end":{"line":54,"column":36}}],"line":54},"3":{"loc":{"start":{"line":64,"column":34},"end":{"line":64,"column":48}},"type":"cond-expr","locations":[{"start":{"line":64,"column":43},"end":{"line":64,"column":44}},{"start":{"line":64,"column":47},"end":{"line":64,"column":48}}],"line":64}},"s":{"0":0,"1":0,"2":0,"3":0,"4":0,"5":0,"6":0,"7":0,"8":0,"9":0,"10":0,"11":0,"12":0,"13":0,"14":0,"15":0,"16":0,"17":0,"18":0,"19":0,"20":0,"21":0,"22":0,"23":0,"24":0,"25":0,"26":0,"27":0,"28":0,"29":0,"30":0,"31":0,"32":0,"33":0,"34":0,"35":0,"36":0,"37":0,"38":0,"39":0,"40":0,"41":0},"f":{"0":0,"1":0,"2":0,"3":0,"4":0,"5":0,"6":0,"7":0,"8":0,"9":0},"b":{"0":[0,0],"1":[0,0],"2":[0,0],"3":[0,0]}},"/Library/WebServer/Documents/open-data/src/constants/counties.js":{"path":"/Library/WebServer/Documents/open-data/src/constants/counties.js","statementMap":{"0":{"start":{"line":4,"column":0},"end":{"line":6,"column":3}},"1":{"start":{"line":7,"column":0},"end":{"line":32,"column":2}}},"fnMap":{},"branchMap":{},"s":{"0":0,"1":0},"f":{},"b":{}},"/Library/WebServer/Documents/open-data/src/constants/townships.js":{"path":"/Library/WebServer/Documents/open-data/src/constants/townships.js","statementMap":{"0":{"start":{"line":4,"column":0},"end":{"line":6,"column":3}},"1":{"start":{"line":7,"column":0},"end":{"line":366,"column":2}}},"fnMap":{},"branchMap":{},"s":{"0":0,"1":0},"f":{},"b":{}},"/Library/WebServer/Documents/open-data/src/constants/update-time.js":{"path":"/Library/WebServer/Documents/open-data/src/constants/update-time.js","statementMap":{"0":{"start":{"line":3,"column":0},"end":{"line":5,"column":3}},"1":{"start":{"line":6,"column":0},"end":{"line":8,"column":2}}},"fnMap":{},"branchMap":{},"s":{"0":0,"1":0},"f":{},"b":{}},"/Library/WebServer/Documents/open-data/src/schemas/airQualityMonitoringStation/constants.js":{"path":"/Library/WebServer/Documents/open-data/src/schemas/airQualityMonitoringStation/constants.js","statementMap":{"0":{"start":{"line":3,"column":0},"end":{"line":5,"column":3}},"1":{"start":{"line":6,"column":20},"end":{"line":15,"column":1}},"2":{"start":{"line":17,"column":20},"end":{"line":24,"column":1}}},"fnMap":{},"branchMap":{},"s":{"0":0,"1":0,"2":0},"f":{},"b":{}},"/Library/WebServer/Documents/open-data/src/schemas/airQualityMonitoringStation/dataType.js":{"path":"/Library/WebServer/Documents/open-data/src/schemas/airQualityMonitoringStation/dataType.js","statementMap":{"0":{"start":{"line":3,"column":0},"end":{"line":5,"column":3}},"1":{"start":{"line":6,"column":0},"end":{"line":6,"column":50}},"2":{"start":{"line":8,"column":15},"end":{"line":8,"column":256}},"3":{"start":{"line":8,"column":52},"end":{"line":8,"column":239}},"4":{"start":{"line":8,"column":110},"end":{"line":8,"column":122}},"5":{"start":{"line":8,"column":124},"end":{"line":8,"column":237}},"6":{"start":{"line":8,"column":150},"end":{"line":8,"column":235}},"7":{"start":{"line":8,"column":207},"end":{"line":8,"column":233}},"8":{"start":{"line":8,"column":240},"end":{"line":8,"column":254}},"9":{"start":{"line":10,"column":15},"end":{"line":10,"column":33}},"10":{"start":{"line":12,"column":20},"end":{"line":12,"column":44}},"11":{"start":{"line":14,"column":19},"end":{"line":14,"column":53}},"12":{"start":{"line":16,"column":20},"end":{"line":16,"column":56}},"13":{"start":{"line":18,"column":14},"end":{"line":18,"column":34}},"14":{"start":{"line":20,"column":15},"end":{"line":20,"column":46}},"15":{"start":{"line":22,"column":20},"end":{"line":22,"column":46}},"16":{"start":{"line":24,"column":21},"end":{"line":24,"column":58}},"17":{"start":{"line":26,"column":22},"end":{"line":26,"column":50}},"18":{"start":{"line":28,"column":23},"end":{"line":28,"column":62}},"19":{"start":{"line":30,"column":17},"end":{"line":30,"column":40}},"20":{"start":{"line":32,"column":18},"end":{"line":32,"column":52}},"21":{"start":{"line":34,"column":17},"end":{"line":34,"column":39}},"22":{"start":{"line":36,"column":39},"end":{"line":36,"column":93}},"23":{"start":{"line":38,"column":20},"end":{"line":38,"column":50}},"24":{"start":{"line":39,"column":17},"end":{"line":90,"column":154}},"25":{"start":{"line":41,"column":22},"end":{"line":41,"column":38}},"26":{"start":{"line":42,"column":4},"end":{"line":42,"column":56}},"27":{"start":{"line":48,"column":21},"end":{"line":48,"column":35}},"28":{"start":{"line":49,"column":6},"end":{"line":49,"column":22}},"29":{"start":{"line":56,"column":24},"end":{"line":56,"column":41}},"30":{"start":{"line":57,"column":6},"end":{"line":57,"column":25}},"31":{"start":{"line":64,"column":21},"end":{"line":64,"column":35}},"32":{"start":{"line":66,"column":6},"end":{"line":66,"column":156}},"33":{"start":{"line":66,"column":71},"end":{"line":66,"column":156}},"34":{"start":{"line":68,"column":6},"end":{"line":68,"column":22}},"35":{"start":{"line":75,"column":24},"end":{"line":75,"column":41}},"36":{"start":{"line":76,"column":6},"end":{"line":76,"column":25}},"37":{"start":{"line":83,"column":21},"end":{"line":83,"column":35}},"38":{"start":{"line":85,"column":6},"end":{"line":85,"column":156}},"39":{"start":{"line":85,"column":71},"end":{"line":85,"column":156}},"40":{"start":{"line":87,"column":6},"end":{"line":87,"column":22}},"41":{"start":{"line":91,"column":15},"end":{"line":96,"column":2}},"42":{"start":{"line":98,"column":28},"end":{"line":98,"column":129}},"43":{"start":{"line":99,"column":44},"end":{"line":99,"column":80}},"44":{"start":{"line":101,"column":0},"end":{"line":118,"column":3}},"45":{"start":{"line":113,"column":19},"end":{"line":113,"column":29}},"46":{"start":{"line":114,"column":8},"end":{"line":114,"column":72}}},"fnMap":{"0":{"name":"(anonymous_0)","decl":{"start":{"line":8,"column":32},"end":{"line":8,"column":33}},"loc":{"start":{"line":8,"column":50},"end":{"line":8,"column":256}},"line":8},"1":{"name":"_interopRequireDefault","decl":{"start":{"line":36,"column":9},"end":{"line":36,"column":31}},"loc":{"start":{"line":36,"column":37},"end":{"line":36,"column":95}},"line":36},"2":{"name":"(anonymous_2)","decl":{"start":{"line":40,"column":70},"end":{"line":40,"column":71}},"loc":{"start":{"line":40,"column":86},"end":{"line":43,"column":3}},"line":40},"3":{"name":"resolve","decl":{"start":{"line":47,"column":22},"end":{"line":47,"column":29}},"loc":{"start":{"line":47,"column":37},"end":{"line":50,"column":5}},"line":47},"4":{"name":"resolve","decl":{"start":{"line":55,"column":22},"end":{"line":55,"column":29}},"loc":{"start":{"line":55,"column":37},"end":{"line":58,"column":5}},"line":55},"5":{"name":"resolve","decl":{"start":{"line":63,"column":22},"end":{"line":63,"column":29}},"loc":{"start":{"line":63,"column":37},"end":{"line":69,"column":5}},"line":63},"6":{"name":"resolve","decl":{"start":{"line":74,"column":22},"end":{"line":74,"column":29}},"loc":{"start":{"line":74,"column":37},"end":{"line":77,"column":5}},"line":74},"7":{"name":"resolve","decl":{"start":{"line":82,"column":22},"end":{"line":82,"column":29}},"loc":{"start":{"line":82,"column":37},"end":{"line":88,"column":5}},"line":82},"8":{"name":"resolve","decl":{"start":{"line":112,"column":24},"end":{"line":112,"column":31}},"loc":{"start":{"line":112,"column":45},"end":{"line":115,"column":7}},"line":112}},"branchMap":{"0":{"loc":{"start":{"line":8,"column":15},"end":{"line":8,"column":256}},"type":"binary-expr","locations":[{"start":{"line":8,"column":15},"end":{"line":8,"column":28}},{"start":{"line":8,"column":32},"end":{"line":8,"column":256}}],"line":8},"1":{"loc":{"start":{"line":8,"column":150},"end":{"line":8,"column":235}},"type":"if","locations":[{"start":{"line":8,"column":150},"end":{"line":8,"column":235}},{"start":{"line":8,"column":150},"end":{"line":8,"column":235}}],"line":8},"2":{"loc":{"start":{"line":36,"column":46},"end":{"line":36,"column":92}},"type":"cond-expr","locations":[{"start":{"line":36,"column":70},"end":{"line":36,"column":73}},{"start":{"line":36,"column":76},"end":{"line":36,"column":92}}],"line":36},"3":{"loc":{"start":{"line":36,"column":46},"end":{"line":36,"column":67}},"type":"binary-expr","locations":[{"start":{"line":36,"column":46},"end":{"line":36,"column":49}},{"start":{"line":36,"column":53},"end":{"line":36,"column":67}}],"line":36},"4":{"loc":{"start":{"line":66,"column":6},"end":{"line":66,"column":156}},"type":"if","locations":[{"start":{"line":66,"column":6},"end":{"line":66,"column":156}},{"start":{"line":66,"column":6},"end":{"line":66,"column":156}}],"line":66},"5":{"loc":{"start":{"line":85,"column":6},"end":{"line":85,"column":156}},"type":"if","locations":[{"start":{"line":85,"column":6},"end":{"line":85,"column":156}},{"start":{"line":85,"column":6},"end":{"line":85,"column":156}}],"line":85},"6":{"loc":{"start":{"line":114,"column":54},"end":{"line":114,"column":64}},"type":"binary-expr","locations":[{"start":{"line":114,"column":54},"end":{"line":114,"column":58}},{"start":{"line":114,"column":62},"end":{"line":114,"column":64}}],"line":114}},"s":{"0":0,"1":0,"2":0,"3":0,"4":0,"5":0,"6":0,"7":0,"8":0,"9":0,"10":0,"11":0,"12":0,"13":0,"14":0,"15":0,"16":0,"17":0,"18":0,"19":0,"20":0,"21":0,"22":0,"23":0,"24":0,"25":0,"26":0,"27":0,"28":0,"29":0,"30":0,"31":0,"32":0,"33":0,"34":0,"35":0,"36":0,"37":0,"38":0,"39":0,"40":0,"41":0,"42":0,"43":0,"44":0,"45":0,"46":0},"f":{"0":0,"1":0,"2":0,"3":0,"4":0,"5":0,"6":0,"7":0,"8":0},"b":{"0":[0,0],"1":[0,0],"2":[0,0],"3":[0,0],"4":[0,0],"5":[0,0],"6":[0,0]}},"/Library/WebServer/Documents/open-data/src/schemas/airQualityMonitoringStation/getAirQualityMonitoringStation.js":{"path":"/Library/WebServer/Documents/open-data/src/schemas/airQualityMonitoringStation/getAirQualityMonitoringStation.js","statementMap":{"0":{"start":{"line":3,"column":0},"end":{"line":5,"column":3}},"1":{"start":{"line":7,"column":15},"end":{"line":7,"column":256}},"2":{"start":{"line":7,"column":52},"end":{"line":7,"column":239}},"3":{"start":{"line":7,"column":110},"end":{"line":7,"column":122}},"4":{"start":{"line":7,"column":124},"end":{"line":7,"column":237}},"5":{"start":{"line":7,"column":150},"end":{"line":7,"column":235}},"6":{"start":{"line":7,"column":207},"end":{"line":7,"column":233}},"7":{"start":{"line":7,"column":240},"end":{"line":7,"column":254}},"8":{"start":{"line":9,"column":15},"end":{"line":9,"column":33}},"9":{"start":{"line":11,"column":13},"end":{"line":11,"column":41}},"10":{"start":{"line":13,"column":14},"end":{"line":13,"column":44}},"11":{"start":{"line":15,"column":24},"end":{"line":15,"column":65}},"12":{"start":{"line":17,"column":25},"end":{"line":17,"column":66}},"13":{"start":{"line":19,"column":17},"end":{"line":19,"column":40}},"14":{"start":{"line":21,"column":20},"end":{"line":21,"column":46}},"15":{"start":{"line":23,"column":22},"end":{"line":23,"column":50}},"16":{"start":{"line":25,"column":16},"end":{"line":25,"column":37}},"17":{"start":{"line":27,"column":17},"end":{"line":27,"column":50}},"18":{"start":{"line":29,"column":17},"end":{"line":29,"column":39}},"19":{"start":{"line":31,"column":39},"end":{"line":31,"column":93}},"20":{"start":{"line":33,"column":60},"end":{"line":33,"column":62}},"21":{"start":{"line":33,"column":64},"end":{"line":33,"column":203}},"22":{"start":{"line":33,"column":85},"end":{"line":33,"column":120}},"23":{"start":{"line":33,"column":111},"end":{"line":33,"column":120}},"24":{"start":{"line":33,"column":121},"end":{"line":33,"column":181}},"25":{"start":{"line":33,"column":172},"end":{"line":33,"column":181}},"26":{"start":{"line":33,"column":182},"end":{"line":33,"column":201}},"27":{"start":{"line":33,"column":204},"end":{"line":33,"column":218}},"28":{"start":{"line":35,"column":33},"end":{"line":35,"column":456}},"29":{"start":{"line":35,"column":64},"end":{"line":35,"column":89}},"30":{"start":{"line":35,"column":91},"end":{"line":35,"column":453}},"31":{"start":{"line":35,"column":165},"end":{"line":35,"column":263}},"32":{"start":{"line":35,"column":182},"end":{"line":35,"column":195}},"33":{"start":{"line":35,"column":209},"end":{"line":35,"column":219}},"34":{"start":{"line":35,"column":239},"end":{"line":35,"column":253}},"35":{"start":{"line":35,"column":254},"end":{"line":35,"column":261}},"36":{"start":{"line":35,"column":264},"end":{"line":35,"column":426}},"37":{"start":{"line":35,"column":281},"end":{"line":35,"column":296}},"38":{"start":{"line":35,"column":306},"end":{"line":35,"column":424}},"39":{"start":{"line":35,"column":360},"end":{"line":35,"column":380}},"40":{"start":{"line":35,"column":401},"end":{"line":35,"column":420}},"41":{"start":{"line":35,"column":429},"end":{"line":35,"column":449}},"42":{"start":{"line":37,"column":0},"end":{"line":138,"column":2}},"43":{"start":{"line":57,"column":15},"end":{"line":132,"column":7}},"44":{"start":{"line":58,"column":22},"end":{"line":58,"column":37}},"45":{"start":{"line":59,"column":22},"end":{"line":59,"column":37}},"46":{"start":{"line":60,"column":17},"end":{"line":60,"column":76}},"47":{"start":{"line":63,"column":6},"end":{"line":131,"column":29}},"48":{"start":{"line":64,"column":8},"end":{"line":130,"column":9}},"49":{"start":{"line":65,"column":10},"end":{"line":129,"column":11}},"50":{"start":{"line":67,"column":14},"end":{"line":67,"column":32}},"51":{"start":{"line":68,"column":14},"end":{"line":73,"column":34}},"52":{"start":{"line":69,"column":16},"end":{"line":69,"column":135}},"53":{"start":{"line":76,"column":14},"end":{"line":76,"column":38}},"54":{"start":{"line":77,"column":14},"end":{"line":77,"column":32}},"55":{"start":{"line":78,"column":14},"end":{"line":80,"column":44}},"56":{"start":{"line":79,"column":16},"end":{"line":79,"column":31}},"57":{"start":{"line":83,"column":14},"end":{"line":83,"column":41}},"58":{"start":{"line":84,"column":14},"end":{"line":84,"column":32}},"59":{"start":{"line":85,"column":14},"end":{"line":87,"column":46}},"60":{"start":{"line":86,"column":16},"end":{"line":86,"column":34}},"61":{"start":{"line":90,"column":14},"end":{"line":90,"column":43}},"62":{"start":{"line":91,"column":14},"end":{"line":91,"column":51}},"63":{"start":{"line":94,"column":14},"end":{"line":107,"column":15}},"64":{"start":{"line":95,"column":16},"end":{"line":97,"column":19}},"65":{"start":{"line":96,"column":18},"end":{"line":96,"column":55}},"66":{"start":{"line":100,"column":16},"end":{"line":106,"column":19}},"67":{"start":{"line":102,"column":35},"end":{"line":102,"column":49}},"68":{"start":{"line":104,"column":20},"end":{"line":104,"column":63}},"69":{"start":{"line":109,"column":14},"end":{"line":122,"column":15}},"70":{"start":{"line":110,"column":16},"end":{"line":112,"column":19}},"71":{"start":{"line":111,"column":18},"end":{"line":111,"column":55}},"72":{"start":{"line":115,"column":16},"end":{"line":121,"column":19}},"73":{"start":{"line":117,"column":35},"end":{"line":117,"column":49}},"74":{"start":{"line":119,"column":20},"end":{"line":119,"column":63}},"75":{"start":{"line":124,"column":14},"end":{"line":124,"column":56}},"76":{"start":{"line":128,"column":14},"end":{"line":128,"column":37}},"77":{"start":{"line":134,"column":4},"end":{"line":136,"column":6}},"78":{"start":{"line":135,"column":6},"end":{"line":135,"column":41}}},"fnMap":{"0":{"name":"(anonymous_0)","decl":{"start":{"line":7,"column":32},"end":{"line":7,"column":33}},"loc":{"start":{"line":7,"column":50},"end":{"line":7,"column":256}},"line":7},"1":{"name":"_interopRequireDefault","decl":{"start":{"line":31,"column":9},"end":{"line":31,"column":31}},"loc":{"start":{"line":31,"column":37},"end":{"line":31,"column":95}},"line":31},"2":{"name":"_objectWithoutProperties","decl":{"start":{"line":33,"column":9},"end":{"line":33,"column":33}},"loc":{"start":{"line":33,"column":45},"end":{"line":33,"column":220}},"line":33},"3":{"name":"_asyncToGenerator","decl":{"start":{"line":35,"column":9},"end":{"line":35,"column":26}},"loc":{"start":{"line":35,"column":31},"end":{"line":35,"column":458}},"line":35},"4":{"name":"(anonymous_4)","decl":{"start":{"line":35,"column":40},"end":{"line":35,"column":41}},"loc":{"start":{"line":35,"column":52},"end":{"line":35,"column":455}},"line":35},"5":{"name":"(anonymous_5)","decl":{"start":{"line":35,"column":110},"end":{"line":35,"column":111}},"loc":{"start":{"line":35,"column":137},"end":{"line":35,"column":451}},"line":35},"6":{"name":"step","decl":{"start":{"line":35,"column":148},"end":{"line":35,"column":152}},"loc":{"start":{"line":35,"column":163},"end":{"line":35,"column":428}},"line":35},"7":{"name":"(anonymous_7)","decl":{"start":{"line":35,"column":341},"end":{"line":35,"column":342}},"loc":{"start":{"line":35,"column":358},"end":{"line":35,"column":382}},"line":35},"8":{"name":"(anonymous_8)","decl":{"start":{"line":35,"column":384},"end":{"line":35,"column":385}},"loc":{"start":{"line":35,"column":399},"end":{"line":35,"column":422}},"line":35},"9":{"name":"(anonymous_9)","decl":{"start":{"line":56,"column":11},"end":{"line":56,"column":12}},"loc":{"start":{"line":56,"column":23},"end":{"line":137,"column":3}},"line":56},"10":{"name":"_callee","decl":{"start":{"line":57,"column":66},"end":{"line":57,"column":73}},"loc":{"start":{"line":57,"column":92},"end":{"line":132,"column":5}},"line":57},"11":{"name":"_callee$","decl":{"start":{"line":63,"column":46},"end":{"line":63,"column":54}},"loc":{"start":{"line":63,"column":65},"end":{"line":131,"column":7}},"line":63},"12":{"name":"(anonymous_12)","decl":{"start":{"line":68,"column":45},"end":{"line":68,"column":46}},"loc":{"start":{"line":68,"column":57},"end":{"line":70,"column":15}},"line":68},"13":{"name":"(anonymous_13)","decl":{"start":{"line":78,"column":48},"end":{"line":78,"column":49}},"loc":{"start":{"line":78,"column":60},"end":{"line":80,"column":15}},"line":78},"14":{"name":"(anonymous_14)","decl":{"start":{"line":85,"column":50},"end":{"line":85,"column":51}},"loc":{"start":{"line":85,"column":62},"end":{"line":87,"column":15}},"line":85},"15":{"name":"(anonymous_15)","decl":{"start":{"line":95,"column":49},"end":{"line":95,"column":50}},"loc":{"start":{"line":95,"column":64},"end":{"line":97,"column":17}},"line":95},"16":{"name":"(anonymous_16)","decl":{"start":{"line":101,"column":52},"end":{"line":101,"column":53}},"loc":{"start":{"line":101,"column":69},"end":{"line":105,"column":19}},"line":101},"17":{"name":"(anonymous_17)","decl":{"start":{"line":110,"column":49},"end":{"line":110,"column":50}},"loc":{"start":{"line":110,"column":64},"end":{"line":112,"column":17}},"line":110},"18":{"name":"(anonymous_18)","decl":{"start":{"line":116,"column":52},"end":{"line":116,"column":53}},"loc":{"start":{"line":116,"column":69},"end":{"line":120,"column":19}},"line":116},"19":{"name":"resolve","decl":{"start":{"line":134,"column":20},"end":{"line":134,"column":27}},"loc":{"start":{"line":134,"column":42},"end":{"line":136,"column":5}},"line":134}},"branchMap":{"0":{"loc":{"start":{"line":7,"column":15},"end":{"line":7,"column":256}},"type":"binary-expr","locations":[{"start":{"line":7,"column":15},"end":{"line":7,"column":28}},{"start":{"line":7,"column":32},"end":{"line":7,"column":256}}],"line":7},"1":{"loc":{"start":{"line":7,"column":150},"end":{"line":7,"column":235}},"type":"if","locations":[{"start":{"line":7,"column":150},"end":{"line":7,"column":235}},{"start":{"line":7,"column":150},"end":{"line":7,"column":235}}],"line":7},"2":{"loc":{"start":{"line":31,"column":46},"end":{"line":31,"column":92}},"type":"cond-expr","locations":[{"start":{"line":31,"column":70},"end":{"line":31,"column":73}},{"start":{"line":31,"column":76},"end":{"line":31,"column":92}}],"line":31},"3":{"loc":{"start":{"line":31,"column":46},"end":{"line":31,"column":67}},"type":"binary-expr","locations":[{"start":{"line":31,"column":46},"end":{"line":31,"column":49}},{"start":{"line":31,"column":53},"end":{"line":31,"column":67}}],"line":31},"4":{"loc":{"start":{"line":33,"column":85},"end":{"line":33,"column":120}},"type":"if","locations":[{"start":{"line":33,"column":85},"end":{"line":33,"column":120}},{"start":{"line":33,"column":85},"end":{"line":33,"column":120}}],"line":33},"5":{"loc":{"start":{"line":33,"column":121},"end":{"line":33,"column":181}},"type":"if","locations":[{"start":{"line":33,"column":121},"end":{"line":33,"column":181}},{"start":{"line":33,"column":121},"end":{"line":33,"column":181}}],"line":33},"6":{"loc":{"start":{"line":35,"column":264},"end":{"line":35,"column":426}},"type":"if","locations":[{"start":{"line":35,"column":264},"end":{"line":35,"column":426}},{"start":{"line":35,"column":264},"end":{"line":35,"column":426}}],"line":35},"7":{"loc":{"start":{"line":65,"column":10},"end":{"line":129,"column":11}},"type":"switch","locations":[{"start":{"line":66,"column":12},"end":{"line":73,"column":34}},{"start":{"line":75,"column":12},"end":{"line":80,"column":44}},{"start":{"line":82,"column":12},"end":{"line":87,"column":46}},{"start":{"line":89,"column":12},"end":{"line":124,"column":56}},{"start":{"line":126,"column":12},"end":{"line":126,"column":20}},{"start":{"line":127,"column":12},"end":{"line":128,"column":37}}],"line":65},"8":{"loc":{"start":{"line":94,"column":14},"end":{"line":107,"column":15}},"type":"if","locations":[{"start":{"line":94,"column":14},"end":{"line":107,"column":15}},{"start":{"line":94,"column":14},"end":{"line":107,"column":15}}],"line":94},"9":{"loc":{"start":{"line":101,"column":25},"end":{"line":101,"column":43}},"type":"binary-expr","locations":[{"start":{"line":101,"column":25},"end":{"line":101,"column":37}},{"start":{"line":101,"column":41},"end":{"line":101,"column":43}}],"line":101},"10":{"loc":{"start":{"line":109,"column":14},"end":{"line":122,"column":15}},"type":"if","locations":[{"start":{"line":109,"column":14},"end":{"line":122,"column":15}},{"start":{"line":109,"column":14},"end":{"line":122,"column":15}}],"line":109},"11":{"loc":{"start":{"line":116,"column":25},"end":{"line":116,"column":43}},"type":"binary-expr","locations":[{"start":{"line":116,"column":25},"end":{"line":116,"column":37}},{"start":{"line":116,"column":41},"end":{"line":116,"column":43}}],"line":116}},"s":{"0":0,"1":0,"2":0,"3":0,"4":0,"5":0,"6":0,"7":0,"8":0,"9":0,"10":0,"11":0,"12":0,"13":0,"14":0,"15":0,"16":0,"17":0,"18":0,"19":0,"20":0,"21":0,"22":0,"23":0,"24":0,"25":0,"26":0,"27":0,"28":0,"29":0,"30":0,"31":0,"32":0,"33":0,"34":0,"35":0,"36":0,"37":0,"38":0,"39":0,"40":0,"41":0,"42":0,"43":0,"44":0,"45":0,"46":0,"47":0,"48":0,"49":0,"50":0,"51":0,"52":0,"53":0,"54":0,"55":0,"56":0,"57":0,"58":0,"59":0,"60":0,"61":0,"62":0,"63":0,"64":0,"65":0,"66":0,"67":0,"68":0,"69":0,"70":0,"71":0,"72":0,"73":0,"74":0,"75":0,"76":0,"77":0,"78":0},"f":{"0":0,"1":0,"2":0,"3":0,"4":0,"5":0,"6":0,"7":0,"8":0,"9":0,"10":0,"11":0,"12":0,"13":0,"14":0,"15":0,"16":0,"17":0,"18":0,"19":0},"b":{"0":[0,0],"1":[0,0],"2":[0,0],"3":[0,0],"4":[0,0],"5":[0,0],"6":[0,0],"7":[0,0,0,0,0,0],"8":[0,0],"9":[0,0],"10":[0,0],"11":[0,0]}},"/Library/WebServer/Documents/open-data/src/schemas/airQualityMonitoringStation/index.js":{"path":"/Library/WebServer/Documents/open-data/src/schemas/airQualityMonitoringStation/index.js","statementMap":{"0":{"start":{"line":3,"column":0},"end":{"line":5,"column":3}},"1":{"start":{"line":7,"column":38},"end":{"line":7,"column":81}},"2":{"start":{"line":9,"column":39},"end":{"line":9,"column":94}},"3":{"start":{"line":11,"column":39},"end":{"line":11,"column":93}},"4":{"start":{"line":13,"column":0},"end":{"line":17,"column":2}}},"fnMap":{"0":{"name":"_interopRequireDefault","decl":{"start":{"line":11,"column":9},"end":{"line":11,"column":31}},"loc":{"start":{"line":11,"column":37},"end":{"line":11,"column":95}},"line":11}},"branchMap":{"0":{"loc":{"start":{"line":11,"column":46},"end":{"line":11,"column":92}},"type":"cond-expr","locations":[{"start":{"line":11,"column":70},"end":{"line":11,"column":73}},{"start":{"line":11,"column":76},"end":{"line":11,"column":92}}],"line":11},"1":{"loc":{"start":{"line":11,"column":46},"end":{"line":11,"column":67}},"type":"binary-expr","locations":[{"start":{"line":11,"column":46},"end":{"line":11,"column":49}},{"start":{"line":11,"column":53},"end":{"line":11,"column":67}}],"line":11}},"s":{"0":0,"1":0,"2":0,"3":0,"4":0},"f":{"0":0},"b":{"0":[0,0],"1":[0,0]}},"/Library/WebServer/Documents/open-data/src/schemas/countyFields.js":{"path":"/Library/WebServer/Documents/open-data/src/schemas/countyFields.js","statementMap":{"0":{"start":{"line":3,"column":0},"end":{"line":5,"column":3}},"1":{"start":{"line":6,"column":0},"end":{"line":6,"column":43}},"2":{"start":{"line":8,"column":15},"end":{"line":8,"column":33}},"3":{"start":{"line":10,"column":15},"end":{"line":10,"column":42}},"4":{"start":{"line":12,"column":16},"end":{"line":12,"column":48}},"5":{"start":{"line":14,"column":24},"end":{"line":14,"column":62}},"6":{"start":{"line":16,"column":25},"end":{"line":16,"column":66}},"7":{"start":{"line":18,"column":19},"end":{"line":18,"column":50}},"8":{"start":{"line":20,"column":20},"end":{"line":20,"column":56}},"9":{"start":{"line":22,"column":16},"end":{"line":22,"column":48}},"10":{"start":{"line":24,"column":17},"end":{"line":24,"column":50}},"11":{"start":{"line":26,"column":39},"end":{"line":26,"column":93}},"12":{"start":{"line":28,"column":33},"end":{"line":28,"column":456}},"13":{"start":{"line":28,"column":64},"end":{"line":28,"column":89}},"14":{"start":{"line":28,"column":91},"end":{"line":28,"column":453}},"15":{"start":{"line":28,"column":165},"end":{"line":28,"column":263}},"16":{"start":{"line":28,"column":182},"end":{"line":28,"column":195}},"17":{"start":{"line":28,"column":209},"end":{"line":28,"column":219}},"18":{"start":{"line":28,"column":239},"end":{"line":28,"column":253}},"19":{"start":{"line":28,"column":254},"end":{"line":28,"column":261}},"20":{"start":{"line":28,"column":264},"end":{"line":28,"column":426}},"21":{"start":{"line":28,"column":281},"end":{"line":28,"column":296}},"22":{"start":{"line":28,"column":306},"end":{"line":28,"column":424}},"23":{"start":{"line":28,"column":360},"end":{"line":28,"column":380}},"24":{"start":{"line":28,"column":401},"end":{"line":28,"column":420}},"25":{"start":{"line":28,"column":429},"end":{"line":28,"column":449}},"26":{"start":{"line":30,"column":0},"end":{"line":44,"column":2}},"27":{"start":{"line":31,"column":2},"end":{"line":43,"column":4}},"28":{"start":{"line":36,"column":21},"end":{"line":36,"column":54}},"29":{"start":{"line":38,"column":8},"end":{"line":38,"column":147}},"30":{"start":{"line":38,"column":65},"end":{"line":38,"column":147}},"31":{"start":{"line":40,"column":8},"end":{"line":40,"column":22}},"32":{"start":{"line":46,"column":11},"end":{"line":54,"column":1}},"33":{"start":{"line":56,"column":14},"end":{"line":117,"column":1}},"34":{"start":{"line":57,"column":12},"end":{"line":57,"column":88}},"35":{"start":{"line":58,"column":2},"end":{"line":116,"column":6}},"36":{"start":{"line":59,"column":15},"end":{"line":111,"column":7}},"37":{"start":{"line":60,"column":21},"end":{"line":60,"column":35}},"38":{"start":{"line":64,"column":6},"end":{"line":110,"column":40}},"39":{"start":{"line":65,"column":8},"end":{"line":109,"column":9}},"40":{"start":{"line":66,"column":10},"end":{"line":108,"column":11}},"41":{"start":{"line":68,"column":14},"end":{"line":68,"column":32}},"42":{"start":{"line":69,"column":14},"end":{"line":69,"column":32}},"43":{"start":{"line":70,"column":14},"end":{"line":70,"column":47}},"44":{"start":{"line":73,"column":14},"end":{"line":73,"column":36}},"45":{"start":{"line":74,"column":14},"end":{"line":74,"column":44}},"46":{"start":{"line":75,"column":14},"end":{"line":75,"column":33}},"47":{"start":{"line":77,"column":14},"end":{"line":80,"column":15}},"48":{"start":{"line":78,"column":16},"end":{"line":78,"column":34}},"49":{"start":{"line":79,"column":16},"end":{"line":79,"column":22}},"50":{"start":{"line":82,"column":14},"end":{"line":84,"column":17}},"51":{"start":{"line":83,"column":16},"end":{"line":83,"column":50}},"52":{"start":{"line":85,"column":14},"end":{"line":90,"column":17}},"53":{"start":{"line":88,"column":18},"end":{"line":88,"column":82}},"54":{"start":{"line":93,"column":14},"end":{"line":96,"column":17}},"55":{"start":{"line":99,"column":14},"end":{"line":99,"column":33}},"56":{"start":{"line":100,"column":14},"end":{"line":100,"column":49}},"57":{"start":{"line":102,"column":14},"end":{"line":102,"column":39}},"58":{"start":{"line":103,"column":14},"end":{"line":103,"column":51}},"59":{"start":{"line":107,"column":14},"end":{"line":107,"column":37}},"60":{"start":{"line":113,"column":4},"end":{"line":115,"column":6}},"61":{"start":{"line":114,"column":6},"end":{"line":114,"column":41}}},"fnMap":{"0":{"name":"_interopRequireDefault","decl":{"start":{"line":26,"column":9},"end":{"line":26,"column":31}},"loc":{"start":{"line":26,"column":37},"end":{"line":26,"column":95}},"line":26},"1":{"name":"_asyncToGenerator","decl":{"start":{"line":28,"column":9},"end":{"line":28,"column":26}},"loc":{"start":{"line":28,"column":31},"end":{"line":28,"column":458}},"line":28},"2":{"name":"(anonymous_2)","decl":{"start":{"line":28,"column":40},"end":{"line":28,"column":41}},"loc":{"start":{"line":28,"column":52},"end":{"line":28,"column":455}},"line":28},"3":{"name":"(anonymous_3)","decl":{"start":{"line":28,"column":110},"end":{"line":28,"column":111}},"loc":{"start":{"line":28,"column":137},"end":{"line":28,"column":451}},"line":28},"4":{"name":"step","decl":{"start":{"line":28,"column":148},"end":{"line":28,"column":152}},"loc":{"start":{"line":28,"column":163},"end":{"line":28,"column":428}},"line":28},"5":{"name":"(anonymous_5)","decl":{"start":{"line":28,"column":341},"end":{"line":28,"column":342}},"loc":{"start":{"line":28,"column":358},"end":{"line":28,"column":382}},"line":28},"6":{"name":"(anonymous_6)","decl":{"start":{"line":28,"column":384},"end":{"line":28,"column":385}},"loc":{"start":{"line":28,"column":399},"end":{"line":28,"column":422}},"line":28},"7":{"name":"(anonymous_7)","decl":{"start":{"line":30,"column":18},"end":{"line":30,"column":19}},"loc":{"start":{"line":30,"column":33},"end":{"line":44,"column":1}},"line":30},"8":{"name":"resolve","decl":{"start":{"line":35,"column":24},"end":{"line":35,"column":31}},"loc":{"start":{"line":35,"column":38},"end":{"line":41,"column":7}},"line":35},"9":{"name":"resolve","decl":{"start":{"line":56,"column":41},"end":{"line":56,"column":48}},"loc":{"start":{"line":56,"column":58},"end":{"line":117,"column":1}},"line":56},"10":{"name":"(anonymous_10)","decl":{"start":{"line":58,"column":9},"end":{"line":58,"column":10}},"loc":{"start":{"line":58,"column":21},"end":{"line":116,"column":3}},"line":58},"11":{"name":"_callee","decl":{"start":{"line":59,"column":66},"end":{"line":59,"column":73}},"loc":{"start":{"line":59,"column":92},"end":{"line":111,"column":5}},"line":59},"12":{"name":"_callee$","decl":{"start":{"line":64,"column":46},"end":{"line":64,"column":54}},"loc":{"start":{"line":64,"column":65},"end":{"line":110,"column":7}},"line":64},"13":{"name":"(anonymous_13)","decl":{"start":{"line":82,"column":45},"end":{"line":82,"column":46}},"loc":{"start":{"line":82,"column":63},"end":{"line":84,"column":15}},"line":82},"14":{"name":"(anonymous_14)","decl":{"start":{"line":87,"column":43},"end":{"line":87,"column":44}},"loc":{"start":{"line":87,"column":56},"end":{"line":89,"column":17}},"line":87},"15":{"name":"(anonymous_15)","decl":{"start":{"line":113,"column":11},"end":{"line":113,"column":12}},"loc":{"start":{"line":113,"column":36},"end":{"line":115,"column":5}},"line":113}},"branchMap":{"0":{"loc":{"start":{"line":26,"column":46},"end":{"line":26,"column":92}},"type":"cond-expr","locations":[{"start":{"line":26,"column":70},"end":{"line":26,"column":73}},{"start":{"line":26,"column":76},"end":{"line":26,"column":92}}],"line":26},"1":{"loc":{"start":{"line":26,"column":46},"end":{"line":26,"column":67}},"type":"binary-expr","locations":[{"start":{"line":26,"column":46},"end":{"line":26,"column":49}},{"start":{"line":26,"column":53},"end":{"line":26,"column":67}}],"line":26},"2":{"loc":{"start":{"line":28,"column":264},"end":{"line":28,"column":426}},"type":"if","locations":[{"start":{"line":28,"column":264},"end":{"line":28,"column":426}},{"start":{"line":28,"column":264},"end":{"line":28,"column":426}}],"line":28},"3":{"loc":{"start":{"line":38,"column":8},"end":{"line":38,"column":147}},"type":"if","locations":[{"start":{"line":38,"column":8},"end":{"line":38,"column":147}},{"start":{"line":38,"column":8},"end":{"line":38,"column":147}}],"line":38},"4":{"loc":{"start":{"line":57,"column":12},"end":{"line":57,"column":88}},"type":"cond-expr","locations":[{"start":{"line":57,"column":65},"end":{"line":57,"column":77}},{"start":{"line":57,"column":80},"end":{"line":57,"column":88}}],"line":57},"5":{"loc":{"start":{"line":57,"column":12},"end":{"line":57,"column":62}},"type":"binary-expr","locations":[{"start":{"line":57,"column":12},"end":{"line":57,"column":32}},{"start":{"line":57,"column":36},"end":{"line":57,"column":62}}],"line":57},"6":{"loc":{"start":{"line":66,"column":10},"end":{"line":108,"column":11}},"type":"switch","locations":[{"start":{"line":67,"column":12},"end":{"line":70,"column":47}},{"start":{"line":72,"column":12},"end":{"line":90,"column":17}},{"start":{"line":92,"column":12},"end":{"line":96,"column":17}},{"start":{"line":98,"column":12},"end":{"line":103,"column":51}},{"start":{"line":105,"column":12},"end":{"line":105,"column":20}},{"start":{"line":106,"column":12},"end":{"line":107,"column":37}}],"line":66},"7":{"loc":{"start":{"line":77,"column":14},"end":{"line":80,"column":15}},"type":"if","locations":[{"start":{"line":77,"column":14},"end":{"line":80,"column":15}},{"start":{"line":77,"column":14},"end":{"line":80,"column":15}}],"line":77},"8":{"loc":{"start":{"line":87,"column":23},"end":{"line":87,"column":34}},"type":"binary-expr","locations":[{"start":{"line":87,"column":23},"end":{"line":87,"column":28}},{"start":{"line":87,"column":32},"end":{"line":87,"column":34}}],"line":87}},"s":{"0":0,"1":0,"2":0,"3":0,"4":0,"5":0,"6":0,"7":0,"8":0,"9":0,"10":0,"11":0,"12":0,"13":0,"14":0,"15":0,"16":0,"17":0,"18":0,"19":0,"20":0,"21":0,"22":0,"23":0,"24":0,"25":0,"26":0,"27":0,"28":0,"29":0,"30":0,"31":0,"32":0,"33":0,"34":0,"35":0,"36":0,"37":0,"38":0,"39":0,"40":0,"41":0,"42":0,"43":0,"44":0,"45":0,"46":0,"47":0,"48":0,"49":0,"50":0,"51":0,"52":0,"53":0,"54":0,"55":0,"56":0,"57":0,"58":0,"59":0,"60":0,"61":0},"f":{"0":0,"1":0,"2":0,"3":0,"4":0,"5":0,"6":0,"7":0,"8":0,"9":0,"10":0,"11":0,"12":0,"13":0,"14":0,"15":0},"b":{"0":[0,0],"1":[0,0],"2":[0,0],"3":[0,0],"4":[0,0],"5":[0,0],"6":[0,0,0,0,0,0],"7":[0,0],"8":[0,0]}},"/Library/WebServer/Documents/open-data/src/schemas/fields.js":{"path":"/Library/WebServer/Documents/open-data/src/schemas/fields.js","statementMap":{"0":{"start":{"line":3,"column":0},"end":{"line":5,"column":3}},"1":{"start":{"line":6,"column":0},"end":{"line":6,"column":31}},"2":{"start":{"line":8,"column":15},"end":{"line":8,"column":33}},"3":{"start":{"line":10,"column":20},"end":{"line":10,"column":44}},"4":{"start":{"line":12,"column":14},"end":{"line":12,"column":31}},"5":{"start":{"line":14,"column":15},"end":{"line":14,"column":46}},"6":{"start":{"line":16,"column":39},"end":{"line":16,"column":93}},"7":{"start":{"line":18,"column":0},"end":{"line":30,"column":3}},"8":{"start":{"line":20,"column":22},"end":{"line":20,"column":63}},"9":{"start":{"line":21,"column":13},"end":{"line":21,"column":31}},"10":{"start":{"line":23,"column":2},"end":{"line":26,"column":3}},"11":{"start":{"line":25,"column":6},"end":{"line":25,"column":18}},"12":{"start":{"line":29,"column":2},"end":{"line":29,"column":14}},"13":{"start":{"line":31,"column":17},"end":{"line":48,"column":1}},"14":{"start":{"line":32,"column":13},"end":{"line":32,"column":87}},"15":{"start":{"line":33,"column":2},"end":{"line":47,"column":4}},"16":{"start":{"line":43,"column":23},"end":{"line":43,"column":38}},"17":{"start":{"line":44,"column":29},"end":{"line":44,"column":51}},"18":{"start":{"line":45,"column":6},"end":{"line":45,"column":160}}},"fnMap":{"0":{"name":"_interopRequireDefault","decl":{"start":{"line":16,"column":9},"end":{"line":16,"column":31}},"loc":{"start":{"line":16,"column":37},"end":{"line":16,"column":95}},"line":16},"1":{"name":"(anonymous_1)","decl":{"start":{"line":18,"column":53},"end":{"line":18,"column":54}},"loc":{"start":{"line":18,"column":78},"end":{"line":27,"column":1}},"line":18},"2":{"name":"(anonymous_2)","decl":{"start":{"line":27,"column":3},"end":{"line":27,"column":4}},"loc":{"start":{"line":27,"column":18},"end":{"line":30,"column":1}},"line":27},"3":{"name":"updateTime","decl":{"start":{"line":31,"column":47},"end":{"line":31,"column":57}},"loc":{"start":{"line":31,"column":60},"end":{"line":48,"column":1}},"line":31},"4":{"name":"resolve","decl":{"start":{"line":42,"column":22},"end":{"line":42,"column":29}},"loc":{"start":{"line":42,"column":43},"end":{"line":46,"column":5}},"line":42}},"branchMap":{"0":{"loc":{"start":{"line":16,"column":46},"end":{"line":16,"column":92}},"type":"cond-expr","locations":[{"start":{"line":16,"column":70},"end":{"line":16,"column":73}},{"start":{"line":16,"column":76},"end":{"line":16,"column":92}}],"line":16},"1":{"loc":{"start":{"line":16,"column":46},"end":{"line":16,"column":67}},"type":"binary-expr","locations":[{"start":{"line":16,"column":46},"end":{"line":16,"column":49}},{"start":{"line":16,"column":53},"end":{"line":16,"column":67}}],"line":16},"2":{"loc":{"start":{"line":23,"column":2},"end":{"line":26,"column":3}},"type":"switch","locations":[{"start":{"line":24,"column":4},"end":{"line":25,"column":18}}],"line":23},"3":{"loc":{"start":{"line":32,"column":13},"end":{"line":32,"column":87}},"type":"cond-expr","locations":[{"start":{"line":32,"column":66},"end":{"line":32,"column":78}},{"start":{"line":32,"column":81},"end":{"line":32,"column":87}}],"line":32},"4":{"loc":{"start":{"line":32,"column":13},"end":{"line":32,"column":63}},"type":"binary-expr","locations":[{"start":{"line":32,"column":13},"end":{"line":32,"column":33}},{"start":{"line":32,"column":37},"end":{"line":32,"column":63}}],"line":32},"5":{"loc":{"start":{"line":45,"column":13},"end":{"line":45,"column":159}},"type":"cond-expr","locations":[{"start":{"line":45,"column":32},"end":{"line":45,"column":90}},{"start":{"line":45,"column":93},"end":{"line":45,"column":159}}],"line":45}},"s":{"0":0,"1":0,"2":0,"3":0,"4":0,"5":0,"6":0,"7":0,"8":0,"9":0,"10":0,"11":0,"12":0,"13":0,"14":0,"15":0,"16":0,"17":0,"18":0},"f":{"0":0,"1":0,"2":0,"3":0,"4":0},"b":{"0":[0,0],"1":[0,0],"2":[0],"3":[0,0],"4":[0,0],"5":[0,0]}},"/Library/WebServer/Documents/open-data/src/schemas/geoFields.js":{"path":"/Library/WebServer/Documents/open-data/src/schemas/geoFields.js","statementMap":{"0":{"start":{"line":3,"column":0},"end":{"line":5,"column":3}},"1":{"start":{"line":6,"column":0},"end":{"line":6,"column":43}},"2":{"start":{"line":8,"column":15},"end":{"line":8,"column":33}},"3":{"start":{"line":10,"column":14},"end":{"line":10,"column":31}},"4":{"start":{"line":12,"column":35},"end":{"line":12,"column":193}},"5":{"start":{"line":12,"column":61},"end":{"line":12,"column":145}},"6":{"start":{"line":12,"column":126},"end":{"line":12,"column":143}},"7":{"start":{"line":12,"column":146},"end":{"line":12,"column":158}},"8":{"start":{"line":12,"column":168},"end":{"line":12,"column":191}},"9":{"start":{"line":14,"column":33},"end":{"line":14,"column":456}},"10":{"start":{"line":14,"column":64},"end":{"line":14,"column":89}},"11":{"start":{"line":14,"column":91},"end":{"line":14,"column":453}},"12":{"start":{"line":14,"column":165},"end":{"line":14,"column":263}},"13":{"start":{"line":14,"column":182},"end":{"line":14,"column":195}},"14":{"start":{"line":14,"column":209},"end":{"line":14,"column":219}},"15":{"start":{"line":14,"column":239},"end":{"line":14,"column":253}},"16":{"start":{"line":14,"column":254},"end":{"line":14,"column":261}},"17":{"start":{"line":14,"column":264},"end":{"line":14,"column":426}},"18":{"start":{"line":14,"column":281},"end":{"line":14,"column":296}},"19":{"start":{"line":14,"column":306},"end":{"line":14,"column":424}},"20":{"start":{"line":14,"column":360},"end":{"line":14,"column":380}},"21":{"start":{"line":14,"column":401},"end":{"line":14,"column":420}},"22":{"start":{"line":14,"column":429},"end":{"line":14,"column":449}},"23":{"start":{"line":16,"column":0},"end":{"line":35,"column":2}},"24":{"start":{"line":17,"column":15},"end":{"line":17,"column":26}},"25":{"start":{"line":18,"column":15},"end":{"line":18,"column":26}},"26":{"start":{"line":19,"column":2},"end":{"line":34,"column":4}},"27":{"start":{"line":24,"column":8},"end":{"line":24,"column":40}},"28":{"start":{"line":31,"column":8},"end":{"line":31,"column":40}},"29":{"start":{"line":37,"column":11},"end":{"line":58,"column":1}},"30":{"start":{"line":60,"column":14},"end":{"line":132,"column":1}},"31":{"start":{"line":61,"column":13},"end":{"line":64,"column":3}},"32":{"start":{"line":65,"column":2},"end":{"line":131,"column":6}},"33":{"start":{"line":66,"column":16},"end":{"line":126,"column":7}},"34":{"start":{"line":67,"column":16},"end":{"line":67,"column":25}},"35":{"start":{"line":71,"column":6},"end":{"line":125,"column":40}},"36":{"start":{"line":72,"column":8},"end":{"line":124,"column":9}},"37":{"start":{"line":73,"column":10},"end":{"line":123,"column":11}},"38":{"start":{"line":75,"column":14},"end":{"line":75,"column":32}},"39":{"start":{"line":76,"column":14},"end":{"line":76,"column":57}},"40":{"start":{"line":77,"column":14},"end":{"line":77,"column":32}},"41":{"start":{"line":78,"column":14},"end":{"line":78,"column":47}},"42":{"start":{"line":81,"column":14},"end":{"line":81,"column":36}},"43":{"start":{"line":82,"column":14},"end":{"line":82,"column":44}},"44":{"start":{"line":83,"column":14},"end":{"line":83,"column":33}},"45":{"start":{"line":85,"column":14},"end":{"line":88,"column":15}},"46":{"start":{"line":86,"column":16},"end":{"line":86,"column":35}},"47":{"start":{"line":87,"column":16},"end":{"line":87,"column":22}},"48":{"start":{"line":90,"column":14},"end":{"line":90,"column":61}},"49":{"start":{"line":92,"column":14},"end":{"line":100,"column":17}},"50":{"start":{"line":93,"column":26},"end":{"line":93,"column":35}},"51":{"start":{"line":94,"column":26},"end":{"line":94,"column":35}},"52":{"start":{"line":95,"column":28},"end":{"line":95,"column":39}},"53":{"start":{"line":97,"column":16},"end":{"line":99,"column":21}},"54":{"start":{"line":98,"column":18},"end":{"line":98,"column":164}},"55":{"start":{"line":102,"column":14},"end":{"line":105,"column":17}},"56":{"start":{"line":108,"column":14},"end":{"line":111,"column":17}},"57":{"start":{"line":114,"column":14},"end":{"line":114,"column":33}},"58":{"start":{"line":115,"column":14},"end":{"line":115,"column":49}},"59":{"start":{"line":117,"column":14},"end":{"line":117,"column":39}},"60":{"start":{"line":118,"column":14},"end":{"line":118,"column":51}},"61":{"start":{"line":122,"column":14},"end":{"line":122,"column":37}},"62":{"start":{"line":128,"column":4},"end":{"line":130,"column":6}},"63":{"start":{"line":129,"column":6},"end":{"line":129,"column":42}}},"fnMap":{"0":{"name":"_toConsumableArray","decl":{"start":{"line":12,"column":9},"end":{"line":12,"column":27}},"loc":{"start":{"line":12,"column":33},"end":{"line":12,"column":195}},"line":12},"1":{"name":"_asyncToGenerator","decl":{"start":{"line":14,"column":9},"end":{"line":14,"column":26}},"loc":{"start":{"line":14,"column":31},"end":{"line":14,"column":458}},"line":14},"2":{"name":"(anonymous_2)","decl":{"start":{"line":14,"column":40},"end":{"line":14,"column":41}},"loc":{"start":{"line":14,"column":52},"end":{"line":14,"column":455}},"line":14},"3":{"name":"(anonymous_3)","decl":{"start":{"line":14,"column":110},"end":{"line":14,"column":111}},"loc":{"start":{"line":14,"column":137},"end":{"line":14,"column":451}},"line":14},"4":{"name":"step","decl":{"start":{"line":14,"column":148},"end":{"line":14,"column":152}},"loc":{"start":{"line":14,"column":163},"end":{"line":14,"column":428}},"line":14},"5":{"name":"(anonymous_5)","decl":{"start":{"line":14,"column":341},"end":{"line":14,"column":342}},"loc":{"start":{"line":14,"column":358},"end":{"line":14,"column":382}},"line":14},"6":{"name":"(anonymous_6)","decl":{"start":{"line":14,"column":384},"end":{"line":14,"column":385}},"loc":{"start":{"line":14,"column":399},"end":{"line":14,"column":422}},"line":14},"7":{"name":"(anonymous_7)","decl":{"start":{"line":16,"column":18},"end":{"line":16,"column":19}},"loc":{"start":{"line":16,"column":34},"end":{"line":35,"column":1}},"line":16},"8":{"name":"resolve","decl":{"start":{"line":23,"column":24},"end":{"line":23,"column":31}},"loc":{"start":{"line":23,"column":38},"end":{"line":25,"column":7}},"line":23},"9":{"name":"resolve","decl":{"start":{"line":30,"column":24},"end":{"line":30,"column":31}},"loc":{"start":{"line":30,"column":38},"end":{"line":32,"column":7}},"line":30},"10":{"name":"resolve","decl":{"start":{"line":60,"column":41},"end":{"line":60,"column":48}},"loc":{"start":{"line":60,"column":58},"end":{"line":132,"column":1}},"line":60},"11":{"name":"(anonymous_11)","decl":{"start":{"line":65,"column":9},"end":{"line":65,"column":10}},"loc":{"start":{"line":65,"column":21},"end":{"line":131,"column":3}},"line":65},"12":{"name":"_callee","decl":{"start":{"line":66,"column":67},"end":{"line":66,"column":74}},"loc":{"start":{"line":66,"column":93},"end":{"line":126,"column":5}},"line":66},"13":{"name":"_callee$","decl":{"start":{"line":71,"column":46},"end":{"line":71,"column":54}},"loc":{"start":{"line":71,"column":65},"end":{"line":125,"column":7}},"line":71},"14":{"name":"(anonymous_14)","decl":{"start":{"line":92,"column":26},"end":{"line":92,"column":27}},"loc":{"start":{"line":92,"column":43},"end":{"line":100,"column":15}},"line":92},"15":{"name":"(anonymous_15)","decl":{"start":{"line":97,"column":76},"end":{"line":97,"column":77}},"loc":{"start":{"line":97,"column":89},"end":{"line":99,"column":17}},"line":97},"16":{"name":"(anonymous_16)","decl":{"start":{"line":128,"column":11},"end":{"line":128,"column":12}},"loc":{"start":{"line":128,"column":36},"end":{"line":130,"column":5}},"line":128}},"branchMap":{"0":{"loc":{"start":{"line":12,"column":35},"end":{"line":12,"column":193}},"type":"if","locations":[{"start":{"line":12,"column":35},"end":{"line":12,"column":193}},{"start":{"line":12,"column":35},"end":{"line":12,"column":193}}],"line":12},"1":{"loc":{"start":{"line":14,"column":264},"end":{"line":14,"column":426}},"type":"if","locations":[{"start":{"line":14,"column":264},"end":{"line":14,"column":426}},{"start":{"line":14,"column":264},"end":{"line":14,"column":426}}],"line":14},"2":{"loc":{"start":{"line":61,"column":13},"end":{"line":64,"column":3}},"type":"cond-expr","locations":[{"start":{"line":61,"column":66},"end":{"line":61,"column":78}},{"start":{"line":61,"column":81},"end":{"line":64,"column":3}}],"line":61},"3":{"loc":{"start":{"line":61,"column":13},"end":{"line":61,"column":63}},"type":"binary-expr","locations":[{"start":{"line":61,"column":13},"end":{"line":61,"column":33}},{"start":{"line":61,"column":37},"end":{"line":61,"column":63}}],"line":61},"4":{"loc":{"start":{"line":73,"column":10},"end":{"line":123,"column":11}},"type":"switch","locations":[{"start":{"line":74,"column":12},"end":{"line":78,"column":47}},{"start":{"line":80,"column":12},"end":{"line":105,"column":17}},{"start":{"line":107,"column":12},"end":{"line":111,"column":17}},{"start":{"line":113,"column":12},"end":{"line":118,"column":51}},{"start":{"line":120,"column":12},"end":{"line":120,"column":20}},{"start":{"line":121,"column":12},"end":{"line":122,"column":37}}],"line":73},"5":{"loc":{"start":{"line":85,"column":14},"end":{"line":88,"column":15}},"type":"if","locations":[{"start":{"line":85,"column":14},"end":{"line":88,"column":15}},{"start":{"line":85,"column":14},"end":{"line":88,"column":15}}],"line":85},"6":{"loc":{"start":{"line":97,"column":56},"end":{"line":97,"column":67}},"type":"binary-expr","locations":[{"start":{"line":97,"column":56},"end":{"line":97,"column":61}},{"start":{"line":97,"column":65},"end":{"line":97,"column":67}}],"line":97}},"s":{"0":0,"1":0,"2":0,"3":0,"4":0,"5":0,"6":0,"7":0,"8":0,"9":0,"10":0,"11":0,"12":0,"13":0,"14":0,"15":0,"16":0,"17":0,"18":0,"19":0,"20":0,"21":0,"22":0,"23":0,"24":0,"25":0,"26":0,"27":0,"28":0,"29":0,"30":0,"31":0,"32":0,"33":0,"34":0,"35":0,"36":0,"37":0,"38":0,"39":0,"40":0,"41":0,"42":0,"43":0,"44":0,"45":0,"46":0,"47":0,"48":0,"49":0,"50":0,"51":0,"52":0,"53":0,"54":0,"55":0,"56":0,"57":0,"58":0,"59":0,"60":0,"61":0,"62":0,"63":0},"f":{"0":0,"1":0,"2":0,"3":0,"4":0,"5":0,"6":0,"7":0,"8":0,"9":0,"10":0,"11":0,"12":0,"13":0,"14":0,"15":0,"16":0},"b":{"0":[0,0],"1":[0,0],"2":[0,0],"3":[0,0],"4":[0,0,0,0,0,0],"5":[0,0],"6":[0,0]}},"/Library/WebServer/Documents/open-data/src/schemas/schema.js":{"path":"/Library/WebServer/Documents/open-data/src/schemas/schema.js","statementMap":{"0":{"start":{"line":3,"column":0},"end":{"line":5,"column":3}},"1":{"start":{"line":7,"column":15},"end":{"line":7,"column":256}},"2":{"start":{"line":7,"column":52},"end":{"line":7,"column":239}},"3":{"start":{"line":7,"column":110},"end":{"line":7,"column":122}},"4":{"start":{"line":7,"column":124},"end":{"line":7,"column":237}},"5":{"start":{"line":7,"column":150},"end":{"line":7,"column":235}},"6":{"start":{"line":7,"column":207},"end":{"line":7,"column":233}},"7":{"start":{"line":7,"column":240},"end":{"line":7,"column":254}},"8":{"start":{"line":9,"column":10},"end":{"line":9,"column":23}},"9":{"start":{"line":11,"column":11},"end":{"line":11,"column":38}},"10":{"start":{"line":13,"column":12},"end":{"line":13,"column":27}},"11":{"start":{"line":15,"column":13},"end":{"line":15,"column":42}},"12":{"start":{"line":17,"column":15},"end":{"line":17,"column":33}},"13":{"start":{"line":19,"column":39},"end":{"line":19,"column":93}},"14":{"start":{"line":21,"column":12},"end":{"line":21,"column":14}},"15":{"start":{"line":23,"column":0},"end":{"line":32,"column":3}},"16":{"start":{"line":24,"column":2},"end":{"line":24,"column":52}},"17":{"start":{"line":26,"column":2},"end":{"line":26,"column":101}},"18":{"start":{"line":26,"column":94},"end":{"line":26,"column":101}},"19":{"start":{"line":28,"column":13},"end":{"line":28,"column":36}},"20":{"start":{"line":29,"column":15},"end":{"line":29,"column":67}},"21":{"start":{"line":31,"column":2},"end":{"line":31,"column":44}},"22":{"start":{"line":34,"column":0},"end":{"line":40,"column":3}}},"fnMap":{"0":{"name":"(anonymous_0)","decl":{"start":{"line":7,"column":32},"end":{"line":7,"column":33}},"loc":{"start":{"line":7,"column":50},"end":{"line":7,"column":256}},"line":7},"1":{"name":"_interopRequireDefault","decl":{"start":{"line":19,"column":9},"end":{"line":19,"column":31}},"loc":{"start":{"line":19,"column":37},"end":{"line":19,"column":95}},"line":19},"2":{"name":"(anonymous_2)","decl":{"start":{"line":23,"column":43},"end":{"line":23,"column":44}},"loc":{"start":{"line":23,"column":59},"end":{"line":25,"column":1}},"line":23},"3":{"name":"(anonymous_3)","decl":{"start":{"line":25,"column":11},"end":{"line":25,"column":12}},"loc":{"start":{"line":25,"column":27},"end":{"line":32,"column":1}},"line":25}},"branchMap":{"0":{"loc":{"start":{"line":7,"column":15},"end":{"line":7,"column":256}},"type":"binary-expr","locations":[{"start":{"line":7,"column":15},"end":{"line":7,"column":28}},{"start":{"line":7,"column":32},"end":{"line":7,"column":256}}],"line":7},"1":{"loc":{"start":{"line":7,"column":150},"end":{"line":7,"column":235}},"type":"if","locations":[{"start":{"line":7,"column":150},"end":{"line":7,"column":235}},{"start":{"line":7,"column":150},"end":{"line":7,"column":235}}],"line":7},"2":{"loc":{"start":{"line":19,"column":46},"end":{"line":19,"column":92}},"type":"cond-expr","locations":[{"start":{"line":19,"column":70},"end":{"line":19,"column":73}},{"start":{"line":19,"column":76},"end":{"line":19,"column":92}}],"line":19},"3":{"loc":{"start":{"line":19,"column":46},"end":{"line":19,"column":67}},"type":"binary-expr","locations":[{"start":{"line":19,"column":46},"end":{"line":19,"column":49}},{"start":{"line":19,"column":53},"end":{"line":19,"column":67}}],"line":19},"4":{"loc":{"start":{"line":24,"column":11},"end":{"line":24,"column":50}},"type":"binary-expr","locations":[{"start":{"line":24,"column":11},"end":{"line":24,"column":26}},{"start":{"line":24,"column":30},"end":{"line":24,"column":50}}],"line":24},"5":{"loc":{"start":{"line":26,"column":2},"end":{"line":26,"column":101}},"type":"if","locations":[{"start":{"line":26,"column":2},"end":{"line":26,"column":101}},{"start":{"line":26,"column":2},"end":{"line":26,"column":101}}],"line":26},"6":{"loc":{"start":{"line":29,"column":15},"end":{"line":29,"column":67}},"type":"binary-expr","locations":[{"start":{"line":29,"column":15},"end":{"line":29,"column":43}},{"start":{"line":29,"column":47},"end":{"line":29,"column":67}}],"line":29}},"s":{"0":0,"1":0,"2":0,"3":0,"4":0,"5":0,"6":0,"7":0,"8":0,"9":0,"10":0,"11":0,"12":0,"13":0,"14":0,"15":0,"16":0,"17":0,"18":0,"19":0,"20":0,"21":0,"22":0},"f":{"0":0,"1":0,"2":0,"3":0},"b":{"0":[0,0],"1":[0,0],"2":[0,0],"3":[0,0],"4":[0,0],"5":[0,0],"6":[0,0]}},"/Library/WebServer/Documents/open-data/src/schemas/townshipFields.js":{"path":"/Library/WebServer/Documents/open-data/src/schemas/townshipFields.js","statementMap":{"0":{"start":{"line":3,"column":0},"end":{"line":5,"column":3}},"1":{"start":{"line":6,"column":0},"end":{"line":6,"column":43}},"2":{"start":{"line":8,"column":15},"end":{"line":8,"column":33}},"3":{"start":{"line":10,"column":15},"end":{"line":10,"column":42}},"4":{"start":{"line":12,"column":16},"end":{"line":12,"column":48}},"5":{"start":{"line":14,"column":24},"end":{"line":14,"column":62}},"6":{"start":{"line":16,"column":25},"end":{"line":16,"column":66}},"7":{"start":{"line":18,"column":19},"end":{"line":18,"column":50}},"8":{"start":{"line":20,"column":20},"end":{"line":20,"column":56}},"9":{"start":{"line":22,"column":17},"end":{"line":22,"column":50}},"10":{"start":{"line":24,"column":18},"end":{"line":24,"column":52}},"11":{"start":{"line":26,"column":39},"end":{"line":26,"column":93}},"12":{"start":{"line":28,"column":33},"end":{"line":28,"column":456}},"13":{"start":{"line":28,"column":64},"end":{"line":28,"column":89}},"14":{"start":{"line":28,"column":91},"end":{"line":28,"column":453}},"15":{"start":{"line":28,"column":165},"end":{"line":28,"column":263}},"16":{"start":{"line":28,"column":182},"end":{"line":28,"column":195}},"17":{"start":{"line":28,"column":209},"end":{"line":28,"column":219}},"18":{"start":{"line":28,"column":239},"end":{"line":28,"column":253}},"19":{"start":{"line":28,"column":254},"end":{"line":28,"column":261}},"20":{"start":{"line":28,"column":264},"end":{"line":28,"column":426}},"21":{"start":{"line":28,"column":281},"end":{"line":28,"column":296}},"22":{"start":{"line":28,"column":306},"end":{"line":28,"column":424}},"23":{"start":{"line":28,"column":360},"end":{"line":28,"column":380}},"24":{"start":{"line":28,"column":401},"end":{"line":28,"column":420}},"25":{"start":{"line":28,"column":429},"end":{"line":28,"column":449}},"26":{"start":{"line":30,"column":0},"end":{"line":44,"column":2}},"27":{"start":{"line":31,"column":2},"end":{"line":43,"column":4}},"28":{"start":{"line":36,"column":23},"end":{"line":36,"column":56}},"29":{"start":{"line":38,"column":8},"end":{"line":38,"column":153}},"30":{"start":{"line":38,"column":68},"end":{"line":38,"column":153}},"31":{"start":{"line":40,"column":8},"end":{"line":40,"column":24}},"32":{"start":{"line":46,"column":11},"end":{"line":54,"column":1}},"33":{"start":{"line":56,"column":14},"end":{"line":117,"column":1}},"34":{"start":{"line":57,"column":12},"end":{"line":57,"column":90}},"35":{"start":{"line":58,"column":2},"end":{"line":116,"column":6}},"36":{"start":{"line":59,"column":15},"end":{"line":111,"column":7}},"37":{"start":{"line":60,"column":22},"end":{"line":60,"column":37}},"38":{"start":{"line":64,"column":6},"end":{"line":110,"column":40}},"39":{"start":{"line":65,"column":8},"end":{"line":109,"column":9}},"40":{"start":{"line":66,"column":10},"end":{"line":108,"column":11}},"41":{"start":{"line":68,"column":14},"end":{"line":68,"column":32}},"42":{"start":{"line":69,"column":14},"end":{"line":69,"column":32}},"43":{"start":{"line":70,"column":14},"end":{"line":70,"column":47}},"44":{"start":{"line":73,"column":14},"end":{"line":73,"column":36}},"45":{"start":{"line":74,"column":14},"end":{"line":74,"column":44}},"46":{"start":{"line":75,"column":14},"end":{"line":75,"column":33}},"47":{"start":{"line":77,"column":14},"end":{"line":80,"column":15}},"48":{"start":{"line":78,"column":16},"end":{"line":78,"column":34}},"49":{"start":{"line":79,"column":16},"end":{"line":79,"column":22}},"50":{"start":{"line":82,"column":14},"end":{"line":84,"column":17}},"51":{"start":{"line":83,"column":16},"end":{"line":83,"column":53}},"52":{"start":{"line":85,"column":14},"end":{"line":90,"column":17}},"53":{"start":{"line":88,"column":18},"end":{"line":88,"column":83}},"54":{"start":{"line":93,"column":14},"end":{"line":96,"column":17}},"55":{"start":{"line":99,"column":14},"end":{"line":99,"column":33}},"56":{"start":{"line":100,"column":14},"end":{"line":100,"column":49}},"57":{"start":{"line":102,"column":14},"end":{"line":102,"column":39}},"58":{"start":{"line":103,"column":14},"end":{"line":103,"column":51}},"59":{"start":{"line":107,"column":14},"end":{"line":107,"column":37}},"60":{"start":{"line":113,"column":4},"end":{"line":115,"column":6}},"61":{"start":{"line":114,"column":6},"end":{"line":114,"column":41}}},"fnMap":{"0":{"name":"_interopRequireDefault","decl":{"start":{"line":26,"column":9},"end":{"line":26,"column":31}},"loc":{"start":{"line":26,"column":37},"end":{"line":26,"column":95}},"line":26},"1":{"name":"_asyncToGenerator","decl":{"start":{"line":28,"column":9},"end":{"line":28,"column":26}},"loc":{"start":{"line":28,"column":31},"end":{"line":28,"column":458}},"line":28},"2":{"name":"(anonymous_2)","decl":{"start":{"line":28,"column":40},"end":{"line":28,"column":41}},"loc":{"start":{"line":28,"column":52},"end":{"line":28,"column":455}},"line":28},"3":{"name":"(anonymous_3)","decl":{"start":{"line":28,"column":110},"end":{"line":28,"column":111}},"loc":{"start":{"line":28,"column":137},"end":{"line":28,"column":451}},"line":28},"4":{"name":"step","decl":{"start":{"line":28,"column":148},"end":{"line":28,"column":152}},"loc":{"start":{"line":28,"column":163},"end":{"line":28,"column":428}},"line":28},"5":{"name":"(anonymous_5)","decl":{"start":{"line":28,"column":341},"end":{"line":28,"column":342}},"loc":{"start":{"line":28,"column":358},"end":{"line":28,"column":382}},"line":28},"6":{"name":"(anonymous_6)","decl":{"start":{"line":28,"column":384},"end":{"line":28,"column":385}},"loc":{"start":{"line":28,"column":399},"end":{"line":28,"column":422}},"line":28},"7":{"name":"(anonymous_7)","decl":{"start":{"line":30,"column":18},"end":{"line":30,"column":19}},"loc":{"start":{"line":30,"column":33},"end":{"line":44,"column":1}},"line":30},"8":{"name":"resolve","decl":{"start":{"line":35,"column":24},"end":{"line":35,"column":31}},"loc":{"start":{"line":35,"column":38},"end":{"line":41,"column":7}},"line":35},"9":{"name":"resolve","decl":{"start":{"line":56,"column":41},"end":{"line":56,"column":48}},"loc":{"start":{"line":56,"column":58},"end":{"line":117,"column":1}},"line":56},"10":{"name":"(anonymous_10)","decl":{"start":{"line":58,"column":9},"end":{"line":58,"column":10}},"loc":{"start":{"line":58,"column":21},"end":{"line":116,"column":3}},"line":58},"11":{"name":"_callee","decl":{"start":{"line":59,"column":66},"end":{"line":59,"column":73}},"loc":{"start":{"line":59,"column":92},"end":{"line":111,"column":5}},"line":59},"12":{"name":"_callee$","decl":{"start":{"line":64,"column":46},"end":{"line":64,"column":54}},"loc":{"start":{"line":64,"column":65},"end":{"line":110,"column":7}},"line":64},"13":{"name":"(anonymous_13)","decl":{"start":{"line":82,"column":47},"end":{"line":82,"column":48}},"loc":{"start":{"line":82,"column":67},"end":{"line":84,"column":15}},"line":82},"14":{"name":"(anonymous_14)","decl":{"start":{"line":87,"column":43},"end":{"line":87,"column":44}},"loc":{"start":{"line":87,"column":56},"end":{"line":89,"column":17}},"line":87},"15":{"name":"(anonymous_15)","decl":{"start":{"line":113,"column":11},"end":{"line":113,"column":12}},"loc":{"start":{"line":113,"column":36},"end":{"line":115,"column":5}},"line":113}},"branchMap":{"0":{"loc":{"start":{"line":26,"column":46},"end":{"line":26,"column":92}},"type":"cond-expr","locations":[{"start":{"line":26,"column":70},"end":{"line":26,"column":73}},{"start":{"line":26,"column":76},"end":{"line":26,"column":92}}],"line":26},"1":{"loc":{"start":{"line":26,"column":46},"end":{"line":26,"column":67}},"type":"binary-expr","locations":[{"start":{"line":26,"column":46},"end":{"line":26,"column":49}},{"start":{"line":26,"column":53},"end":{"line":26,"column":67}}],"line":26},"2":{"loc":{"start":{"line":28,"column":264},"end":{"line":28,"column":426}},"type":"if","locations":[{"start":{"line":28,"column":264},"end":{"line":28,"column":426}},{"start":{"line":28,"column":264},"end":{"line":28,"column":426}}],"line":28},"3":{"loc":{"start":{"line":38,"column":8},"end":{"line":38,"column":153}},"type":"if","locations":[{"start":{"line":38,"column":8},"end":{"line":38,"column":153}},{"start":{"line":38,"column":8},"end":{"line":38,"column":153}}],"line":38},"4":{"loc":{"start":{"line":57,"column":12},"end":{"line":57,"column":90}},"type":"cond-expr","locations":[{"start":{"line":57,"column":65},"end":{"line":57,"column":77}},{"start":{"line":57,"column":80},"end":{"line":57,"column":90}}],"line":57},"5":{"loc":{"start":{"line":57,"column":12},"end":{"line":57,"column":62}},"type":"binary-expr","locations":[{"start":{"line":57,"column":12},"end":{"line":57,"column":32}},{"start":{"line":57,"column":36},"end":{"line":57,"column":62}}],"line":57},"6":{"loc":{"start":{"line":66,"column":10},"end":{"line":108,"column":11}},"type":"switch","locations":[{"start":{"line":67,"column":12},"end":{"line":70,"column":47}},{"start":{"line":72,"column":12},"end":{"line":90,"column":17}},{"start":{"line":92,"column":12},"end":{"line":96,"column":17}},{"start":{"line":98,"column":12},"end":{"line":103,"column":51}},{"start":{"line":105,"column":12},"end":{"line":105,"column":20}},{"start":{"line":106,"column":12},"end":{"line":107,"column":37}}],"line":66},"7":{"loc":{"start":{"line":77,"column":14},"end":{"line":80,"column":15}},"type":"if","locations":[{"start":{"line":77,"column":14},"end":{"line":80,"column":15}},{"start":{"line":77,"column":14},"end":{"line":80,"column":15}}],"line":77},"8":{"loc":{"start":{"line":87,"column":23},"end":{"line":87,"column":34}},"type":"binary-expr","locations":[{"start":{"line":87,"column":23},"end":{"line":87,"column":28}},{"start":{"line":87,"column":32},"end":{"line":87,"column":34}}],"line":87}},"s":{"0":0,"1":0,"2":0,"3":0,"4":0,"5":0,"6":0,"7":0,"8":0,"9":0,"10":0,"11":0,"12":0,"13":0,"14":0,"15":0,"16":0,"17":0,"18":0,"19":0,"20":0,"21":0,"22":0,"23":0,"24":0,"25":0,"26":0,"27":0,"28":0,"29":0,"30":0,"31":0,"32":0,"33":0,"34":0,"35":0,"36":0,"37":0,"38":0,"39":0,"40":0,"41":0,"42":0,"43":0,"44":0,"45":0,"46":0,"47":0,"48":0,"49":0,"50":0,"51":0,"52":0,"53":0,"54":0,"55":0,"56":0,"57":0,"58":0,"59":0,"60":0,"61":0},"f":{"0":0,"1":0,"2":0,"3":0,"4":0,"5":0,"6":0,"7":0,"8":0,"9":0,"10":0,"11":0,"12":0,"13":0,"14":0,"15":0},"b":{"0":[0,0],"1":[0,0],"2":[0,0],"3":[0,0],"4":[0,0],"5":[0,0],"6":[0,0,0,0,0,0],"7":[0,0],"8":[0,0]}},"/Library/WebServer/Documents/open-data/src/server.js":{"path":"/Library/WebServer/Documents/open-data/src/server.js","statementMap":{"0":{"start":{"line":3,"column":0},"end":{"line":5,"column":3}},"1":{"start":{"line":7,"column":0},"end":{"line":7,"column":26}},"2":{"start":{"line":9,"column":10},"end":{"line":9,"column":23}},"3":{"start":{"line":11,"column":11},"end":{"line":11,"column":38}},"4":{"start":{"line":13,"column":15},"end":{"line":13,"column":33}},"5":{"start":{"line":15,"column":16},"end":{"line":15,"column":48}},"6":{"start":{"line":17,"column":12},"end":{"line":17,"column":27}},"7":{"start":{"line":19,"column":13},"end":{"line":19,"column":42}},"8":{"start":{"line":21,"column":12},"end":{"line":21,"column":27}},"9":{"start":{"line":23,"column":13},"end":{"line":23,"column":42}},"10":{"start":{"line":25,"column":11},"end":{"line":25,"column":25}},"11":{"start":{"line":27,"column":12},"end":{"line":27,"column":40}},"12":{"start":{"line":29,"column":17},"end":{"line":29,"column":38}},"13":{"start":{"line":31,"column":18},"end":{"line":31,"column":52}},"14":{"start":{"line":33,"column":17},"end":{"line":33,"column":38}},"15":{"start":{"line":35,"column":18},"end":{"line":35,"column":52}},"16":{"start":{"line":37,"column":19},"end":{"line":37,"column":42}},"17":{"start":{"line":39,"column":20},"end":{"line":39,"column":56}},"18":{"start":{"line":41,"column":15},"end":{"line":41,"column":34}},"19":{"start":{"line":43,"column":16},"end":{"line":43,"column":48}},"20":{"start":{"line":45,"column":15},"end":{"line":45,"column":34}},"21":{"start":{"line":47,"column":16},"end":{"line":47,"column":48}},"22":{"start":{"line":49,"column":18},"end":{"line":49,"column":40}},"23":{"start":{"line":51,"column":19},"end":{"line":51,"column":54}},"24":{"start":{"line":53,"column":14},"end":{"line":53,"column":41}},"25":{"start":{"line":55,"column":15},"end":{"line":55,"column":46}},"26":{"start":{"line":57,"column":39},"end":{"line":57,"column":93}},"27":{"start":{"line":59,"column":10},"end":{"line":59,"column":29}},"28":{"start":{"line":60,"column":11},"end":{"line":60,"column":53}},"29":{"start":{"line":61,"column":10},"end":{"line":61,"column":57}},"30":{"start":{"line":64,"column":0},"end":{"line":68,"column":50}},"31":{"start":{"line":64,"column":9},"end":{"line":68,"column":4}},"32":{"start":{"line":68,"column":9},"end":{"line":68,"column":50}},"33":{"start":{"line":69,"column":0},"end":{"line":69,"column":36}},"34":{"start":{"line":70,"column":0},"end":{"line":70,"column":34}},"35":{"start":{"line":71,"column":0},"end":{"line":71,"column":34}},"36":{"start":{"line":72,"column":0},"end":{"line":75,"column":4}},"37":{"start":{"line":77,"column":0},"end":{"line":81,"column":4}},"38":{"start":{"line":84,"column":0},"end":{"line":84,"column":70}}},"fnMap":{"0":{"name":"_interopRequireDefault","decl":{"start":{"line":57,"column":9},"end":{"line":57,"column":31}},"loc":{"start":{"line":57,"column":37},"end":{"line":57,"column":95}},"line":57}},"branchMap":{"0":{"loc":{"start":{"line":57,"column":46},"end":{"line":57,"column":92}},"type":"cond-expr","locations":[{"start":{"line":57,"column":70},"end":{"line":57,"column":73}},{"start":{"line":57,"column":76},"end":{"line":57,"column":92}}],"line":57},"1":{"loc":{"start":{"line":57,"column":46},"end":{"line":57,"column":67}},"type":"binary-expr","locations":[{"start":{"line":57,"column":46},"end":{"line":57,"column":49}},{"start":{"line":57,"column":53},"end":{"line":57,"column":67}}],"line":57},"2":{"loc":{"start":{"line":64,"column":0},"end":{"line":68,"column":50}},"type":"if","locations":[{"start":{"line":64,"column":0},"end":{"line":68,"column":50}},{"start":{"line":64,"column":0},"end":{"line":68,"column":50}}],"line":64},"3":{"loc":{"start":{"line":84,"column":29},"end":{"line":84,"column":68}},"type":"cond-expr","locations":[{"start":{"line":84,"column":35},"end":{"line":84,"column":61}},{"start":{"line":84,"column":64},"end":{"line":84,"column":68}}],"line":84}},"s":{"0":0,"1":0,"2":0,"3":0,"4":0,"5":0,"6":0,"7":0,"8":0,"9":0,"10":0,"11":0,"12":0,"13":0,"14":0,"15":0,"16":0,"17":0,"18":0,"19":0,"20":0,"21":0,"22":0,"23":0,"24":0,"25":0,"26":0,"27":0,"28":0,"29":0,"30":0,"31":0,"32":0,"33":0,"34":0,"35":0,"36":0,"37":0,"38":0},"f":{"0":0},"b":{"0":[0,0],"1":[0,0],"2":[0,0],"3":[0,0]}},"/Library/WebServer/Documents/open-data/src/test/fields/countyFields.js":{"path":"/Library/WebServer/Documents/open-data/src/test/fields/countyFields.js","statementMap":{"0":{"start":{"line":3,"column":14},"end":{"line":3,"column":31}},"1":{"start":{"line":5,"column":15},"end":{"line":5,"column":46}},"2":{"start":{"line":7,"column":20},"end":{"line":7,"column":57}},"3":{"start":{"line":9,"column":21},"end":{"line":9,"column":58}},"4":{"start":{"line":11,"column":39},"end":{"line":11,"column":93}},"5":{"start":{"line":13,"column":0},"end":{"line":32,"column":3}},"6":{"start":{"line":14,"column":2},"end":{"line":18,"column":5}},"7":{"start":{"line":15,"column":4},"end":{"line":17,"column":65}},"8":{"start":{"line":16,"column":6},"end":{"line":16,"column":79}},"9":{"start":{"line":20,"column":2},"end":{"line":31,"column":5}},"10":{"start":{"line":21,"column":4},"end":{"line":30,"column":7}},"11":{"start":{"line":22,"column":6},"end":{"line":29,"column":38}},"12":{"start":{"line":23,"column":8},"end":{"line":26,"column":10}}},"fnMap":{"0":{"name":"_interopRequireDefault","decl":{"start":{"line":11,"column":9},"end":{"line":11,"column":31}},"loc":{"start":{"line":11,"column":37},"end":{"line":11,"column":95}},"line":11},"1":{"name":"(anonymous_1)","decl":{"start":{"line":13,"column":26},"end":{"line":13,"column":27}},"loc":{"start":{"line":13,"column":38},"end":{"line":32,"column":1}},"line":13},"2":{"name":"(anonymous_2)","decl":{"start":{"line":14,"column":31},"end":{"line":14,"column":32}},"loc":{"start":{"line":14,"column":43},"end":{"line":18,"column":3}},"line":14},"3":{"name":"(anonymous_3)","decl":{"start":{"line":15,"column":5},"end":{"line":15,"column":6}},"loc":{"start":{"line":15,"column":17},"end":{"line":17,"column":5}},"line":15},"4":{"name":"(anonymous_4)","decl":{"start":{"line":20,"column":24},"end":{"line":20,"column":25}},"loc":{"start":{"line":20,"column":36},"end":{"line":31,"column":3}},"line":20},"5":{"name":"(anonymous_5)","decl":{"start":{"line":21,"column":25},"end":{"line":21,"column":26}},"loc":{"start":{"line":21,"column":37},"end":{"line":30,"column":5}},"line":21},"6":{"name":"(anonymous_6)","decl":{"start":{"line":22,"column":40},"end":{"line":22,"column":41}},"loc":{"start":{"line":22,"column":52},"end":{"line":27,"column":7}},"line":22}},"branchMap":{"0":{"loc":{"start":{"line":11,"column":46},"end":{"line":11,"column":92}},"type":"cond-expr","locations":[{"start":{"line":11,"column":70},"end":{"line":11,"column":73}},{"start":{"line":11,"column":76},"end":{"line":11,"column":92}}],"line":11},"1":{"loc":{"start":{"line":11,"column":46},"end":{"line":11,"column":67}},"type":"binary-expr","locations":[{"start":{"line":11,"column":46},"end":{"line":11,"column":49}},{"start":{"line":11,"column":53},"end":{"line":11,"column":67}}],"line":11}},"s":{"0":0,"1":0,"2":0,"3":0,"4":0,"5":0,"6":0,"7":0,"8":0,"9":0,"10":0,"11":0,"12":0},"f":{"0":0,"1":0,"2":0,"3":0,"4":0,"5":0,"6":0},"b":{"0":[0,0],"1":[0,0]}},"/Library/WebServer/Documents/open-data/src/test/fields/geoFields.js":{"path":"/Library/WebServer/Documents/open-data/src/test/fields/geoFields.js","statementMap":{"0":{"start":{"line":3,"column":14},"end":{"line":3,"column":31}},"1":{"start":{"line":5,"column":15},"end":{"line":5,"column":46}},"2":{"start":{"line":7,"column":17},"end":{"line":7,"column":51}},"3":{"start":{"line":9,"column":39},"end":{"line":9,"column":93}},"4":{"start":{"line":11,"column":0},"end":{"line":28,"column":3}},"5":{"start":{"line":12,"column":2},"end":{"line":27,"column":5}},"6":{"start":{"line":13,"column":4},"end":{"line":26,"column":7}},"7":{"start":{"line":14,"column":6},"end":{"line":25,"column":38}},"8":{"start":{"line":15,"column":8},"end":{"line":18,"column":10}}},"fnMap":{"0":{"name":"_interopRequireDefault","decl":{"start":{"line":9,"column":9},"end":{"line":9,"column":31}},"loc":{"start":{"line":9,"column":37},"end":{"line":9,"column":95}},"line":9},"1":{"name":"(anonymous_1)","decl":{"start":{"line":11,"column":23},"end":{"line":11,"column":24}},"loc":{"start":{"line":11,"column":35},"end":{"line":28,"column":1}},"line":11},"2":{"name":"(anonymous_2)","decl":{"start":{"line":12,"column":24},"end":{"line":12,"column":25}},"loc":{"start":{"line":12,"column":36},"end":{"line":27,"column":3}},"line":12},"3":{"name":"(anonymous_3)","decl":{"start":{"line":13,"column":25},"end":{"line":13,"column":26}},"loc":{"start":{"line":13,"column":37},"end":{"line":26,"column":5}},"line":13},"4":{"name":"(anonymous_4)","decl":{"start":{"line":14,"column":37},"end":{"line":14,"column":38}},"loc":{"start":{"line":14,"column":49},"end":{"line":19,"column":7}},"line":14}},"branchMap":{"0":{"loc":{"start":{"line":9,"column":46},"end":{"line":9,"column":92}},"type":"cond-expr","locations":[{"start":{"line":9,"column":70},"end":{"line":9,"column":73}},{"start":{"line":9,"column":76},"end":{"line":9,"column":92}}],"line":9},"1":{"loc":{"start":{"line":9,"column":46},"end":{"line":9,"column":67}},"type":"binary-expr","locations":[{"start":{"line":9,"column":46},"end":{"line":9,"column":49}},{"start":{"line":9,"column":53},"end":{"line":9,"column":67}}],"line":9}},"s":{"0":0,"1":0,"2":0,"3":0,"4":0,"5":0,"6":0,"7":0,"8":0},"f":{"0":0,"1":0,"2":0,"3":0,"4":0},"b":{"0":[0,0],"1":[0,0]}},"/Library/WebServer/Documents/open-data/src/test/fields/townshipFields.js":{"path":"/Library/WebServer/Documents/open-data/src/test/fields/townshipFields.js","statementMap":{"0":{"start":{"line":3,"column":14},"end":{"line":3,"column":31}},"1":{"start":{"line":5,"column":15},"end":{"line":5,"column":46}},"2":{"start":{"line":7,"column":22},"end":{"line":7,"column":61}},"3":{"start":{"line":9,"column":23},"end":{"line":9,"column":62}},"4":{"start":{"line":11,"column":39},"end":{"line":11,"column":93}},"5":{"start":{"line":13,"column":0},"end":{"line":32,"column":3}},"6":{"start":{"line":14,"column":2},"end":{"line":18,"column":5}},"7":{"start":{"line":15,"column":4},"end":{"line":17,"column":66}},"8":{"start":{"line":16,"column":6},"end":{"line":16,"column":87}},"9":{"start":{"line":20,"column":2},"end":{"line":31,"column":5}},"10":{"start":{"line":21,"column":4},"end":{"line":30,"column":7}},"11":{"start":{"line":22,"column":6},
[...]
},"end":{"line":38,"column":49}},{"start":{"line":38,"column":53},"end":{"line":38,"column":67}}],"line":38},"6":{"loc":{"start":{"line":40,"column":264},"end":{"line":40,"column":426}},"type":"if","locations":[{"start":{"line":40,"column":264},"end":{"line":40,"column":426}},{"start":{"line":40,"column":264},"end":{"line":40,"column":426}}],"line":40},"7":{"loc":{"start":{"line":46,"column":0},"end":{"line":59,"column":1}},"type":"if","locations":[{"start":{"line":46,"column":0},"end":{"line":59,"column":1}},{"start":{"line":46,"column":0},"end":{"line":59,"column":1}}],"line":46},"8":{"loc":{"start":{"line":63,"column":15},"end":{"line":63,"column":89}},"type":"cond-expr","locations":[{"start":{"line":63,"column":68},"end":{"line":63,"column":80}},{"start":{"line":63,"column":83},"end":{"line":63,"column":89}}],"line":63},"9":{"loc":{"start":{"line":63,"column":15},"end":{"line":63,"column":65}},"type":"binary-expr","locations":[{"start":{"line":63,"column":15},"end":{"line":63,"column":35}},{"start":{"line":63,"column":39},"end":{"line":63,"column":65}}],"line":63},"10":{"loc":{"start":{"line":67,"column":8},"end":{"line":94,"column":9}},"type":"switch","locations":[{"start":{"line":68,"column":10},"end":{"line":77,"column":75}},{"start":{"line":79,"column":10},"end":{"line":81,"column":61}},{"start":{"line":83,"column":10},"end":{"line":84,"column":100}},{"start":{"line":86,"column":10},"end":{"line":89,"column":51}},{"start":{"line":91,"column":10},"end":{"line":91,"column":18}},{"start":{"line":92,"column":10},"end":{"line":93,"column":35}}],"line":67},"11":{"loc":{"start":{"line":71,"column":12},"end":{"line":74,"column":13}},"type":"if","locations":[{"start":{"line":71,"column":12},"end":{"line":74,"column":13}},{"start":{"line":71,"column":12},"end":{"line":74,"column":13}}],"line":71},"12":{"loc":{"start":{"line":105,"column":13},"end":{"line":105,"column":87}},"type":"cond-expr","locations":[{"start":{"line":105,"column":66},"end":{"line":105,"column":78}},{"start":{"line":105,"column":81},"end":{"line":105,"column":87}}],"line":105},"13":{"loc":{"start":{"line":105,"column":13},"end":{"line":105,"column":63}},"type":"binary-expr","locations":[{"start":{"line":105,"column":13},"end":{"line":105,"column":33}},{"start":{"line":105,"column":37},"end":{"line":105,"column":63}}],"line":105},"14":{"loc":{"start":{"line":108,"column":2},"end":{"line":108,"column":114}},"type":"if","locations":[{"start":{"line":108,"column":2},"end":{"line":108,"column":114}},{"start":{"line":108,"column":2},"end":{"line":108,"column":114}}],"line":108},"15":{"loc":{"start":{"line":113,"column":4},"end":{"line":113,"column":30}},"type":"if","locations":[{"start":{"line":113,"column":4},"end":{"line":113,"column":30}},{"start":{"line":113,"column":4},"end":{"line":113,"column":30}}],"line":113},"16":{"loc":{"start":{"line":119,"column":13},"end":{"line":119,"column":87}},"type":"cond-expr","locations":[{"start":{"line":119,"column":66},"end":{"line":119,"column":78}},{"start":{"line":119,"column":81},"end":{"line":119,"column":87}}],"line":119},"17":{"loc":{"start":{"line":119,"column":13},"end":{"line":119,"column":63}},"type":"binary-expr","locations":[{"start":{"line":119,"column":13},"end":{"line":119,"column":33}},{"start":{"line":119,"column":37},"end":{"line":119,"column":63}}],"line":119},"18":{"loc":{"start":{"line":120,"column":13},"end":{"line":120,"column":113}},"type":"cond-expr","locations":[{"start":{"line":120,"column":66},"end":{"line":120,"column":78}},{"start":{"line":120,"column":81},"end":{"line":120,"column":113}}],"line":120},"19":{"loc":{"start":{"line":120,"column":13},"end":{"line":120,"column":63}},"type":"binary-expr","locations":[{"start":{"line":120,"column":13},"end":{"line":120,"column":33}},{"start":{"line":120,"column":37},"end":{"line":120,"column":63}}],"line":120}},"s":{"0":0,"1":0,"2":0,"3":0,"4":0,"5":0,"6":0,"7":0,"8":0,"9":0,"10":0,"11":0,"12":0,"13":0,"14":0,"15":0,"16":0,"17":0,"18":0,"19":0,"20":0,"21":0,"22":0,"23":0,"24":0,"25":0,"26":0,"27":0,"28":0,"29":0,"30":0,"31":0,"32":0,"33":0,"34":0,"35":0,"36":0,"37":0,"38":0,"39":0,"40":0,"41":0,"42":0,"43":0,"44":0,"45":0,"46":0,"47":0,"48":0,"49":0,"50":0,"51":0,"52":0,"53":0,"54":0,"55":0,"56":0,"57":0,"58":0,"59":0,"60":0,"61":0,"62":0,"63":0,"64":0,"65":0,"66":0,"67":0,"68":0,"69":0,"70":0,"71":0,"72":0,"73":0,"74":0,"75":0,"76":0,"77":0,"78":0,"79":0,"80":0,"81":0},"f":{"0":0,"1":0,"2":0,"3":0,"4":0,"5":0,"6":0,"7":0,"8":0,"9":0,"10":0,"11":0,"12":0,"13":0,"14":0,"15":0},"b":{"0":[0,0],"1":[0,0],"2":[0,0],"3":[0,0],"4":[0,0],"5":[0,0],"6":[0,0],"7":[0,0],"8":[0,0],"9":[0,0],"10":[0,0,0,0,0,0],"11":[0,0],"12":[0,0],"13":[0,0],"14":[0,0],"15":[0,0],"16":[0,0],"17":[0,0],"18":[0,0],"19":[0,0]}},"/Library/WebServer/Documents/open-data/src/utils/fetch.js":{"path":"/Library/WebServer/Documents/open-data/src/utils/fetch.js","statementMap":{"0":{"start":{"line":3,"column":0},"end":{"line":5,"column":3}},"1":{"start":{"line":7,"column":17},"end":{"line":7,"column":38}},"2":{"start":{"line":9,"column":18},"end":{"line":9,"column":52}},"3":{"start":{"line":11,"column":13},"end":{"line":11,"column":29}},"4":{"start":{"line":13,"column":14},"end":{"line":13,"column":44}},"5":{"start":{"line":15,"column":14},"end":{"line":15,"column":31}},"6":{"start":{"line":17,"column":15},"end":{"line":17,"column":46}},"7":{"start":{"line":19,"column":10},"end":{"line":19,"column":25}},"8":{"start":{"line":21,"column":39},"end":{"line":21,"column":93}},"9":{"start":{"line":23,"column":33},"end":{"line":23,"column":456}},"10":{"start":{"line":23,"column":64},"end":{"line":23,"column":89}},"11":{"start":{"line":23,"column":91},"end":{"line":23,"column":453}},"12":{"start":{"line":23,"column":165},"end":{"line":23,"column":263}},"13":{"start":{"line":23,"column":182},"end":{"line":23,"column":195}},"14":{"start":{"line":23,"column":209},"end":{"line":23,"column":219}},"15":{"start":{"line":23,"column":239},"end":{"line":23,"column":253}},"16":{"start":{"line":23,"column":254},"end":{"line":23,"column":261}},"17":{"start":{"line":23,"column":264},"end":{"line":23,"column":426}},"18":{"start":{"line":23,"column":281},"end":{"line":23,"column":296}},"19":{"start":{"line":23,"column":306},"end":{"line":23,"column":424}},"20":{"start":{"line":23,"column":360},"end":{"line":23,"column":380}},"21":{"start":{"line":23,"column":401},"end":{"line":23,"column":420}},"22":{"start":{"line":23,"column":429},"end":{"line":23,"column":449}},"23":{"start":{"line":25,"column":0},"end":{"line":101,"column":4}},"24":{"start":{"line":26,"column":13},"end":{"line":96,"column":5}},"25":{"start":{"line":27,"column":15},"end":{"line":27,"column":85}},"26":{"start":{"line":28,"column":15},"end":{"line":28,"column":85}},"27":{"start":{"line":30,"column":4},"end":{"line":95,"column":38}},"28":{"start":{"line":31,"column":6},"end":{"line":94,"column":7}},"29":{"start":{"line":32,"column":8},"end":{"line":93,"column":9}},"30":{"start":{"line":34,"column":12},"end":{"line":34,"column":30}},"31":{"start":{"line":35,"column":12},"end":{"line":35,"column":30}},"32":{"start":{"line":36,"column":12},"end":{"line":36,"column":44}},"33":{"start":{"line":39,"column":12},"end":{"line":39,"column":40}},"34":{"start":{"line":41,"column":12},"end":{"line":44,"column":13}},"35":{"start":{"line":42,"column":14},"end":{"line":42,"column":32}},"36":{"start":{"line":43,"column":14},"end":{"line":43,"column":20}},"37":{"start":{"line":46,"column":12},"end":{"line":46,"column":29}},"38":{"start":{"line":49,"column":12},"end":{"line":49,"column":31}},"39":{"start":{"line":50,"column":12},"end":{"line":50,"column":75}},"40":{"start":{"line":51,"column":12},"end":{"line":51,"column":31}},"41":{"start":{"line":52,"column":12},"end":{"line":52,"column":42}},"42":{"start":{"line":55,"column":12},"end":{"line":55,"column":33}},"43":{"start":{"line":58,"column":12},"end":{"line":76,"column":13}},"44":{"start":{"line":59,"column":14},"end":{"line":67,"column":15}},"45":{"start":{"line":60,"column":16},"end":{"line":60,"column":94}},"46":{"start":{"line":61,"column":16},"end":{"line":61,"column":87}},"47":{"start":{"line":62,"column":21},"end":{"line":67,"column":15}},"48":{"start":{"line":63,"column":16},"end":{"line":63,"column":81}},"49":{"start":{"line":65,"column":16},"end":{"line":65,"column":62}},"50":{"start":{"line":66,"column":16},"end":{"line":66,"column":49}},"51":{"start":{"line":69,"column":14},"end":{"line":75,"column":17}},"52":{"start":{"line":70,"column":16},"end":{"line":70,"column":34}},"53":{"start":{"line":72,"column":16},"end":{"line":72,"column":54}},"54":{"start":{"line":74,"column":16},"end":{"line":74,"column":38}},"55":{"start":{"line":78,"column":12},"end":{"line":81,"column":15}},"56":{"start":{"line":84,"column":12},"end":{"line":84,"column":31}},"57":{"start":{"line":85,"column":12},"end":{"line":85,"column":47}},"58":{"start":{"line":87,"column":12},"end":{"line":87,"column":37}},"59":{"start":{"line":88,"column":12},"end":{"line":88,"column":49}},"60":{"start":{"line":92,"column":12},"end":{"line":92,"column":35}},"61":{"start":{"line":98,"column":2},"end":{"line":100,"column":4}},"62":{"start":{"line":99,"column":4},"end":{"line":99,"column":39}}},"fnMap":{"0":{"name":"_interopRequireDefault","decl":{"start":{"line":21,"column":9},"end":{"line":21,"column":31}},"loc":{"start":{"line":21,"column":37},"end":{"line":21,"column":95}},"line":21},"1":{"name":"_asyncToGenerator","decl":{"start":{"line":23,"column":9},"end":{"line":23,"column":26}},"loc":{"start":{"line":23,"column":31},"end":{"line":23,"column":458}},"line":23},"2":{"name":"(anonymous_2)","decl":{"start":{"line":23,"column":40},"end":{"line":23,"column":41}},"loc":{"start":{"line":23,"column":52},"end":{"line":23,"column":455}},"line":23},"3":{"name":"(anonymous_3)","decl":{"start":{"line":23,"column":110},"end":{"line":23,"column":111}},"loc":{"start":{"line":23,"column":137},"end":{"line":23,"column":451}},"line":23},"4":{"name":"step","decl":{"start":{"line":23,"column":148},"end":{"line":23,"column":152}},"loc":{"start":{"line":23,"column":163},"end":{"line":23,"column":428}},"line":23},"5":{"name":"(anonymous_5)","decl":{"start":{"line":23,"column":341},"end":{"line":23,"column":342}},"loc":{"start":{"line":23,"column":358},"end":{"line":23,"column":382}},"line":23},"6":{"name":"(anonymous_6)","decl":{"start":{"line":23,"column":384},"end":{"line":23,"column":385}},"loc":{"start":{"line":23,"column":399},"end":{"line":23,"column":422}},"line":23},"7":{"name":"(anonymous_7)","decl":{"start":{"line":25,"column":18},"end":{"line":25,"column":19}},"loc":{"start":{"line":25,"column":30},"end":{"line":101,"column":1}},"line":25},"8":{"name":"_callee","decl":{"start":{"line":26,"column":64},"end":{"line":26,"column":71}},"loc":{"start":{"line":26,"column":74},"end":{"line":96,"column":3}},"line":26},"9":{"name":"_callee$","decl":{"start":{"line":30,"column":44},"end":{"line":30,"column":52}},"loc":{"start":{"line":30,"column":63},"end":{"line":95,"column":5}},"line":30},"10":{"name":"(anonymous_10)","decl":{"start":{"line":69,"column":50},"end":{"line":69,"column":51}},"loc":{"start":{"line":69,"column":65},"end":{"line":71,"column":15}},"line":69},"11":{"name":"(anonymous_11)","decl":{"start":{"line":71,"column":22},"end":{"line":71,"column":23}},"loc":{"start":{"line":71,"column":38},"end":{"line":73,"column":15}},"line":71},"12":{"name":"(anonymous_12)","decl":{"start":{"line":73,"column":23},"end":{"line":73,"column":24}},"loc":{"start":{"line":73,"column":36},"end":{"line":75,"column":15}},"line":73},"13":{"name":"(anonymous_13)","decl":{"start":{"line":98,"column":9},"end":{"line":98,"column":10}},"loc":{"start":{"line":98,"column":21},"end":{"line":100,"column":3}},"line":98}},"branchMap":{"0":{"loc":{"start":{"line":21,"column":46},"end":{"line":21,"column":92}},"type":"cond-expr","locations":[{"start":{"line":21,"column":70},"end":{"line":21,"column":73}},{"start":{"line":21,"column":76},"end":{"line":21,"column":92}}],"line":21},"1":{"loc":{"start":{"line":21,"column":46},"end":{"line":21,"column":67}},"type":"binary-expr","locations":[{"start":{"line":21,"column":46},"end":{"line":21,"column":49}},{"start":{"line":21,"column":53},"end":{"line":21,"column":67}}],"line":21},"2":{"loc":{"start":{"line":23,"column":264},"end":{"line":23,"column":426}},"type":"if","locations":[{"start":{"line":23,"column":264},"end":{"line":23,"column":426}},{"start":{"line":23,"column":264},"end":{"line":23,"column":426}}],"line":23},"3":{"loc":{"start":{"line":27,"column":15},"end":{"line":27,"column":85}},"type":"cond-expr","locations":[{"start":{"line":27,"column":68},"end":{"line":27,"column":80}},{"start":{"line":27,"column":83},"end":{"line":27,"column":85}}],"line":27},"4":{"loc":{"start":{"line":27,"column":15},"end":{"line":27,"column":65}},"type":"binary-expr","locations":[{"start":{"line":27,"column":15},"end":{"line":27,"column":35}},{"start":{"line":27,"column":39},"end":{"line":27,"column":65}}],"line":27},"5":{"loc":{"start":{"line":28,"column":15},"end":{"line":28,"column":85}},"type":"cond-expr","locations":[{"start":{"line":28,"column":68},"end":{"line":28,"column":80}},{"start":{"line":28,"column":83},"end":{"line":28,"column":85}}],"line":28},"6":{"loc":{"start":{"line":28,"column":15},"end":{"line":28,"column":65}},"type":"binary-expr","locations":[{"start":{"line":28,"column":15},"end":{"line":28,"column":35}},{"start":{"line":28,"column":39},"end":{"line":28,"column":65}}],"line":28},"7":{"loc":{"start":{"line":32,"column":8},"end":{"line":93,"column":9}},"type":"switch","locations":[{"start":{"line":33,"column":10},"end":{"line":36,"column":44}},{"start":{"line":38,"column":10},"end":{"line":46,"column":29}},{"start":{"line":48,"column":10},"end":{"line":52,"column":42}},{"start":{"line":54,"column":10},"end":{"line":81,"column":15}},{"start":{"line":83,"column":10},"end":{"line":88,"column":49}},{"start":{"line":90,"column":10},"end":{"line":90,"column":18}},{"start":{"line":91,"column":10},"end":{"line":92,"column":35}}],"line":32},"8":{"loc":{"start":{"line":41,"column":12},"end":{"line":44,"column":13}},"type":"if","locations":[{"start":{"line":41,"column":12},"end":{"line":44,"column":13}},{"start":{"line":41,"column":12},"end":{"line":44,"column":13}}],"line":41},"9":{"loc":{"start":{"line":50,"column":20},"end":{"line":50,"column":74}},"type":"binary-expr","locations":[{"start":{"line":50,"column":20},"end":{"line":50,"column":31}},{"start":{"line":50,"column":35},"end":{"line":50,"column":74}}],"line":50},"10":{"loc":{"start":{"line":58,"column":12},"end":{"line":76,"column":13}},"type":"if","locations":[{"start":{"line":58,"column":12},"end":{"line":76,"column":13}},{"start":{"line":58,"column":12},"end":{"line":76,"column":13}}],"line":58},"11":{"loc":{"start":{"line":58,"column":16},"end":{"line":58,"column":30}},"type":"binary-expr","locations":[{"start":{"line":58,"column":16},"end":{"line":58,"column":21}},{"start":{"line":58,"column":25},"end":{"line":58,"column":30}}],"line":58},"12":{"loc":{"start":{"line":59,"column":14},"end":{"line":67,"column":15}},"type":"if","locations":[{"start":{"line":59,"column":14},"end":{"line":67,"column":15}},{"start":{"line":59,"column":14},"end":{"line":67,"column":15}}],"line":59},"13":{"loc":{"start":{"line":62,"column":21},"end":{"line":67,"column":15}},"type":"if","locations":[{"start":{"line":62,"column":21},"end":{"line":67,"column":15}},{"start":{"line":62,"column":21},"end":{"line":67,"column":15}}],"line":62}},"s":{"0":0,"1":0,"2":0,"3":0,"4":0,"5":0,"6":0,"7":0,"8":0,"9":0,"10":0,"11":0,"12":0,"13":0,"14":0,"15":0,"16":0,"17":0,"18":0,"19":0,"20":0,"21":0,"22":0,"23":0,"24":0,"25":0,"26":0,"27":0,"28":0,"29":0,"30":0,"31":0,"32":0,"33":0,"34":0,"35":0,"36":0,"37":0,"38":0,"39":0,"40":0,"41":0,"42":0,"43":0,"44":0,"45":0,"46":0,"47":0,"48":0,"49":0,"50":0,"51":0,"52":0,"53":0,"54":0,"55":0,"56":0,"57":0,"58":0,"59":0,"60":0,"61":0,"62":0},"f":{"0":0,"1":0,"2":0,"3":0,"4":0,"5":0,"6":0,"7":0,"8":0,"9":0,"10":0,"11":0,"12":0,"13":0},"b":{"0":[0,0],"1":[0,0],"2":[0,0],"3":[0,0],"4":[0,0],"5":[0,0],"6":[0,0],"7":[0,0,0,0,0,0,0],"8":[0,0],"9":[0,0],"10":[0,0],"11":[0,0],"12":[0,0],"13":[0,0]}},"/Library/WebServer/Documents/open-data/src/utils/notIncluded.js":{"path":"/Library/WebServer/Documents/open-data/src/utils/notIncluded.js","statementMap":{"0":{"start":{"line":3,"column":0},"end":{"line":5,"column":3}},"1":{"start":{"line":7,"column":15},"end":{"line":7,"column":33}},"2":{"start":{"line":9,"column":16},"end":{"line":9,"column":48}},"3":{"start":{"line":11,"column":13},"end":{"line":11,"column":29}},"4":{"start":{"line":13,"column":14},"end":{"line":13,"column":44}},"5":{"start":{"line":15,"column":39},"end":{"line":15,"column":93}},"6":{"start":{"line":17,"column":0},"end":{"line":22,"column":2}},"7":{"start":{"line":18,"column":2},"end":{"line":18,"column":77}},"8":{"start":{"line":18,"column":55},"end":{"line":18,"column":77}},"9":{"start":{"line":20,"column":2},"end":{"line":20,"column":41}},"10":{"start":{"line":21,"column":2},"end":{"line":21,"column":35}}},"fnMap":{"0":{"name":"_interopRequireDefault","decl":{"start":{"line":15,"column":9},"end":{"line":15,"column":31}},"loc":{"start":{"line":15,"column":37},"end":{"line":15,"column":95}},"line":15},"1":{"name":"(anonymous_1)","decl":{"start":{"line":17,"column":18},"end":{"line":17,"column":19}},"loc":{"start":{"line":17,"column":34},"end":{"line":22,"column":1}},"line":17}},"branchMap":{"0":{"loc":{"start":{"line":15,"column":46},"end":{"line":15,"column":92}},"type":"cond-expr","locations":[{"start":{"line":15,"column":70},"end":{"line":15,"column":73}},{"start":{"line":15,"column":76},"end":{"line":15,"column":92}}],"line":15},"1":{"loc":{"start":{"line":15,"column":46},"end":{"line":15,"column":67}},"type":"binary-expr","locations":[{"start":{"line":15,"column":46},"end":{"line":15,"column":49}},{"start":{"line":15,"column":53},"end":{"line":15,"column":67}}],"line":15},"2":{"loc":{"start":{"line":18,"column":2},"end":{"line":18,"column":77}},"type":"if","locations":[{"start":{"line":18,"column":2},"end":{"line":18,"column":77}},{"start":{"line":18,"column":2},"end":{"line":18,"column":77}}],"line":18}},"s":{"0":0,"1":0,"2":0,"3":0,"4":0,"5":0,"6":0,"7":0,"8":0,"9":0,"10":0},"f":{"0":0,"1":0},"b":{"0":[0,0],"1":[0,0],"2":[0,0]}},"/Library/WebServer/Documents/open-data/src/utils/parse-obj-enumType.js":{"path":"/Library/WebServer/Documents/open-data/src/utils/parse-obj-enumType.js","statementMap":{"0":{"start":{"line":3,"column":0},"end":{"line":5,"column":3}},"1":{"start":{"line":7,"column":0},"end":{"line":18,"column":2}},"2":{"start":{"line":8,"column":15},"end":{"line":8,"column":17}},"3":{"start":{"line":10,"column":2},"end":{"line":15,"column":5}},"4":{"start":{"line":11,"column":4},"end":{"line":14,"column":6}},"5":{"start":{"line":17,"column":2},"end":{"line":17,"column":16}}},"fnMap":{"0":{"name":"(anonymous_0)","decl":{"start":{"line":7,"column":18},"end":{"line":7,"column":19}},"loc":{"start":{"line":7,"column":33},"end":{"line":18,"column":1}},"line":7},"1":{"name":"(anonymous_1)","decl":{"start":{"line":10,"column":27},"end":{"line":10,"column":28}},"loc":{"start":{"line":10,"column":42},"end":{"line":15,"column":3}},"line":10}},"branchMap":{},"s":{"0":0,"1":0,"2":0,"3":0,"4":0,"5":0},"f":{"0":0,"1":0},"b":{}},"/Library/WebServer/Documents/open-data/src/utils/synonym.js":{"path":"/Library/WebServer/Documents/open-data/src/utils/synonym.js","statementMap":{"0":{"start":{"line":3,"column":0},"end":{"line":5,"column":3}},"1":{"start":{"line":7,"column":0},"end":{"line":9,"column":2}},"2":{"start":{"line":8,"column":2},"end":{"line":8,"column":32}}},"fnMap":{"0":{"name":"(anonymous_0)","decl":{"start":{"line":7,"column":18},"end":{"line":7,"column":19}},"loc":{"start":{"line":7,"column":34},"end":{"line":9,"column":1}},"line":7}},"branchMap":{},"s":{"0":0,"1":0,"2":0},"f":{"0":0},"b":{}}}