{"/Library/WebServer/Documents/open-data/src/test/fields/countyFields.js":{"path":"/Library/WebServer/Documents/open-data/src/test/fields/countyFields.js","statementMap":{"0":{"start":{"line":3,"column":14},"end":{"line":3,"column":31}},"1":{"start":{"line":5,"column":15},"end":{"line":5,"column":46}},"2":{"start":{"line":7,"column":20},"end":{"line":7,"column":57}},"3":{"start":{"line":9,"column":21},"end":{"line":9,"column":58}},"4":{"start":{"line":11,"column":39},"end":{"line":11,"column":93}},"5":{"start":{"line":13,"column":0},"end":{"line":32,"column":3}},"6":{"start":{"line":14,"column":2},"end":{"line":18,"column":5}},"7":{"start":{"line":15,"column":4},"end":{"line":17,"column":65}},"8":{"start":{"line":16,"column":6},"end":{"line":16,"column":79}},"9":{"start":{"line":20,"column":2},"end":{"line":31,"column":5}},"10":{"start":{"line":21,"column":4},"end":{"line":30,"column":7}},"11":{"start":{"line":22,"column":6},"end":{"line":29,"column":38}},"12":{"start":{"line":23,"column":8},"end":{"line":26,"column":10}}},"fnMap":{"0":{"name":"_interopRequireDefault","decl":{"start":{"line":11,"column":9},"end":{"line":11,"column":31}},"loc":{"start":{"line":11,"column":37},"end":{"line":11,"column":95}},"line":11},"1":{"name":"(anonymous_1)","decl":{"start":{"line":13,"column":26},"end":{"line":13,"column":27}},"loc":{"start":{"line":13,"column":38},"end":{"line":32,"column":1}},"line":13},"2":{"name":"(anonymous_2)","decl":{"start":{"line":14,"column":31},"end":{"line":14,"column":32}},"loc":{"start":{"line":14,"column":43},"end":{"line":18,"column":3}},"line":14},"3":{"name":"(anonymous_3)","decl":{"start":{"line":15,"column":5},"end":{"line":15,"column":6}},"loc":{"start":{"line":15,"column":17},"end":{"line":17,"column":5}},"line":15},"4":{"name":"(anonymous_4)","decl":{"start":{"line":20,"column":24},"end":{"line":20,"column":25}},"loc":{"start":{"line":20,"column":36},"end":{"line":31,"column":3}},"line":20},"5":{"name":"(anonymous_5)","decl":{"start":{"line":21,"column":25},"end":{"line":21,"column":26}},"loc":{"start":{"line":21,"column":37},"end":{"line":30,"column":5}},"line":21},"6":{"name":"(anonymous_6)","decl":{"start":{"line":22,"column":40},"end":{"line":22,"column":41}},"loc":{"start":{"line":22,"column":52},"end":{"line":27,"column":7}},"line":22}},"branchMap":{"0":{"loc":{"start":{"line":11,"column":46},"end":{"line":11,"column":92}},"type":"cond-expr","locations":[{"start":{"line":11,"column":70},"end":{"line":11,"column":73}},{"start":{"line":11,"column":76},"end":{"line":11,"column":92}}],"line":11},"1":{"loc":{"start":{"line":11,"column":46},"end":{"line":11,"column":67}},"type":"binary-expr","locations":[{"start":{"line":11,"column":46},"end":{"line":11,"column":49}},{"start":{"line":11,"column":53},"end":{"line":11,"column":67}}],"line":11}},"s":{"0":1,"1":1,"2":1,"3":1,"4":2,"5":1,"6":1,"7":1,"8":1,"9":1,"10":1,"11":1,"12":1},"f":{"0":2,"1":1,"2":1,"3":1,"4":1,"5":1,"6":1},"b":{"0":[1,1],"1":[2,2]},"_coverageSchema":"332fd63041d2c1bcb487cc26dd0d5f7d97098a6c","hash":"e03954a38defd9e5840a7c246daf2b0d18152ef1","contentHash":"8da48f40c62c4fd151c8816279479e1d_11.1.0"},"/Library/WebServer/Documents/open-data/src/schemas/countyFields.js":{"path":"/Library/WebServer/Documents/open-data/src/schemas/countyFields.js","statementMap":{"0":{"start":{"line":3,"column":0},"end":{"line":5,"column":3}},"1":{"start":{"line":6,"column":0},"end":{"line":6,"column":43}},"2":{"start":{"line":8,"column":15},"end":{"line":8,"column":33}},"3":{"start":{"line":10,"column":15},"end":{"line":10,"column":42}},"4":{"start":{"line":12,"column":16},"end":{"line":12,"column":48}},"5":{"start":{"line":14,"column":24},"end":{"line":14,"column":62}},"6":{"start":{"line":16,"column":25},"end":{"line":16,"column":66}},"7":{"start":{"line":18,"column":19},"end":{"line":18,"column":50}},"8":{"start":{"line":20,"column":20},"end":{"line":20,"column":56}},"9":{"start":{"line":22,"column":16},"end":{"line":22,"column":48}},"10":{"start":{"line":24,"column":17},"end":{"line":24,"column":50}},"11":{"start":{"line":26,"column":39},"end":{"line":26,"column":93}},"12":{"start":{"line":28,"column":33},"end":{"line":28,"column":456}},"13":{"start":{"line":28,"column":64},"end":{"line":28,"column":89}},"14":{"start":{"line":28,"column":91},"end":{"line":28,"column":453}},"15":{"start":{"line":28,"column":165},"end":{"line":28,"column":263}},"16":{"start":{"line":28,"column":182},"end":{"line":28,"column":195}},"17":{"start":{"line":28,"column":209},"end":{"line":28,"column":219}},"18":{"start":{"line":28,"column":239},"end":{"line":28,"column":253}},"19":{"start":{"line":28,"column":254},"end":{"line":28,"column":261}},"20":{"start":{"line":28,"column":264},"end":{"line":28,"column":426}},"21":{"start":{"line":28,"column":281},"end":{"line":28,"column":296}},"22":{"start":{"line":28,"column":306},"end":{"line":28,"column":424}},"23":{"start":{"line":28,"column":360},"end":{"line":28,"column":380}},"24":{"start":{"line":28,"column":401},"end":{"line":28,"column":420}},"25":{"start":{"line":28,"column":429},"end":{"line":28,"column":449}},"26":{"start":{"line":30,"column":0},"end":{"line":44,"column":2}},"27":{"start":{"line":31,"column":2},"end":{"line":43,"column":4}},"28":{"start":{"line":36,"column":21},"end":{"line":36,"column":54}},"29":{"start":{"line":38,"column":8},"end":{"line":38,"column":147}},"30":{"start":{"line":38,"column":65},"end":{"line":38,"column":147}},"31":{"start":{"line":40,"column":8},"end":{"line":40,"column":22}},"32":{"start":{"line":46,"column":11},"end":{"line":54,"column":1}},"33":{"start":{"line":56,"column":14},"end":{"line":117,"column":1}},"34":{"start":{"line":57,"column":12},"end":{"line":57,"column":88}},"35":{"start":{"line":58,"column":2},"end":{"line":116,"column":6}},"36":{"start":{"line":59,"column":15},"end":{"line":111,"column":7}},"37":{"start":{"line":60,"column":21},"end":{"line":60,"column":35}},"38":{"start":{"line":64,"column":6},"end":{"line":110,"column":40}},"39":{"start":{"line":65,"column":8},"end":{"line":109,"column":9}},"40":{"start":{"line":66,"column":10},"end":{"line":108,"column":11}},"41":{"start":{"line":68,"column":14},"end":{"line":68,"column":32}},"42":{"start":{"line":69,"column":14},"end":{"line":69,"column":32}},"43":{"start":{"line":70,"column":14},"end":{"line":70,"column":47}},"44":{"start":{"line":73,"column":14},"end":{"line":73,"column":36}},"45":{"start":{"line":74,"column":14},"end":{"line":74,"column":44}},"46":{"start":{"line":75,"column":14},"end":{"line":75,"column":33}},"47":{"start":{"line":77,"column":14},"end":{"line":80,"column":15}},"48":{"start":{"line":78,"column":16},"end":{"line":78,"column":34}},"49":{"start":{"line":79,"column":16},"end":{"line":79,"column":22}},"50":{"start":{"line":82,"column":14},"end":{"line":84,"column":17}},"51":{"start":{"line":83,"column":16},"end":{"line":83,"column":50}},"52":{"start":{"line":85,"column":14},"end":{"line":90,"column":17}},"53":{"start":{"line":88,"column":18},"end":{"line":88,"column":82}},"54":{"start":{"line":93,"column":14},"end":{"line":96,"column":17}},"55":{"start":{"line":99,"column":14},"end":{"line":99,"column":33}},"56":{"start":{"line":100,"column":14},"end":{"line":100,"column":49}},"57":{"start":{"line":102,"column":14},"end":{"line":102,"column":39}},"58":{"start":{"line":103,"column":14},"end":{"line":103,"column":51}},"59":{"start":{"line":107,"column":14},"end":{"line":107,"column":37}},"60":{"start":{"line":113,"column":4},"end":{"line":115,"column":6}},"61":{"start":{"line":114,"column":6},"end":{"line":114,"column":41}}},"fnMap":{"0":{"name":"_interopRequireDefault","decl":{"start":{"line":26,"column":9},"end":{"line":26,"column":31}},"loc":{"start":{"line":26,"column":37},"end":{"line":26,"column":95}},"line":26},"1":{"name":"_asyncToGenerator","decl":{"start":{"line":28,"column":9},"end":{"line":28,"column":26}},"loc":{"start":{"line":28,"column":31},"end":{"line":28,"column":458}},"line":28},"2":{"name":"(anonymous_2)","decl":{"start":{"line":28,"column":40},"end":{"line":28,"column":41}},"loc":{"start":{"line":28,"column":52},"end":{"line":28,"column":455}},"line":28},"3":{"name":"(anonymous_3)","decl":{"start":{"line":28,"column":110},"end":{"line":28,"column":111}},"loc":{"start":{"line":28,"column":137},"end":{"line":28,"column":451}},"line":28},"4":{"name":"step","decl":{"start":{"line":28,"column":148},"end":{"line":28,"column":152}},"loc":{"start":{"line":28,"column":163},"end":{"line":28,"column":428}},"line":28},"5":{"name":"(anonymous_5)","decl":{"start":{"line":28,"column":341},"end":{"line":28,"column":342}},"loc":{"start":{"line":28,"column":358},"end":{"line":28,"column":382}},"line":28},"6":{"name":"(anonymous_6)","decl":{"start":{"line":28,"column":384},"end":{"line":28,"column":385}},"loc":{"start":{"line":28,"column":399},"end":{"line":28,"column":422}},"line":28},"7":{"name":"(anonymous_7)","decl":{"start":{"line":30,"column":18},"end":{"line":30,"column":19}},"loc":{"start":{"line":30,"column":33},"end":{"line":44,"column":1}},"line":30},"8":{"name":"resolve","decl":{"start":{"line":35,"column":24},"end":{"line":35,"column":31}},"loc":{"start":{"line":35,"column":38},"end":{"line":41,"column":7}},"line":35},"9":{"name":"resolve","decl":{"start":{"line":56,"column":41},"end":{"line":56,"column":48}},"loc":{"start":{"line":56,"column":58},"end":{"line":117,"column":1}},"line":56},"10":{"name":"(anonymous_10)","decl":{"start":{"line":58,"column":9},"end":{"line":58,"column":10}},"loc":{"start":{"line":58,"column":21},"end":{"line":116,"column":3}},"line":58},"11":{"name":"_callee","decl":{"start":{"line":59,"column":66},"end":{"line":59,"column":73}},"loc":{"start":{"line":59,"column":92},"end":{"line":111,"column":5}},"line":59},"12":{"name":"_callee$","decl":{"start":{"line":64,"column":46},"end":{"line":64,"column":54}},"loc":{"start":{"line":64,"column":65},"end":{"line":110,"column":7}},"line":64},"13":{"name":"(anonymous_13)","decl":{"start":{"line":82,"column":45},"end":{"line":82,"column":46}},"loc":{"start":{"line":82,"column":63},"end":{"line":84,"column":15}},"line":82},"14":{"name":"(anonymous_14)","decl":{"start":{"line":87,"column":43},"end":{"line":87,"column":44}},"loc":{"start":{"line":87,"column":56},"end":{"line":89,"column":17}},"line":87},"15":{"name":"(anonymous_15)","decl":{"start":{"line":113,"column":11},"end":{"line":113,"column":12}},"loc":{"start":{"line":113,"column":36},"end":{"line":115,"column":5}},"line":113}},"branchMap":{"0":{"loc":{"start":{"line":26,"column":46},"end":{"line":26,"column":92}},"type":"cond-expr","locations":[{"start":{"line":26,"column":70},"end":{"line":26,"column":73}},{"start":{"line":26,"column":76},"end":{"line":26,"column":92}}],"line":26},"1":{"loc":{"start":{"line":26,"column":46},"end":{"line":26,"column":67}},"type":"binary-expr","locations":[{"start":{"line":26,"column":46},"end":{"line":26,"column":49}},{"start":{"line":26,"column":53},"end":{"line":26,"column":67}}],"line":26},"2":{"loc":{"start":{"line":28,"column":264},"end":{"line":28,"column":426}},"type":"if","locations":[{"start":{"line":28,"column":264},"end":{"line":28,"column":426}},{"start":{"line":28,"column":264},"end":{"line":28,"column":426}}],"line":28},"3":{"loc":{"start":{"line":38,"column":8},"end":{"line":38,"column":147}},"type":"if","locations":[{"start":{"line":38,"column":8},"end":{"line":38,"column":147}},{"start":{"line":38,"column":8},"end":{"line":38,"column":147}}],"line":38},"4":{"loc":{"start":{"line":57,"column":12},"end":{"line":57,"column":88}},"type":"cond-expr","locations":[{"start":{"line":57,"column":65},"end":{"line":57,"column":77}},{"start":{"line":57,"column":80},"end":{"line":57,"column":88}}],"line":57},"5":{"loc":{"start":{"line":57,"column":12},"end":{"line":57,"column":62}},"type":"binary-expr","locations":[{"start":{"line":57,"column":12},"end":{"line":57,"column":32}},{"start":{"line":57,"column":36},"end":{"line":57,"column":62}}],"line":57},"6":{"loc":{"start":{"line":66,"column":10},"end":{"line":108,"column":11}},"type":"switch","locations":[{"start":{"line":67,"column":12},"end":{"line":70,"column":47}},{"start":{"line":72,"column":12},"end":{"line":90,"column":17}},{"start":{"line":92,"column":12},"end":{"line":96,"column":17}},{"start":{"line":98,"column":12},"end":{"line":103,"column":51}},{"start":{"line":105,"column":12},"end":{"line":105,"column":20}},{"start":{"line":106,"column":12},"end":{"line":107,"column":37}}],"line":66},"7":{"loc":{"start":{"line":77,"column":14},"end":{"line":80,"column":15}},"type":"if","locations":[{"start":{"line":77,"column":14},"end":{"line":80,"column":15}},{"start":{"line":77,"column":14},"end":{"line":80,"column":15}}],"line":77},"8":{"loc":{"start":{"line":87,"column":23},"end":{"line":87,"column":34}},"type":"binary-expr","locations":[{"start":{"line":87,"column":23},"end":{"line":87,"column":28}},{"start":{"line":87,"column":32},"end":{"line":87,"column":34}}],"line":87}},"s":{"0":1,"1":1,"2":1,"3":1,"4":1,"5":1,"6":1,"7":1,"8":1,"9":1,"10":1,"11":4,"12":7,"13":7,"14":7,"15":14,"16":14,"17":14,"18":0,"19":0,"20":14,"21":7,"22":7,"23":7,"24":0,"25":7,"26":1,"27":2,"28":1,"29":1,"30":1,"31":0,"32":1,"33":1,"34":7,"35":7,"36":7,"37":7,"38":7,"39":22,"40":27,"41":7,"42":7,"43":7,"44":7,"45":7,"46":7,"47":7,"48":5,"49":5,"50":2,"51":2,"52":2,"53":0,"54":5,"55":1,"56":1,"57":1,"58":1,"59":7,"60":7,"61":7},"f":{"0":4,"1":7,"2":7,"3":7,"4":14,"5":7,"6":0,"7":2,"8":1,"9":7,"10":7,"11":7,"12":22,"13":2,"14":0,"15":7},"b":{"0":[4,0],"1":[4,4],"2":[7,7],"3":[1,0],"4":[6,1],"5":[7,6],"6":[7,7,5,1,0,7],"7":[5,2],"8":[2,1]},"_coverageSchema":"332fd63041d2c1bcb487cc26dd0d5f7d97098a6c","hash":"ae5e618ae823ac890a00313c4b03f9224b544e73","contentHash":"129fcb88abcd95f4e2cb72dedc21c640_11.1.0"},"/Library/WebServer/Documents/open-data/src/utils/synonym.js":{"path":"/Library/WebServer/Documents/open-data/src/utils/synonym.js","statementMap":{"0":{"start":{"line":3,"column":0},"end":{"line":5,"column":3}},"1":{"start":{"line":7,"column":0},"end":{"line":9,"column":2}},"2":{"start":{"line":8,"column":2},"end":{"line":8,"column":32}}},"fnMap":{"0":{"name":"(anonymous_0)","decl":{"start":{"line":7,"column":18},"end":{"line":7,"column":19}},"loc":{"start":{"line":7,"column":34},"end":{"line":9,"column":1}},"line":7}},"branchMap":{},"s":{"0":1,"1":1,"2":3},"f":{"0":3},"b":{},"_coverageSchema":"332fd63041d2c1bcb487cc26dd0d5f7d97098a6c","hash":"0b762fca406daae93cfe59289d1258f42253c863","contentHash":"b7320c998aa4378b80a9a23d9f0ef482_11.1.0"},"/Library/WebServer/Documents/open-data/src/utils/parse-obj-enumType.js":{"path":"/Library/WebServer/Documents/open-data/src/utils/parse-obj-enumType.js","statementMap":{"0":{"start":{"line":3,"column":0},"end":{"line":5,"column":3}},"1":{"start":{"line":7,"column":0},"end":{"line":18,"column":2}},"2":{"start":{"line":8,"column":15},"end":{"line":8,"column":17}},"3":{"start":{"line":10,"column":2},"end":{"line":15,"column":5}},"4":{"start":{"line":11,"column":4},"end":{"line":14,"column":6}},"5":{"start":{"line":17,"column":2},"end":{"line":17,"column":16}}},"fnMap":{"0":{"name":"(anonymous_0)","decl":{"start":{"line":7,"column":18},"end":{"line":7,"column":19}},"loc":{"start":{"line":7,"column":33},"end":{"line":18,"column":1}},"line":7},"1":{"name":"(anonymous_1)","decl":{"start":{"line":10,"column":27},"end":{"line":10,"column":28}},"loc":{"start":{"line":10,"column":42},"end":{"line":15,"column":3}},"line":10}},"branchMap":{},"s":{"0":1,"1":1,"2":4,"3":4,"4":396,"5":4},"f":{"0":4,"1":396},"b":{},"_coverageSchema":"332fd63041d2c1bcb487cc26dd0d5f7d97098a6c","hash":"adf9c61748cdb4592c5125445f4277c4485e994b","contentHash":"c64f2322515ae05f1d21eff7f47d42f7_11.1.0"},"/Library/WebServer/Documents/open-data/src/utils/notIncluded.js":{"path":"/Library/WebServer/Documents/open-data/src/utils/notIncluded.js","statementMap":{"0":{"start":{"line":3,"column":0},"end":{"line":5,"column":3}},"1":{"start":{"line":7,"column":15},"end":{"line":7,"column":33}},"2":{"start":{"line":9,"column":16},"end":{"line":9,"column":48}},"3":{"start":{"line":11,"column":13},"end":{"line":11,"column":29}},"4":{"start":{"line":13,"column":14},"end":{"line":13,"column":44}},"5":{"start":{"line":15,"column":39},"end":{"line":15,"column":93}},"6":{"start":{"line":17,"column":0},"end":{"line":22,"column":2}},"7":{"start":{"line":18,"column":2},"end":{"line":18,"column":77}},"8":{"start":{"line":18,"column":55},"end":{"line":18,"column":77}},"9":{"start":{"line":20,"column":2},"end":{"line":20,"column":41}},"10":{"start":{"line":21,"column":2},"end":{"line":21,"column":35}}},"fnMap":{"0":{"name":"_interopRequireDefault","decl":{"start":{"line":15,"column":9},"end":{"line":15,"column":31}},"loc":{"start":{"line":15,"column":37},"end":{"line":15,"column":95}},"line":15},"1":{"name":"(anonymous_1)","decl":{"start":{"line":17,"column":18},"end":{"line":17,"column":19}},"loc":{"start":{"line":17,"column":34},"end":{"line":22,"column":1}},"line":17}},"branchMap":{"0":{"loc":{"start":{"line":15,"column":46},"end":{"line":15,"column":92}},"type":"cond-expr","locations":[{"start":{"line":15,"column":70},"end":{"line":15,"column":73}},{"start":{"line":15,"column":76},"end":{"line":15,"column":92}}],"line":15},"1":{"loc":{"start":{"line":15,"column":46},"end":{"line":15,"column":67}},"type":"binary-expr","locations":[{"start":{"line":15,"column":46},"end":{"line":15,"column":49}},{"start":{"line":15,"column":53},"end":{"line":15,"column":67}}],"line":15},"2":{"loc":{"start":{"line":18,"column":2},"end":{"line":18,"column":77}},"type":"if","locations":[{"start":{"line":18,"column":2},"end":{"line":18,"column":77}},{"start":{"line":18,"column":2},"end":{"line":18,"column":77}}],"line":18}},"s":{"0":1,"1":1,"2":1,"3":1,"4":1,"5":2,"6":1,"7":5,"8":4,"9":1,"10":1},"f":{"0":2,"1":5},"b":{"0":[0,2],"1":[2,2],"2":[4,1]},"_coverageSchema":"332fd63041d2c1bcb487cc26dd0d5f7d97098a6c","hash":"594c965b11c161028f6b0ab6a3ae3d825296161d","contentHash":"008def81f977d42191313e8798ef02b6_11.1.0"},"/Library/WebServer/Documents/open-data/src/constants/counties.js":{"path":"/Library/WebServer/Documents/open-data/src/constants/counties.js","statementMap":{"0":{"start":{"line":4,"column":0},"end":{"line":6,"column":3}},"1":{"start":{"line":7,"column":0},"end":{"line":32,"column":2}}},"fnMap":{},"branchMap":{},"s":{"0":1,"1":1},"f":{},"b":{},"_coverageSchema":"332fd63041d2c1bcb487cc26dd0d5f7d97098a6c","hash":"c483ad6ca6552849e74292991e6fb6b1eb7fc23a","contentHash":"fe2577b5dcfcdb87acf0c25b09b1b95e_11.1.0"},"/Library/WebServer/Documents/open-data/src/test/fields/geoFields.js":{"path":"/Library/WebServer/Documents/open-data/src/test/fields/geoFields.js","statementMap":{"0":{"start":{"line":3,"column":14},"end":{"line":3,"column":31}},"1":{"start":{"line":5,"column":15},"end":{"line":5,"column":46}},"2":{"start":{"line":7,"column":17},"end":{"line":7,"column":51}},"3":{"start":{"line":9,"column":39},"end":{"line":9,"column":93}},"4":{"start":{"line":11,"column":0},"end":{"line":28,"column":3}},"5":{"start":{"line":12,"column":2},"end":{"line":27,"column":5}},"6":{"start":{"line":13,"column":4},"end":{"line":26,"column":7}},"7":{"start":{"line":14,"column":6},"end":{"line":25,"column":38}},"8":{"start":{"line":15,"column":8},"end":{"line":18,"column":10}}},"fnMap":{"0":{"name":"_interopRequireDefault","decl":{"start":{"line":9,"column":9},"end":{"line":9,"column":31}},"loc":{"start":{"line":9,"column":37},"end":{"line":9,"column":95}},"line":9},"1":{"name":"(anonymous_1)","decl":{"start":{"line":11,"column":23},"end":{"line":11,"column":24}},"loc":{"start":{"line":11,"column":35},"end":{"line":28,"column":1}},"line":11},"2":{"name":"(anonymous_2)","decl":{"start":{"line":12,"column":24},"end":{"line":12,"column":25}},"loc":{"start":{"line":12,"column":36},"end":{"line":27,"column":3}},"line":12},"3":{"name":"(anonymous_3)","decl":{"start":{"line":13,"column":25},"end":{"line":13,"column":26}},"loc":{"start":{"line":13,"column":37},"end":{"line":26,"column":5}},"line":13},"4":{"name":"(anonymous_4)","decl":{"start":{"line":14,"column":37},"end":{"line":14,"column":38}},"loc":{"start":{"line":14,"column":49},"end":{"line":19,"column":7}},"line":14}},"branchMap":{"0":{"loc":{"start":{"line":9,"column":46},"end":{"line":9,"column":92}},"type":"cond-expr","locations":[{"start":{"line":9,"column":70},"end":{"line":9,"column":73}},{"start":{"line":9,"column":76},"end":{"line":9,"column":92}}],"line":9},"1":{"loc":{"start":{"line":9,"column":46},"end":{"line":9,"column":67}},"type":"binary-expr","locations":[{"start":{"line":9,"column":46},"end":{"line":9,"column":49}},{"start":{"line":9,"column":53},"end":{"line":9,"column":67}}],"line":9}},"s":{"0":1,"1":1,"2":1,"3":1,"4":1,"5":1,"6":1,"7":1,"8":1},"f":{"0":1,"1":1,"2":1,"3":1,"4":1},"b":{"0":[0,1],"1":[1,1]},"_coverageSchema":"332fd63041d2c1bcb487cc26dd0d5f7d97098a6c","hash":"fbed6c8b343f61b33c3e7f089bdd821bcafdba0c","contentHash":"6ef3af24bfd14f69975fea9223adff76_11.1.0"},"/Library/WebServer/Documents/open-data/src/schemas/geoFields.js":{"path":"/Library/WebServer/Documents/open-data/src/schemas/geoFields.js","statementMap":{"0":{"start":{"line":3,"column":0},"end":{"line":5,"column":3}},"1":{"start":{"line":6,"column":0},"end":{"line":6,"column":43}},"2":{"start":{"line":8,"column":15},"end":{"line":8,"column":33}},"3":{"start":{"line":10,"column":14},"end":{"line":10,"column":31}},"4":{"start":{"line":12,"column":35},"end":{"line":12,"column":193}},"5":{"start":{"line":12,"column":61},"end":{"line":12,"column":145}},"6":{"start":{"line":12,"column":126},"end":{"line":12,"column":143}},"7":{"start":{"line":12,"column":146},"end":{"line":12,"column":158}},"8":{"start":{"line":12,"column":168},"end":{"line":12,"column":191}},"9":{"start":{"line":14,"column":33},"end":{"line":14,"column":456}},"10":{"start":{"line":14,"column":64},"end":{"line":14,"column":89}},"11":{"start":{"line":14,"column":91},"end":{"line":14,"column":453}},"12":{"start":{"line":14,"column":165},"end":{"line":14,"column":263}},"13":{"start":{"line":14,"column":182},"end":{"line":14,"column":195}},"14":{"start":{"line":14,"column":209},"end":{"line":14,"column":219}},"15":{"start":{"line":14,"column":239},"end":{"line":14,"column":253}},"16":{"start":{"line":14,"column":254},"end":{"line":14,"column":261}},"17":{"start":{"line":14,"column":264},"end":{"line":14,"column":426}},"18":{"start":{"line":14,"column":281},"end":{"line":14,"column":296}},"19":{"start":{"line":14,"column":306},"end":{"line":14,"column":424}},"20":{"start":{"line":14,"column":360},"end":{"line":14,"column":380}},"21":{"start":{"line":14,"column":401},"end":{"line":14,"column":420}},"22":{"start":{"line":14,"column":429},"end":{"line":14,"column":449}},"23":{"start":{"line":16,"column":0},"end":{"line":35,"column":2}},"24":{"start":{"line":17,"column":15},"end":{"line":17,"column":26}},"25":{"start":{"line":18,"column":15},"end":{"line":18,"column":26}},"26":{"start":{"line":19,"column":2},"end":{"line":34,"column":4}},"27":{"start":{"line":24,"column":8},"end":{"line":24,"column":40}},"28":{"start":{"line":31,"column":8},"end":{"line":31,"column":40}},"29":{"start":{"line":37,"column":11},"end":{"line":58,"column":1}},"30":{"start":{"line":60,"column":14},"end":{"line":132,"column":1}},"31":{"start":{"line":61,"column":13},"end":{"line":64,"column":3}},"32":{"start":{"line":65,"column":2},"end":{"line":131,"column":6}},"33":{"start":{"line":66,"column":16},"end":{"line":126,"column":7}},"34":{"start":{"line":67,"column":16},"end":{"line":67,"column":25}},"35":{"start":{"line":71,"column":6},"end":{"line":125,"column":40}},"36":{"start":{"line":72,"column":8},"end":{"line":124,"column":9}},"37":{"start":{"line":73,"column":10},"end":{"line":123,"column":11}},"38":{"start":{"line":75,"column":14},"end":{"line":75,"column":32}},"39":{"start":{"line":76,"column":14},"end":{"line":76,"column":57}},"40":{"start":{"line":77,"column":14},"end":{"line":77,"column":32}},"41":{"start":{"line":78,"column":14},"end":{"line":78,"column":47}},"42":{"start":{"line":81,"column":14},"end":{"line":81,"column":36}},"43":{"start":{"line":82,"column":14},"end":{"line":82,"column":44}},"44":{"start":{"line":83,"column":14},"end":{"line":83,"column":33}},"45":{"start":{"line":85,"column":14},"end":{"line":88,"column":15}},"46":{"start":{"line":86,"column":16},"end":{"line":86,"column":35}},"47":{"start":{"line":87,"column":16},"end":{"line":87,"column":22}},"48":{"start":{"line":90,"column":14},"end":{"line":90,"column":61}},"49":{"start":{"line":92,"column":14},"end":{"line":100,"column":17}},"50":{"start":{"line":93,"column":26},"end":{"line":93,"column":35}},"51":{"start":{"line":94,"column":26},"end":{"line":94,"column":35}},"52":{"start":{"line":95,"column":28},"end":{"line":95,"column":39}},"53":{"start":{"line":97,"column":16},"end":{"line":99,"column":21}},"54":{"start":{"line":98,"column":18},"end":{"line":98,"column":164}},"55":{"start":{"line":102,"column":14},"end":{"line":105,"column":17}},"56":{"start":{"line":108,"column":14},"end":{"line":111,"column":17}},"57":{"start":{"line":114,"column":14},"end":{"line":114,"column":33}},"58":{"start":{"line":115,"column":14},"end":{"line":115,"column":49}},"59":{"start":{"line":117,"column":14},"end":{"line":117,"column":39}},"60":{"start":{"line":118,"column":14},"end":{"line":118,"column":51}},"61":{"start":{"line":122,"column":14},"end":{"line":122,"column":37}},"62":{"start":{"line":128,"column":4},"end":{"line":130,"column":6}},"63":{"start":{"line":129,"column":6},"end":{"line":129,"column":42}}},"fnMap":{"0":{"name":"_toConsumableArray","decl":{"start":{"line":12,"column":9},"end":{"line":12,"column":27}},"loc":{"start":{"line":12,"column":33},"end":{"line":12,"column":195}},"line":12},"1":{"name":"_asyncToGenerator","decl":{"start":{"line":14,"column":9},"end":{"line":14,"column":26}},"loc":{"start":{"line":14,"column":31},"end":{"line":14,"column":458}},"line":14},"2":{"name":"(anonymous_2)","decl":{"start":{"line":14,"column":40},"end":{"line":14,"column":41}},"loc":{"start":{"line":14,"column":52},"end":{"line":14,"column":455}},"line":14},"3":{"name":"(anonymous_3)","decl":{"start":{"line":14,"column":110},"end":{"line":14,"column":111}},"loc":{"start":{"line":14,"column":137},"end":{"line":14,"column":451}},"line":14},"4":{"name":"step","decl":{"start":{"line":14,"column":148},"end":{"line":14,"column":152}},"loc":{"start":{"line":14,"column":163},"end":{"line":14,"column":428}},"line":14},"5":{"name":"(anonymous_5)","decl":{"start":{"line":14,"column":341},"end":{"line":14,"column":342}},"loc":{"start":{"line":14,"column":358},"end":{"line":14,"column":382}},"line":14},"6":{"name":"(anonymous_6)","decl":{"start":{"line":14,"column":384},"end":{"line":14,"column":385}},"loc":{"start":{"line":14,"column":399},"end":{"line":14,"column":422}},"line":14},"7":{"name":"(anonymous_7)","decl":{"start":{"line":16,"column":18},"end":{"line":16,"column":19}},"loc":{"start":{"line":16,"column":34},"end":{"line":35,"column":1}},"line":16},"8":{"name":"resolve","decl":{"start":{"line":23,"column":24},"end":{"line":23,"column":31}},"loc":{"start":{"line":23,"column":38},"end":{"line":25,"column":7}},"line":23},"9":{"name":"resolve","decl":{"start":{"line":30,"column":24},"end":{"line":30,"column":31}},"loc":{"start":{"line":30,"column":38},"end":{"line":32,"column":7}},"line":30},"10":{"name":"resolve","decl":{"start":{"line":60,"column":41},"end":{"line":60,"column":48}},"loc":{"start":{"line":60,"column":58},"end":{"line":132,"column":1}},"line":60},"11":{"name":"(anonymous_11)","decl":{"start":{"line":65,"column":9},"end":{"line":65,"column":10}},"loc":{"start":{"line":65,"column":21},"end":{"line":131,"column":3}},"line":65},"12":{"name":"_callee","decl":{"start":{"line":66,"column":67},"end":{"line":66,"column":74}},"loc":{"start":{"line":66,"column":93},"end":{"line":126,"column":5}},"line":66},"13":{"name":"_callee$","decl":{"start":{"line":71,"column":46},"end":{"line":71,"column":54}},"loc":{"start":{"line":71,"column":65},"end":{"line":125,"column":7}},"line":71},"14":{"name":"(anonymous_14)","decl":{"start":{"line":92,"column":26},"end":{"line":92,"column":27}},"loc":{"start":{"line":92,"column":43},"end":{"line":100,"column":15}},"line":92},"15":{"name":"(anonymous_15)","decl":{"start":{"line":97,"column":76},"end":{"line":97,"column":77}},"loc":{"start":{"line":97,"column":89},"end":{"line":99,"column":17}},"line":97},"16":{"name":"(anonymous_16)","decl":{"start":{"line":128,"column":11},"end":{"line":128,"column":12}},"loc":{"start":{"line":128,"column":36},"end":{"line":130,"column":5}},"line":128}},"branchMap":{"0":{"loc":{"start":{"line":12,"column":35},"end":{"line":12,"column":193}},"type":"if","locations":[{"start":{"line":12,"column":35},"end":{"line":12,"column":193}},{"start":{"line":12,"column":35},"end":{"line":12,"column":193}}],"line":12},"1":{"loc":{"start":{"line":14,"column":264},"end":{"line":14,"column":426}},"type":"if","locations":[{"start":{"line":14,"column":264},"end":{"line":14,"column":426}},{"start":{"line":14,"column":264},"end":{"line":14,"column":426}}],"line":14},"2":{"loc":{"start":{"line":61,"column":13},"end":{"line":64,"column":3}},"type":"cond-expr","locations":[{"start":{"line":61,"column":66},"end":{"line":61,"column":78}},{"start":{"line":61,"column":81},"end":{"line":64,"column":3}}],"line":61},"3":{"loc":{"start":{"line":61,"column":13},"end":{"line":61,"column":63}},"type":"binary-expr","locations":[{"start":{"line":61,"column":13},"end":{"line":61,"column":33}},{"start":{"line":61,"column":37},"end":{"line":61,"column":63}}],"line":61},"4":{"loc":{"start":{"line":73,"column":10},"end":{"line":123,"column":11}},"type":"switch","locations":[{"start":{"line":74,"column":12},"end":{"line":78,"column":47}},{"start":{"line":80,"column":12},"end":{"line":105,"column":17}},{"start":{"line":107,"column":12},"end":{"line":111,"column":17}},{"start":{"line":113,"column":12},"end":{"line":118,"column":51}},{"start":{"line":120,"column":12},"end":{"line":120,"column":20}},{"start":{"line":121,"column":12},"end":{"line":122,"column":37}}],"line":73},"5":{"loc":{"start":{"line":85,"column":14},"end":{"line":88,"column":15}},"type":"if","locations":[{"start":{"line":85,"column":14},"end":{"line":88,"column":15}},{"start":{"line":85,"column":14},"end":{"line":88,"column":15}}],"line":85},"6":{"loc":{"start":{"line":97,"column":56},"end":{"line":97,"column":67}},"type":"binary-expr","locations":[{"start":{"line":97,"column":56},"end":{"line":97,"column":61}},{"start":{"line":97,"column":65},"end":{"line":97,"column":67}}],"line":97}},"s":{"0":1,"1":1,"2":1,"3":1,"4":2,"5":0,"6":0,"7":0,"8":2,"9":7,"10":7,"11":7,"12":14,"13":14,"14":14,"15":0,"16":0,"17":14,"18":7,"19":7,"20":7,"21":0,"22":7,"23":1,"24":1,"25":1,"26":1,"27":0,"28":0,"29":1,"30":1,"31":7,"32":7,"33":7,"34":7,"35":7,"36":23,"37":28,"38":7,"39":7,"40":7,"41":7,"42":7,"43":7,"44":7,"45":7,"46":5,"47":5,"48":2,"49":1,"50":0,"51":0,"52":0,"53":0,"54":0,"55":0,"56":5,"57":2,"58":2,"59":2,"60":2,"61":7,"62":7,"63":7},"f":{"0":2,"1":7,"2":7,"3":7,"4":14,"5":7,"6":0,"7":1,"8":0,"9":0,"10":7,"11":7,"12":7,"13":23,"14":0,"15":0,"16":7},"b":{"0":[0,2],"1":[7,7],"2":[6,1],"3":[7,6],"4":[7,7,5,2,0,7],"5":[5,2],"6":[0,0]},"_coverageSchema":"332fd63041d2c1bcb487cc26dd0d5f7d97098a6c","hash":"f23e7189eb39641f6d9b293a3b3c8d56c48a0521","contentHash":"71bd6a70f4486bbb8af5bfda76a35f79_11.1.0"},"/Library/WebServer/Documents/open-data/src/test/fields/townshipFields.js":{"path":"/Library/WebServer/Documents/open-data/src/test/fields/townshipFields.js","statementMap":{"0":{"start":{"line":3,"column":14},"end":{"line":3,"column":31}},"1":{"start":{"line":5,"column":15},"end":{"line":5,"column":46}},"2":{"start":{"line":7,"column":22},"end":{"line":7,"column":61}},"3":{"start":{"line":9,"column":23},"end":{"line":9,"column":62}},"4":{"start":{"line":11,"column":39},"end":{"line":11,"column":93}},"5":{"start":{"line":13,"column":0},"end":{"line":32,"column":3}},"6":{"start":{"line":14,"column":2},"end":{"line":18,"column":5}},"7":{"start":{"line":15,"column":4},"end":{"line":17,"column":66}},"8":{"start":{"line":16,"column":6},"end":{"line":16,"column":87}},"9":{"start":{"line":20,"column":2},"end":{"line":31,"column":5}},"10":{"start":{"line":21,"column":4},"end":{"line":30,"column":7}},"11":{"start":{"line":22,"column":6},"end":{"line":29,"column":38}},"12":{"start":{"line":23,"column":8},"end":{"line":26,"column":10}}},"fnMap":{"0":{"name":"_interopRequireDefault","decl":{"start":{"line":11,"column":9},"end":{"line":11,"column":31}},"loc":{"start":{"line":11,"column":37},"end":{"line":11,"column":95}},"line":11},"1":{"name":"(anonymous_1)","decl":{"start":{"line":13,"column":28},"end":{"line":13,"column":29}},"loc":{"start":{"line":13,"column":40},"end":{"line":32,"column":1}},"line":13},"2":{"name":"(anonymous_2)","decl":{"start":{"line":14,"column":32},"end":{"line":14,"column":33}},"loc":{"start":{"line":14,"column":44},"end":{"line":18,"column":3}},"line":14},"3":{"name":"(anonymous_3)","decl":{"start":{"line":15,"column":5},"end":{"line":15,"column":6}},"loc":{"start":{"line":15,"column":17},"end":{"line":17,"column":5}},"line":15},"4":{"name":"(anonymous_4)","decl":{"start":{"line":20,"column":24},"end":{"line":20,"column":25}},"loc":{"start":{"line":20,"column":36},"end":{"line":31,"column":3}},"line":20},"5":{"name":"(anonymous_5)","decl":{"start":{"line":21,"column":25},"end":{"line":21,"column":26}},"loc":{"start":{"line":21,"column":37},"end":{"line":30,"column":5}},"line":21},"6":{"name":"(anonymous_6)","decl":{"start":{"line":22,"column":42},"end":{"line":22,"column":43}},"loc":{"start":{"line":22,"column":54},"end":{"line":27,"column":7}},"line":22}},"branchMap":{"0":{"loc":{"start":{"line":11,"column":46},"end":{"line":11,"column":92}},"type":"cond-expr","locations":[{"start":{"line":11,"column":70},"end":{"line":11,"column":73}},{"start":{"line":11,"column":76},"end":{"line":11,"column":92}}],"line":11},"1":{"loc":{"start":{"line":11,"column":46},"end":{"line":11,"column":67}},"type":"binary-expr","locations":[{"start":{"line":11,"column":46},"end":{"line":11,"column":49}},{"start":{"line":11,"column":53},"end":{"line":11,"column":67}}],"line":11}},"s":{"0":1,"1":1,"2":1,"3":1,"4":2,"5":1,"6":1,"7":1,"8":1,"9":1,"10":1,"11":1,"12":1},"f":{"0":2,"1":1,"2":1,"3":1,"4":1,"5":1,"6":1},"b":{"0":[1,1],"1":[2,2]},"_coverageSchema":"332fd63041d2c1bcb487cc26dd0d5f7d97098a6c","hash":"77ca70923dd49c1f1997558120826d937f151975","contentHash":"ddaee4bd601e28d43e9829098c57f9fc_11.1.0"},"/Library/WebServer/Documents/open-data/src/schemas/townshipFields.js":{"path":"/Library/WebServer/Documents/open-data/src/schemas/townshipFields.js","statementMap":{"0":{"start":{"line":3,"column":0},"end":{"line":5,"column":3}},"1":{"start":{"line":6,"column":0},"end":{"line":6,"column":43}},"2":{"start":{"line":8,"column":15},"end":{"line":8,"column":33}},"3":{"start":{"line":10,"column":15},"end":{"line":10,"column":42}},"4":{"start":{"line":12,"column":16},"end":{"line":12,"column":48}},"5":{"start":{"line":14,"column":24},"end":{"line":14,"column":62}},"6":{"start":{"line":16,"column":25},"end":{"line":16,"column":66}},"7":{"start":{"line":18,"column":19},"end":{"line":18,"column":50}},"8":{"start":{"line":20,"column":20},"end":{"line":20,"column":56}},"9":{"start":{"line":22,"column":17},"end":{"line":22,"column":50}},"10":{"start":{"line":24,"column":18},"end":{"line":24,"column":52}},"11":{"start":{"line":26,"column":39},"end":{"line":26,"column":93}},"12":{"start":{"line":28,"column":33},"end":{"line":28,"column":456}},"13":{"start":{"line":28,"column":64},"end":{"line":28,"column":89}},"14":{"start":{"line":28,"column":91},"end":{"line":28,"column":453}},"15":{"start":{"line":28,"column":165},"end":{"line":28,"column":263}},"16":{"start":{"line":28,"column":182},"end":{"line":28,"column":195}},"17":{"start":{"line":28,"column":209},"end":{"line":28,"column":219}},"18":{"start":{"line":28,"column":239},"end":{"line":28,"column":253}},"19":{"start":{"line":28,"column":254},"end":{"line":28,"column":261}},"20":{"start":{"line":28,"column":264},"end":{"line":28,"column":426}},"21":{"start":{"line":28,"column":281},"end":{"line":28,"column":296}},"22":{"start":{"line":28,"column":306},"end":{"line":28,"column":424}},"23":{"start":{"line":28,"column":360},"end":{"line":28,"column":380}},"24":{"start":{"line":28,"column":401},"end":{"line":28,"column":420}},"25":{"start":{"line":28,"column":429},"end":{"line":28,"column":449}},"26":{"start":{"line":30,"column":0},"end":{"line":44,"column":2}},"27":{"start":{"line":31,"column":2},"end":{"line":43,"column":4}},"28":{"start":{"line":36,"column":23},"end":{"line":36,"column":56}},"29":{"start":{"line":38,"column":8},"end":{"line":38,"column":153}},"30":{"start":{"line":38,"column":68},"end":{"line":38,"column":153}},"31":{"start":{"line":40,"column":8},"end":{"line":40,"column":24}},"32":{"start":{"line":46,"column":11},"end":{"line":54,"column":1}},"33":{"start":{"line":56,"column":14},"end":{"line":117,"column":1}},"34":{"start":{"line":57,"column":12},"end":{"line":57,"column":90}},"35":{"start":{"line":58,"column":2},"end":{"line":116,"column":6}},"36":{"start":{"line":59,"column":15},"end":{"line":111,"column":7}},"37":{"start":{"line":60,"column":22},"end":{"line":60,"column":37}},"38":{"start":{"line":64,"column":6},"end":{"line":110,"column":40}},"39":{"start":{"line":65,"column":8},"end":{"line":109,"column":9}},"40":{"start":{"line":66,"column":10},"end":{"line":108,"column":11}},"41":{"start":{"line":68,"column":14},"end":{"line":68,"column":32}},"42":{"start":{"line":69,"column":14},"end":{"line":69,"column":32}},"43":{"start":{"line":70,"column":14},"end":{"line":70,"column":47}},"44":{"start":{"line":73,"column":14},"end":{"line":73,"column":36}},"45":{"start":{"line":74,"column":14},"end":{"line":74,"column":44}},"46":{"start":{"line":75,"column":14},"end":{"line":75,"column":33}},"47":{"start":{"line":77,"column":14},"end":{"line":80,"column":15}},"48":{"start":{"line":78,"column":16},"end":{"line":78,"column":34}},"49":{"start":{"line":79,"column":16},"end":{"line":79,"column":22}},"50":{"start":{"line":82,"column":14},"end":{"line":84,"column":17}},"51":{"start":{"line":83,"column":16},"end":{"line":83,"column":53}},"52":{"start":{"line":85,"column":14},"end":{"line":90,"column":17}},"53":{"start":{"line":88,"column":18},"end":{"line":88,"column":83}},"54":{"start":{"line":93,"column":14},"end":{"line":96,"column":17}},"55":{"start":{"line":99,"column":14},"end":{"line":99,"column":33}},"56":{"start":{"line":100,"column":14},"end":{"line":100,"column":49}},"57":{"start":{"line":102,"column":14},"end":{"line":102,"column":39}},"58":{"start":{"line":103,"column":14},"end":{"line":103,"column":51}},"59":{"start":{"line":107,"column":14},"end":{"line":107,"column":37}},"60":{"start":{"line":113,"column":4},"end":{"line":115,"column":6}},"61":{"start":{"line":114,"column":6},"end":{"line":114,"column":41}}},"fnMap":{"0":{"name":"_interopRequireDefault","decl":{"start":{"line":26,"column":9},"end":{"line":26,"column":31}},"loc":{"start":{"line":26,"column":37},"end":{"line":26,"column":95}},"line":26},"1":{"name":"_asyncToGenerator","decl":{"start":{"line":28,"column":9},"end":{"line":28,"column":26}},"loc":{"start":{"line":28,"column":31},"end":{"line":28,"column":458}},"line":28},"2":{"name":"(anonymous_2)","decl":{"start":{"line":28,"column":40},"end":{"line":28,"column":41}},"loc":{"start":{"line":28,"column":52},"end":{"line":28,"column":455}},"line":28},"3":{"name":"(anonymous_3)","decl":{"start":{"line":28,"column":110},"end":{"line":28,"column":111}},"loc":{"start":{"line":28,"column":137},"end":{"line":28,"column":451}},"line":28},"4":{"name":"step","decl":{"start":{"line":28,"column":148},"end":{"line":28,"column":152}},"loc":{"start":{"line":28,"column":163},"end":{"line":28,"column":428}},"line":28},"5":{"name":"(anonymous_5)","decl":{"start":{"line":28,"column":341},"end":{"line":28,"column":342}},"loc":{"start":{"line":28,"column":358},"end":{"line":28,"column":382}},"line":28},"6":{"name":"(anonymous_6)","decl":{"start":{"line":28,"column":384},"end":{"line":28,"column":385}},"loc":{"start":{"line":28,"column":399},"end":{"line":28,"column":422}},"line":28},"7":{"name":"(anonymous_7)","decl":{"start":{"line":30,"column":18},"end":{"line":30,"column":19}},"loc":{"start":{"line":30,"column":33},"end":{"line":44,"column":1}},"line":30},"8":{"name":"resolve","decl":{"start":{"line":35,"column":24},"end":{"line":35,"column":31}},"loc":{"start":{"line":35,"column":38},"end":{"line":41,"column":7}},"line":35},"9":{"name":"resolve","decl":{"start":{"line":56,"column":41},"end":{"line":56,"column":48}},"loc":{"start":{"line":56,"column":58},"end":{"line":117,"column":1}},"line":56},"10":{"name":"(anonymous_10)","decl":{"start":{"line":58,"column":9},"end":{"line":58,"column":10}},"loc":{"start":{"line":58,"column":21},"end":{"line":116,"column":3}},"line":58},"11":{"name":"_callee","decl":{"start":{"line":59,"column":66},"end":{"line":59,"column":73}},"loc":{"start":{"line":59,"column":92},"end":{"line":111,"column":5}},"line":59},"12":{"name":"_callee$","decl":{"start":{"line":64,"column":46},"end":{"line":64,"column":54}},"loc":{"start":{"line":64,"column":65},"end":{"line":110,"column":7}},"line":64},"13":{"name":"(anonymous_13)","decl":{"start":{"line":82,"column":47},"end":{"line":82,"column":48}},"loc":{"start":{"line":82,"column":67},"end":{"line":84,"column":15}},"line":82},"14":{"name":"(anonymous_14)","decl":{"start":{"line":87,"column":43},"end":{"line":87,"column":44}},"loc":{"start":{"line":87,"column":56},"end":{"line":89,"column":17}},"line":87},"15":{"name":"(anonymous_15)","decl":{"start":{"line":113,"column":11},"end":{"line":113,"column":12}},"loc":{"start":{"line":113,"column":36},"end":{"line":115,"column":5}},"line":113}},"branchMap":{"0":{"loc":{"start":{"line":26,"column":46},"end":{"line":26,"column":92}},"type":"cond-expr","locations":[{"start":{"line":26,"column":70},"end":{"line":26,"column":73}},{"start":{"line":26,"column":76},"end":{"line":26,"column":92}}],"line":26},"1":{"loc":{"start":{"line":26,"column":46},"end":{"line":26,"column":67}},"type":"binary-expr","locations":[{"start":{"line":26,"column":46},"end":{"line":26,"column":49}},{"start":{"line":26,"column":53},"end":{"line":26,"column":67}}],"line":26},"2":{"loc":{"start":{"line":28,"column":264},"end":{"line":28,"column":426}},"type":"if","locations":[{"start":{"line":28,"column":264},"end":{"line":28,"column":426}},{"start":{"line":28,"column":264},"end":{"line":28,"column":426}}],"line":28},"3":{"loc":{"start":{"line":38,"column":8},"end":{"line":38,"column":153}},"type":"if","locations":[{"start":{"line":38,"column":8},"end":{"line":38,"column":153}},{"start":{"line":38,"column":8},"end":{"line":38,"column":153}}],"line":38},"4":{"loc":{"start":{"line":57,"column":12},"end":{"line":57,"column":90}},"type":"cond-expr","locations":[{"start":{"line":57,"column":65},"end":{"line":57,"column":77}},{"start":{"line":57,"column":80},"end":{"line":57,"column":90}}],"line":57},"5":{"loc":{"start":{"line":57,"column":12},"end":{"line":57,"column":62}},"type":"binary-expr","locations":[{"start":{"line":57,"column":12},"end":{"line":57,"column":32}},{"start":{"line":57,"column":36},"end":{"line":57,"column":62}}],"line":57},"6":{"loc":{"start":{"line":66,"column":10},"end":{"line":108,"column":11}},"type":"switch","locations":[{"start":{"line":67,"column":12},"end":{"line":70,"column":47}},{"start":{"line":72,"column":12},"end":{"line":90,"column":17}},{"start":{"line":92,"column":12},"end":{"line":96,"column":17}},{"start":{"line":98,"column":12},"end":{"line":103,"column":51}},{"start":{"line":105,"column":12},"end":{"line":105,"column":20}},{"start":{"line":106,"column":12},"end":{"line":107,"column":37}}],"line":66},"7":{"loc":{"start":{"line":77,"column":14},"end":{"line":80,"column":15}},"type":"if","locations":[{"start":{"line":77,"column":14},"end":{"line":80,"column":15}},{"start":{"line":77,"column":14},"end":{"line":80,"column":15}}],"line":77},"8":{"loc":{"start":{"line":87,"column":23},"end":{"line":87,"column":34}},"type":"binary-expr","locations":[{"start":{"line":87,"column":23},"end":{"line":87,"column":28}},{"start":{"line":87,"column":32},"end":{"line":87,"column":34}}],"line":87}},"s":{"0":1,"1":1,"2":1,"3":1,"4":1,"5":1,"6":1,"7":1,"8":1,"9":1,"10":1,"11":4,"12":7,"13":7,"14":7,"15":14,"16":14,"17":14,"18":0,"19":0,"20":14,"21":7,"22":7,"23":7,"24":0,"25":7,"26":1,"27":2,"28":1,"29":1,"30":1,"31":0,"32":1,"33":1,"34":7,"35":7,"36":7,"37":7,"38":7,"39":22,"40":27,"41":7,"42":7,"43":7,"44":7,"45":7,"46":7,"47":7,"48":5,"49":5,"50":2,"51":2,"52":2,"53":0,"54":5,"55":1,"56":1,"57":1,"58":1,"59":7,"60":7,"61":7},"f":{"0":4,"1":7,"2":7,"3":7,"4":14,"5":7,"6":0,"7":2,"8":1,"9":7,"10":7,"11":7,"12":22,"13":2,"14":0,"15":7},"b":{"0":[4,0],"1":[4,4],"2":[7,7],"3":[1,0],"4":[6,1],"5":[7,6],"6":[7,7,5,1,0,7],"7":[5,2],"8":[2,1]},"_coverageSchema":"332fd63041d2c1bcb487cc26dd0d5f7d97098a6c","hash":"5b16c98b652ff5593af43adcd66fe028f8881586","contentHash":"1e95a145ff3bdd15539a50fe95faf218_11.1.0"},"/Library/WebServer/Documents/open-data/src/constants/townships.js":{"path":"/Library/WebServer/Documents/open-data/src/constants/townships.js","statementMap":{"0":{"start":{"line":4,"column":0},"end":{"line":6,"column":3}},"1":{"start":{"line":7,"column":0},"end":{"line":366,"column":2}}},"fnMap":{},"branchMap":{},"s":{"0":1,"1":1},"f":{},"b":{},"_coverageSchema":"332fd63041d2c1bcb487cc26dd0d5f7d97098a6c","hash":"fc2040355e673c0df01b1045ca59d6760a2a8a64","contentHash":"1f0b9c46101c3caac18ecdd85f17a07e_11.1.0"},"/Library/WebServer/Documents/open-data/src/test/get-county-township.js":{"path":"/Library/WebServer/Documents/open-data/src/test/get-county-township.js","statementMap":{"0":{"start":{"line":3,"column":14},"end":{"line":3,"column":31}},"1":{"start":{"line":5,"column":15},"end":{"line":5,"column":46}},"2":{"start":{"line":7,"column":13},"end":{"line":7,"column":29}},"3":{"start":{"line":9,"column":14},"end":{"line":9,"column":44}},"4":{"start":{"line":11,"column":25},"end":{"line":11,"column":67}},"5":{"start":{"line":13,"column":26},"end":{"line":13,"column":68}},"6":{"start":{"line":15,"column":39},"end":{"line":15,"column":93}},"7":{"start":{"line":18,"column":0},"end":{"line":22,"column":3}},"8":{"start":{"line":19,"column":2},"end":{"line":21,"column":5}},"9":{"start":{"line":20,"column":4},"end":{"line":20,"column":168}}},"fnMap":{"0":{"name":"_interopRequireDefault","decl":{"start":{"line":15,"column":9},"end":{"line":15,"column":31}},"loc":{"start":{"line":15,"column":37},"end":{"line":15,"column":95}},"line":15},"1":{"name":"(anonymous_1)","decl":{"start":{"line":18,"column":32},"end":{"line":18,"column":33}},"loc":{"start":{"line":18,"column":44},"end":{"line":22,"column":1}},"line":18},"2":{"name":"(anonymous_2)","decl":{"start":{"line":19,"column":14},"end":{"line":19,"column":15}},"loc":{"start":{"line":19,"column":26},"end":{"line":21,"column":3}},"line":19}},"branchMap":{"0":{"loc":{"start":{"line":15,"column":46},"end":{"line":15,"column":92}},"type":"cond-expr","locations":[{"start":{"line":15,"column":70},"end":{"line":15,"column":73}},{"start":{"line":15,"column":76},"end":{"line":15,"column":92}}],"line":15},"1":{"loc":{"start":{"line":15,"column":46},"end":{"line":15,"column":67}},"type":"binary-expr","locations":[{"start":{"line":15,"column":46},"end":{"line":15,"column":49}},{"start":{"line":15,"column":53},"end":{"line":15,"column":67}}],"line":15}},"s":{"0":1,"1":1,"2":1,"3":1,"4":1,"5":1,"6":3,"7":1,"8":1,"9":1},"f":{"0":3,"1":1,"2":1},"b":{"0":[1,2],"1":[3,3]},"_coverageSchema":"332fd63041d2c1bcb487cc26dd0d5f7d97098a6c","hash":"59359d87f8bddd32a20a481d4d5eb5d26e0d399a","contentHash":"c060d79d94f12c3af3df0fe21eecfb9d_11.1.0"},"/Library/WebServer/Documents/open-data/src/bin/core/get-county-township.js":{"path":"/Library/WebServer/Documents/open-data/src/bin/core/get-county-township.js","statementMap":{"0":{"start":{"line":5,"column":0},"end":{"line":7,"column":3}},"1":{"start":{"line":9,"column":12},"end":{"line":9,"column":27}},"2":{"start":{"line":11,"column":13},"end":{"line":11,"column":42}},"3":{"start":{"line":13,"column":17},"end":{"line":13,"column":38}},"4":{"start":{"line":15,"column":18},"end":{"line":15,"column":52}},"5":{"start":{"line":17,"column":14},"end":{"line":17,"column":31}},"6":{"start":{"line":19,"column":13},"end":{"line":19,"column":30}},"7":{"start":{"line":21,"column":14},"end":{"line":21,"column":44}},"8":{"start":{"line":23,"column":19},"end":{"line":23,"column":43}},"9":{"start":{"line":25,"column":20},"end":{"line":25,"column":56}},"10":{"start":{"line":27,"column":13},"end":{"line":27,"column":29}},"11":{"start":{"line":29,"column":14},"end":{"line":29,"column":44}},"12":{"start":{"line":31,"column":39},"end":{"line":31,"column":93}},"13":{"start":{"line":33,"column":12},"end":{"line":33,"column":36}},"14":{"start":{"line":34,"column":9},"end":{"line":34,"column":44}},"15":{"start":{"line":35,"column":11},"end":{"line":35,"column":65}},"16":{"start":{"line":36,"column":15},"end":{"line":36,"column":17}},"17":{"start":{"line":37,"column":16},"end":{"line":40,"column":1}},"18":{"start":{"line":42,"column":14},"end":{"line":46,"column":1}},"19":{"start":{"line":43,"column":2},"end":{"line":45,"column":28}},"20":{"start":{"line":44,"column":4},"end":{"line":44,"column":48}},"21":{"start":{"line":48,"column":0},"end":{"line":81,"column":2}},"22":{"start":{"line":49,"column":2},"end":{"line":80,"column":5}},"23":{"start":{"line":50,"column":4},"end":{"line":50,"column":22}},"24":{"start":{"line":52,"column":4},"end":{"line":79,"column":7}},"25":{"start":{"line":53,"column":6},"end":{"line":78,"column":9}},"26":{"start":{"line":54,"column":8},"end":{"line":54,"column":36}},"27":{"start":{"line":54,"column":17},"end":{"line":54,"column":36}},"28":{"start":{"line":56,"column":29},"end":{"line":56,"column":59}},"29":{"start":{"line":59,"column":8},"end":{"line":69,"column":11}},"30":{"start":{"line":60,"column":20},"end":{"line":60,"column":34}},"31":{"start":{"line":61,"column":20},"end":{"line":61,"column":46}},"32":{"start":{"line":62,"column":30},"end":{"line":62,"column":45}},"33":{"start":{"line":63,"column":32},"end":{"line":63,"column":44}},"34":{"start":{"line":64,"column":30},"end":{"line":64,"column":67}},"35":{"start":{"line":65,"column":32},"end":{"line":65,"column":61}},"36":{"start":{"line":67,"column":10},"end":{"line":67,"column":50}},"37":{"start":{"line":68,"column":10},"end":{"line":68,"column":55}},"38":{"start":{"line":71,"column":8},"end":{"line":71,"column":81}},"39":{"start":{"line":73,"column":8},"end":{"line":73,"column":83}},"40":{"start":{"line":75,"column":8},"end":{"line":77,"column":11}},"41":{"start":{"line":76,"column":10},"end":{"line":76,"column":53}}},"fnMap":{"0":{"name":"_interopRequireDefault","decl":{"start":{"line":31,"column":9},"end":{"line":31,"column":31}},"loc":{"start":{"line":31,"column":37},"end":{"line":31,"column":95}},"line":31},"1":{"name":"content","decl":{"start":{"line":42,"column":23},"end":{"line":42,"column":30}},"loc":{"start":{"line":42,"column":37},"end":{"line":46,"column":1}},"line":42},"2":{"name":"(anonymous_2)","decl":{"start":{"line":43,"column":75},"end":{"line":43,"column":76}},"loc":{"start":{"line":43,"column":90},"end":{"line":45,"column":3}},"line":43},"3":{"name":"(anonymous_3)","decl":{"start":{"line":48,"column":18},"end":{"line":48,"column":19}},"loc":{"start":{"line":48,"column":34},"end":{"line":81,"column":1}},"line":48},"4":{"name":"(anonymous_4)","decl":{"start":{"line":49,"column":45},"end":{"line":49,"column":46}},"loc":{"start":{"line":49,"column":60},"end":{"line":51,"column":3}},"line":49},"5":{"name":"(anonymous_5)","decl":{"start":{"line":51,"column":10},"end":{"line":51,"column":11}},"loc":{"start":{"line":51,"column":26},"end":{"line":80,"column":3}},"line":51},"6":{"name":"(anonymous_6)","decl":{"start":{"line":52,"column":23},"end":{"line":52,"column":24}},"loc":{"start":{"line":52,"column":50},"end":{"line":79,"column":5}},"line":52},"7":{"name":"(anonymous_7)","decl":{"start":{"line":53,"column":44},"end":{"line":53,"column":45}},"loc":{"start":{"line":53,"column":67},"end":{"line":78,"column":7}},"line":53},"8":{"name":"(anonymous_8)","decl":{"start":{"line":59,"column":31},"end":{"line":59,"column":32}},"loc":{"start":{"line":59,"column":47},"end":{"line":69,"column":9}},"line":59},"9":{"name":"(anonymous_9)","decl":{"start":{"line":75,"column":18},"end":{"line":75,"column":19}},"loc":{"start":{"line":75,"column":30},"end":{"line":77,"column":9}},"line":75}},"branchMap":{"0":{"loc":{"start":{"line":31,"column":46},"end":{"line":31,"column":92}},"type":"cond-expr","locations":[{"start":{"line":31,"column":70},"end":{"line":31,"column":73}},{"start":{"line":31,"column":76},"end":{"line":31,"column":92}}],"line":31},"1":{"loc":{"start":{"line":31,"column":46},"end":{"line":31,"column":67}},"type":"binary-expr","locations":[{"start":{"line":31,"column":46},"end":{"line":31,"column":49}},{"start":{"line":31,"column":53},"end":{"line":31,"column":67}}],"line":31},"2":{"loc":{"start":{"line":54,"column":8},"end":{"line":54,"column":36}},"type":"if","locations":[{"start":{"line":54,"column":8},"end":{"line":54,"column":36}},{"start":{"line":54,"column":8},"end":{"line":54,"column":36}}],"line":54},"3":{"loc":{"start":{"line":64,"column":34},"end":{"line":64,"column":48}},"type":"cond-expr","locations":[{"start":{"line":64,"column":43},"end":{"line":64,"column":44}},{"start":{"line":64,"column":47},"end":{"line":64,"column":48}}],"line":64}},"s":{"0":1,"1":1,"2":1,"3":1,"4":1,"5":1,"6":1,"7":1,"8":1,"9":1,"10":1,"11":1,"12":5,"13":1,"14":1,"15":1,"16":1,"17":1,"18":1,"19":2,"20":382,"21":1,"22":1,"23":1,"24":1,"25":1,"26":1,"27":0,"28":1,"29":1,"30":371,"31":371,"32":371,"33":371,"34":371,"35":371,"36":371,"37":371,"38":1,"39":1,"40":1,"41":1},"f":{"0":5,"1":2,"2":382,"3":1,"4":1,"5":1,"6":1,"7":1,"8":371,"9":1},"b":{"0":[0,5],"1":[5,5],"2":[0,1],"3":[370,1]},"_coverageSchema":"332fd63041d2c1bcb487cc26dd0d5f7d97098a6c","hash":"c53f8e269bd57568c8bbadcb94dcbec8b0f6085d","contentHash":"b40fe643d8f0654058e4bc3576ea65f7_11.1.0"},"/Library/WebServer/Documents/open-data/src/test/schemas/airQualityMonitoringStation.js":{"path":"/Library/WebServer/Documents/open-data/src/test/schemas/airQualityMonitoringStation.js","statementMap":{"0":{"start":{"line":3,"column":14},"end":{"line":3,"column":31}},"1":{"start":{"line":5,"column":15},"end":{"line":5,"column":46}},"2":{"start":{"line":7,"column":15},"end":{"line":7,"column":33}},"3":{"start":{"line":9,"column":14},"end":{"line":9,"column":45}},"4":{"start":{"line":11,"column":15},"end":{"line":11,"column":46}},"5":{"start":{"line":13,"column":16},"end":{"line":13,"column":77}},"6":{"start":{"line":15,"column":19},"end":{"line":15,"column":43}},"7":{"start":{"line":17,"column":20},"end":{"line":17,"column":56}},"8":{"start":{"line":19,"column":12},"end":{"line":19,"column":29}},"9":{"start":{"line":21,"column":39},"end":{"line":21,"column":93}},"10":{"start":{"line":23,"column":0},"end":{"line":73,"column":3}},"11":{"start":{"line":24,"column":2},"end":{"line":52,"column":5}},"12":{"start":{"line":25,"column":4},"end":{"line":27,"column":7}},"13":{"start":{"line":26,"column":6},"end":{"line":26,"column":547}},"14":{"start":{"line":29,"column":4},"end":{"line":51,"column":7}},"15":{"start":{"line":45,"column":17},"end":{"line":45,"column":26}},"16":{"start":{"line":46,"column":17},"end":{"line":46,"column":26}},"17":{"start":{"line":48,"column":6},"end":{"line":50,"column":9}},"18":{"start":{"line":49,"column":8},"end":{"line":49,"column":359}},"19":{"start":{"line":54,"column":2},"end":{"line":72,"column":5}},"20":{"start":{"line":55,"column":4},"end":{"line":62,"column":7}},"21":{"start":{"line":56,"column":21},"end":{"line":56,"column":50}},"22":{"start":{"line":59,"column":6},"end":{"line":61,"column":68}},"23":{"start":{"line":60,"column":8},"end":{"line":60,"column":47}},"24":{"start":{"line":64,"column":4},"end":{"line":71,"column":7}},"25":{"start":{"line":65,"column":21},"end":{"line":65,"column":50}},"26":{"start":{"line":68,"column":6},"end":{"line":70,"column":68}},"27":{"start":{"line":69,"column":8},"end":{"line":69,"column":47}}},"fnMap":{"0":{"name":"_interopRequireDefault","decl":{"start":{"line":21,"column":9},"end":{"line":21,"column":31}},"loc":{"start":{"line":21,"column":37},"end":{"line":21,"column":95}},"line":21},"1":{"name":"(anonymous_1)","decl":{"start":{"line":23,"column":43},"end":{"line":23,"column":44}},"loc":{"start":{"line":23,"column":55},"end":{"line":73,"column":1}},"line":23},"2":{"name":"(anonymous_2)","decl":{"start":{"line":24,"column":22},"end":{"line":24,"column":23}},"loc":{"start":{"line":24,"column":34},"end":{"line":52,"column":3}},"line":24},"3":{"name":"(anonymous_3)","decl":{"start":{"line":25,"column":20},"end":{"line":25,"column":21}},"loc":{"start":{"line":25,"column":32},"end":{"line":27,"column":5}},"line":25},"4":{"name":"(anonymous_4)","decl":{"start":{"line":44,"column":15},"end":{"line":44,"column":16}},"loc":{"start":{"line":44,"column":31},"end":{"line":51,"column":5}},"line":44},"5":{"name":"(anonymous_5)","decl":{"start":{"line":48,"column":30},"end":{"line":48,"column":31}},"loc":{"start":{"line":48,"column":42},"end":{"line":50,"column":7}},"line":48},"6":{"name":"(anonymous_6)","decl":{"start":{"line":54,"column":24},"end":{"line":54,"column":25}},"loc":{"start":{"line":54,"column":36},"end":{"line":72,"column":3}},"line":54},"7":{"name":"(anonymous_7)","decl":{"start":{"line":55,"column":22},"end":{"line":55,"column":23}},"loc":{"start":{"line":55,"column":34},"end":{"line":62,"column":5}},"line":55},"8":{"name":"(anonymous_8)","decl":{"start":{"line":59,"column":7},"end":{"line":59,"column":8}},"loc":{"start":{"line":59,"column":19},"end":{"line":61,"column":7}},"line":59},"9":{"name":"(anonymous_9)","decl":{"start":{"line":64,"column":22},"end":{"line":64,"column":23}},"loc":{"start":{"line":64,"column":34},"end":{"line":71,"column":5}},"line":64},"10":{"name":"(anonymous_10)","decl":{"start":{"line":68,"column":7},"end":{"line":68,"column":8}},"loc":{"start":{"line":68,"column":19},"end":{"line":70,"column":7}},"line":68}},"branchMap":{"0":{"loc":{"start":{"line":21,"column":46},"end":{"line":21,"column":92}},"type":"cond-expr","locations":[{"start":{"line":21,"column":70},"end":{"line":21,"column":73}},{"start":{"line":21,"column":76},"end":{"line":21,"column":92}}],"line":21},"1":{"loc":{"start":{"line":21,"column":46},"end":{"line":21,"column":67}},"type":"binary-expr","locations":[{"start":{"line":21,"column":46},"end":{"line":21,"column":49}},{"start":{"line":21,"column":53},"end":{"line":21,"column":67}}],"line":21}},"s":{"0":1,"1":1,"2":1,"3":1,"4":1,"5":1,"6":1,"7":1,"8":1,"9":3,"10":1,"11":1,"12":1,"13":1,"14":1,"15":5,"16":5,"17":5,"18":5,"19":1,"20":1,"21":1,"22":1,"23":1,"24":1,"25":1,"26":1,"27":1},"f":{"0":3,"1":1,"2":1,"3":1,"4":5,"5":5,"6":1,"7":1,"8":1,"9":1,"10":1},"b":{"0":[2,1],"1":[3,3]},"_coverageSchema":"332fd63041d2c1bcb487cc26dd0d5f7d97098a6c","hash":"2b5dca1d81b105e7b438a82902b8642a2d286e94","contentHash":"797ad2088d1e6423060964ff4437e49b_11.1.0"},"/Library/WebServer/Documents/open-data/src/schemas/schema.js":{"path":"/Library/WebServer/Documents/open-data/src/schemas/schema.js","statementMap":{"0":{"start":{"line":3,"column":0},"end":{"line":5,"column":3}},"1":{"start":{"line":7,"column":15},"end":{"line":7,"column":256}},"2":{"start":{"line":7,"column":52},"end":{"line":7,"column":239}},"3":{"start":{"line":7,"column":110},"end":{"line":7,"column":122}},"4":{"start":{"line":7,"column":124},"end":{"line":7,"column":237}},"5":{"start":{"line":7,"column":150},"end":{"line":7,"column":235}},"6":{"start":{"line":7,"column":207},"end":{"line":7,"column":233}},"7":{"start":{"line":7,"column":240},"end":{"line":7,"column":254}},"8":{"start":{"line":9,"column":10},"end":{"line":9,"column":23}},"9":{"start":{"line":11,"column":11},"end":{"line":11,"column":38}},"10":{"start":{"line":13,"column":12},"end":{"line":13,"column":27}},"11":{"start":{"line":15,"column":13},"end":{"line":15,"column":42}},"12":{"start":{"line":17,"column":15},"end":{"line":17,"column":33}},"13":{"start":{"line":19,"column":39},"end":{"line":19,"column":93}},"14":{"start":{"line":21,"column":12},"end":{"line":21,"column":14}},"15":{"start":{"line":23,"column":0},"end":{"line":32,"column":3}},"16":{"start":{"line":24,"column":2},"end":{"line":24,"column":52}},"17":{"start":{"line":26,"column":2},"end":{"line":26,"column":101}},"18":{"start":{"line":26,"column":94},"end":{"line":26,"column":101}},"19":{"start":{"line":28,"column":13},"end":{"line":28,"column":36}},"20":{"start":{"line":29,"column":15},"end":{"line":29,"column":67}},"21":{"start":{"line":31,"column":2},"end":{"line":31,"column":44}},"22":{"start":{"line":34,"column":0},"end":{"line":40,"column":3}}},"fnMap":{"0":{"name":"(anonymous_0)","decl":{"start":{"line":7,"column":32},"end":{"line":7,"column":33}},"loc":{"start":{"line":7,"column":50},"end":{"line":7,"column":256}},"line":7},"1":{"name":"_interopRequireDefault","decl":{"start":{"line":19,"column":9},"end":{"line":19,"column":31}},"loc":{"start":{"line":19,"column":37},"end":{"line":19,"column":95}},"line":19},"2":{"name":"(anonymous_2)","decl":{"start":{"line":23,"column":43},"end":{"line":23,"column":44}},"loc":{"start":{"line":23,"column":59},"end":{"line":25,"column":1}},"line":23},"3":{"name":"(anonymous_3)","decl":{"start":{"line":25,"column":11},"end":{"line":25,"column":12}},"loc":{"start":{"line":25,"column":27},"end":{"line":32,"column":1}},"line":25}},"branchMap":{"0":{"loc":{"start":{"line":7,"column":15},"end":{"line":7,"column":256}},"type":"binary-expr","locations":[{"start":{"line":7,"column":15},"end":{"line":7,"column":28}},{"start":{"line":7,"column":32},"end":{"line":7,"column":256}}],"line":7},"1":{"loc":{"start":{"line":7,"column":150},"end":{"line":7,"column":235}},"type":"if","locations":[{"start":{"line":7,"column":150},"end":{"line":7,"column":235}},{"start":{"line":7,"column":150},"end":{"line":7,"column":235}}],"line":7},"2":{"loc":{"start":{"line":19,"column":46},"end":{"line":19,"column":92}},"type":"cond-expr","locations":[{"start":{"line":19,"column":70},"end":{"line":19,"column":73}},{"start":{"line":19,"column":76},"end":{"line":19,"column":92}}],"line":19},"3":{"loc":{"start":{"line":19,"column":46},"end":{"line":19,"column":67}},"type":"binary-expr","locations":[{"start":{"line":19,"column":46},"end":{"line":19,"column":49}},{"start":{"line":19,"column":53},"end":{"line":19,"column":67}}],"line":19},"4":{"loc":{"start":{"line":24,"column":11},"end":{"line":24,"column":50}},"type":"binary-expr","locations":[{"start":{"line":24,"column":11},"end":{"line":24,"column":26}},{"start":{"line":24,"column":30},"end":{"line":24,"column":50}}],"line":24},"5":{"loc":{"start":{"line":26,"column":2},"end":{"line":26,"column":101}},"type":"if","locations":[{"start":{"line":26,"column":2},"end":{"line":26,"column":101}},{"start":{"line":26,"column":2},"end":{"line":26,"column":101}}],"line":26},"6":{"loc":{"start":{"line":29,"column":15},"end":{"line":29,"column":67}},"type":"binary-expr","locations":[{"start":{"line":29,"column":15},"end":{"line":29,"column":43}},{"start":{"line":29,"column":47},"end":{"line":29,"column":67}}],"line":29}},"s":{"0":1,"1":1,"2":0,"3":0,"4":0,"5":0,"6":0,"7":0,"8":1,"9":1,"10":1,"11":1,"12":1,"13":2,"14":1,"15":1,"16":6,"17":5,"18":4,"19":1,"20":1,"21":1,"22":1},"f":{"0":0,"1":2,"2":6,"3":5},"b":{"0":[1,0],"1":[0,0],"2":[0,2],"3":[2,2],"4":[6,6],"5":[4,1],"6":[1,0]},"_coverageSchema":"332fd63041d2c1bcb487cc26dd0d5f7d97098a6c","hash":"9a6c420b44605078fe77c26440740ee50a7ff314","contentHash":"3138f990d0e2a4dbd80e3f68176c9e27_11.1.0"},"/Library/WebServer/Documents/open-data/src/schemas/airQualityMonitoringStation/index.js":{"path":"/Library/WebServer/Documents/open-data/src/schemas/airQualityMonitoringStation/index.js","statementMap":{"0":{"start":{"line":3,"column":0},"end":{"line":5,"column":3}},"1":{"start":{"line":7,"column":38},"end":{"line":7,"column":81}},"2":{"start":{"line":9,"column":39},"end":{"line":9,"column":94}},"3":{"start":{"line":11,"column":39},"end":{"line":11,"column":93}},"4":{"start":{"line":13,"column":0},"end":{"line":17,"column":2}}},"fnMap":{"0":{"name":"_interopRequireDefault","decl":{"start":{"line":11,"column":9},"end":{"line":11,"column":31}},"loc":{"start":{"line":11,"column":37},"end":{"line":11,"column":95}},"line":11}},"branchMap":{"0":{"loc":{"start":{"line":11,"column":46},"end":{"line":11,"column":92}},"type":"cond-expr","locations":[{"start":{"line":11,"column":70},"end":{"line":11,"column":73}},{"start":{"line":11,"column":76},"end":{"line":11,"column":92}}],"line":11},"1":{"loc":{"start":{"line":11,"column":46},"end":{"line":11,"column":67}},"type":"binary-expr","locations":[{"start":{"line":11,"column":46},"end":{"line":11,"column":49}},{"start":{"line":11,"column":53},"end":{"line":11,"column":67}}],"line":11}},"s":{"0":1,"1":1,"2":1,"3":1,"4":1},"f":{"0":1},"b":{"0":[1,0],"1":[1,1]},"_coverageSchema":"332fd63041d2c1bcb487cc26dd0d5f7d97098a6c","hash":"3c211059b6512409b276b91ecdbdb15113e2829d","contentHash":"77bd928ac181fc15c822be0b42d9df37_11.1.0"},"/Library/WebServer/Documents/open-data/src/schemas/airQualityMonitoringStation/getAirQualityMonitoringStation.js":{"path":"/Library/WebServer/Documents/open-data/src/schemas/airQualityMonitoringStation/getAirQualityMonitoringStation.js","statementMap":{"0":{"start":{"line":3,"column":0},"end":{"line":5,"column":3}},"1":{"start":{"line":7,"column":15},"end":{"line":7,"column":256}},"2":{"start":{"line":7,"column":52},"end":{"line":7,"column":239}},"3":{"start":{"line":7,"column":110},"end":{"line":7,"column":122}},"4":{"start":{"line":7,"column":124},"end":{"line":7,"column":237}},"5":{"start":{"line":7,"column":150},"end":{"line":7,"column":235}},"6":{"start":{"line":7,"column":207},"end":{"line":7,"column":233}},"7":{"start":{"line":7,"column":240},"end":{"line":7,"column":254}},"8":{"start":{"line":9,"column":15},"end":{"line":9,"column":33}},"9":{"start":{"line":11,"column":13},"end":{"line":11,"column":41}},"10":{"start":{"line":13,"column":14},"end":{"line":13,"column":44}},"11":{"start":{"line":15,"column":24},"end":{"line":15,"column":65}},"12":{"start":{"line":17,"column":25},"end":{"line":17,"column":66}},"13":{"start":{"line":19,"column":17},"end":{"line":19,"column":40}},"14":{"start":{"line":21,"column":20},"end":{"line":21,"column":46}},"15":{"start":{"line":23,"column":22},"end":{"line":23,"column":50}},"16":{"start":{"line":25,"column":16},"end":{"line":25,"column":37}},"17":{"start":{"line":27,"column":17},"end":{"line":27,"column":50}},"18":{"start":{"line":29,"column":17},"end":{"line":29,"column":39}},"19":{"start":{"line":31,"column":39},"end":{"line":31,"column":93}},"20":{"start":{"line":33,"column":60},"end":{"line":33,"column":62}},"21":{"start":{"line":33,"column":64},"end":{"line":33,"column":203}},"22":{"start":{"line":33,"column":85},"end":{"line":33,"column":120}},"23":{"start":{"line":33,"column":111},"end":{"line":33,"column":120}},"24":{"start":{"line":33,"column":121},"end":{"line":33,"column":181}},"25":{"start":{"line":33,"column":172},"end":{"line":33,"column":181}},"26":{"start":{"line":33,"column":182},"end":{"line":33,"column":201}},"27":{"start":{"line":33,"column":204},"end":{"line":33,"column":218}},"28":{"start":{"line":35,"column":33},"end":{"line":35,"column":456}},"29":{"start":{"line":35,"column":64},"end":{"line":35,"column":89}},"30":{"start":{"line":35,"column":91},"end":{"line":35,"column":453}},"31":{"start":{"line":35,"column":165},"end":{"line":35,"column":263}},"32":{"start":{"line":35,"column":182},"end":{"line":35,"column":195}},"33":{"start":{"line":35,"column":209},"end":{"line":35,"column":219}},"34":{"start":{"line":35,"column":239},"end":{"line":35,"column":253}},"35":{"start":{"line":35,"column":254},"end":{"line":35,"column":261}},"36":{"start":{"line":35,"column":264},"end":{"line":35,"column":426}},"37":{"start":{"line":35,"column":281},"end":{"line":35,"column":296}},"38":{"start":{"line":35,"column":306},"end":{"line":35,"column":424}},"39":{"start":{"line":35,"column":360},"end":{"line":35,"column":380}},"40":{"start":{"line":35,"column":401},"end":{"line":35,"column":420}},"41":{"start":{"line":35,"column":429},"end":{"line":35,"column":449}},"42":{"start":{"line":37,"column":0},"end":{"line":138,"column":2}},"43":{"start":{"line":57,"column":15},"end":{"line":132,"column":7}},"44":{"start":{"line":58,"column":22},"end":{"line":58,"column":37}},"45":{"start":{"line":59,"column":22},"end":{"line":59,"column":37}},"46":{"start":{"line":60,"column":17},"end":{"line":60,"column":76}},"47":{"start":{"line":63,"column":6},"end":{"line":131,"column":29}},"48":{"start":{"line":64,"column":8},"end":{"line":130,"column":9}},"49":{"start":{"line":65,"column":10},"end":{"line":129,"column":11}},"50":{"start":{"line":67,"column":14},"end":{"line":67,"column":32}},"51":{"start":{"line":68,"column":14},"end":{"line":73,"column":34}},"52":{"start":{"line":69,"column":16},"end":{"line":69,"column":135}},"53":{"start":{"line":76,"column":14},"end":{"line":76,"column":38}},"54":{"start":{"line":77,"column":14},"end":{"line":77,"column":32}},"55":{"start":{"line":78,"column":14},"end":{"line":80,"column":44}},"56":{"start":{"line":79,"column":16},"end":{"line":79,"column":31}},"57":{"start":{"line":83,"column":14},"end":{"line":83,"column":41}},"58":{"start":{"line":84,"column":14},"end":{"line":84,"column":32}},"59":{"start":{"line":85,"column":14},"end":{"line":87,"column":46}},"60":{"start":{"line":86,"column":16},"end":{"line":86,"column":34}},"61":{"start":{"line":90,"column":14},"end":{"line":90,"column":43}},"62":{"start":{"line":91,"column":14},"end":{"line":91,"column":51}},"63":{"start":{"line":94,"column":14},"end":{"line":107,"column":15}},"64":{"start":{"line":95,"column":16},"end":{"line":97,"column":19}},"65":{"start":{"line":96,"column":18},"end":{"line":96,"column":55}},"66":{"start":{"line":100,"column":16},"end":{"line":106,"column":19}},"67":{"start":{"line":102,"column":35},"end":{"line":102,"column":49}},"68":{"start":{"line":104,"column":20},"end":{"line":104,"column":63}},"69":{"start":{"line":109,"column":14},"end":{"line":122,"column":15}},"70":{"start":{"line":110,"column":16},"end":{"line":112,"column":19}},"71":{"start":{"line":111,"column":18},"end":{"line":111,"column":55}},"72":{"start":{"line":115,"column":16},"end":{"line":121,"column":19}},"73":{"start":{"line":117,"column":35},"end":{"line":117,"column":49}},"74":{"start":{"line":119,"column":20},"end":{"line":119,"column":63}},"75":{"start":{"line":124,"column":14},"end":{"line":124,"column":56}},"76":{"start":{"line":128,"column":14},"end":{"line":128,"column":37}},"77":{"start":{"line":134,"column":4},"end":{"line":136,"column":6}},"78":{"start":{"line":135,"column":6},"end":{"line":135,"column":41}}},"fnMap":{"0":{"name":"(anonymous_0)","decl":{"start":{"line":7,"column":32},"end":{"line":7,"column":33}},"loc":{"start":{"line":7,"column":50},"end":{"line":7,"column":256}},"line":7},"1":{"name":"_interopRequireDefault","decl":{"start":{"line":31,"column":9},"end":{"line":31,"column":31}},"loc":{"start":{"line":31,"column":37},"end":{"line":31,"column":95}},"line":31},"2":{"name":"_objectWithoutProperties","decl":{"start":{"line":33,"column":9},"end":{"line":33,"column":33}},"loc":{"start":{"line":33,"column":45},"end":{"line":33,"column":220}},"line":33},"3":{"name":"_asyncToGenerator","decl":{"start":{"line":35,"column":9},"end":{"line":35,"column":26}},"loc":{"start":{"line":35,"column":31},"end":{"line":35,"column":458}},"line":35},"4":{"name":"(anonymous_4)","decl":{"start":{"line":35,"column":40},"end":{"line":35,"column":41}},"loc":{"start":{"line":35,"column":52},"end":{"line":35,"column":455}},"line":35},"5":{"name":"(anonymous_5)","decl":{"start":{"line":35,"column":110},"end":{"line":35,"column":111}},"loc":{"start":{"line":35,"column":137},"end":{"line":35,"column":451}},"line":35},"6":{"name":"step","decl":{"start":{"line":35,"column":148},"end":{"line":35,"column":152}},"loc":{"start":{"line":35,"column":163},"end":{"line":35,"column":428}},"line":35},"7":{"name":"(anonymous_7)","decl":{"start":{"line":35,"column":341},"end":{"line":35,"column":342}},"loc":{"start":{"line":35,"column":358},"end":{"line":35,"column":382}},"line":35},"8":{"name":"(anonymous_8)","decl":{"start":{"line":35,"column":384},"end":{"line":35,"column":385}},"loc":{"start":{"line":35,"column":399},"end":{"line":35,"column":422}},"line":35},"9":{"name":"(anonymous_9)","decl":{"start":{"line":56,"column":11},"end":{"line":56,"column":12}},"loc":{"start":{"line":56,"column":23},"end":{"line":137,"column":3}},"line":56},"10":{"name":"_callee","decl":{"start":{"line":57,"column":66},"end":{"line":57,"column":73}},"loc":{"start":{"line":57,"column":92},"end":{"line":132,"column":5}},"line":57},"11":{"name":"_callee$","decl":{"start":{"line":63,"column":46},"end":{"line":63,"column":54}},"loc":{"start":{"line":63,"column":65},"end":{"line":131,"column":7}},"line":63},"12":{"name":"(anonymous_12)","decl":{"start":{"line":68,"column":45},"end":{"line":68,"column":46}},"loc":{"start":{"line":68,"column":57},"end":{"line":70,"column":15}},"line":68},"13":{"name":"(anonymous_13)","decl":{"start":{"line":78,"column":48},"end":{"line":78,"column":49}},"loc":{"start":{"line":78,"column":60},"end":{"line":80,"column":15}},"line":78},"14":{"name":"(anonymous_14)","decl":{"start":{"line":85,"column":50},"end":{"line":85,"column":51}},"loc":{"start":{"line":85,"column":62},"end":{"line":87,"column":15}},"line":85},"15":{"name":"(anonymous_15)","decl":{"start":{"line":95,"column":49},"end":{"line":95,"column":50}},"loc":{"start":{"line":95,"column":64},"end":{"line":97,"column":17}},"line":95},"16":{"name":"(anonymous_16)","decl":{"start":{"line":101,"column":52},"end":{"line":101,"column":53}},"loc":{"start":{"line":101,"column":69},"end":{"line":105,"column":19}},"line":101},"17":{"name":"(anonymous_17)","decl":{"start":{"line":110,"column":49},"end":{"line":110,"column":50}},"loc":{"start":{"line":110,"column":64},"end":{"line":112,"column":17}},"line":110},"18":{"name":"(anonymous_18)","decl":{"start":{"line":116,"column":52},"end":{"line":116,"column":53}},"loc":{"start":{"line":116,"column":69},"end":{"line":120,"column":19}},"line":116},"19":{"name":"resolve","decl":{"start":{"line":134,"column":20},"end":{"line":134,"column":27}},"loc":{"start":{"line":134,"column":42},"end":{"line":136,"column":5}},"line":134}},"branchMap":{"0":{"loc":{"start":{"line":7,"column":15},"end":{"line":7,"column":256}},"type":"binary-expr","locations":[{"start":{"line":7,"column":15},"end":{"line":7,"column":28}},{"start":{"line":7,"column":32},"end":{"line":7,"column":256}}],"line":7},"1":{"loc":{"start":{"line":7,"column":150},"end":{"line":7,"column":235}},"type":"if","locations":[{"start":{"line":7,"column":150},"end":{"line":7,"column":235}},{"start":{"line":7,"column":150},"end":{"line":7,"column":235}}],"line":7},"2":{"loc":{"start":{"line":31,"column":46},"end":{"line":31,"column":92}},"type":"cond-expr","locations":[{"start":{"line":31,"column":70},"end":{"line":31,"column":73}},{"start":{"line":31,"column":76},"end":{"line":31,"column":92}}],"line":31},"3":{"loc":{"start":{"line":31,"column":46},"end":{"line":31,"column":67}},"type":"binary-expr","locations":[{"start":{"line":31,"column":46},"end":{"line":31,"column":49}},{"start":{"line":31,"column":53},"end":{"line":31,"column":67}}],"line":31},"4":{"loc":{"start":{"line":33,"column":85},"end":{"line":33,"column":120}},"type":"if","locations":[{"start":{"line":33,"column":85},"end":{"line":33,"column":120}},{"start":{"line":33,"column":85},"end":{"line":33,"column":120}}],"line":33},"5":{"loc":{"start":{"line":33,"column":121},"end":{"line":33,"column":181}},"type":"if","locations":[{"start":{"line":33,"column":121},"end":{"line":33,"column":181}},{"start":{"line":33,"column":121},"end":{"line":33,"column":181}}],"line":33},"6":{"loc":{"start":{"line":35,"column":264},"end":{"line":35,"column":426}},"type":"if","locations":[{"start":{"line":35,"column":264},"end":{"line":35,"column":426}},{"start":{"line":35,"column":264},"end":{"line":35,"column":426}}],"line":35},"7":{"loc":{"start":{"line":65,"column":10},"end":{"line":129,"column":11}},"type":"switch","locations":[{"start":{"line":66,"column":12},"end":{"line":73,"column":34}},{"start":{"line":75,"column":12},"end":{"line":80,"column":44}},{"start":{"line":82,"column":12},"end":{"line":87,"column":46}},{"start":{"line":89,"column":12},"end":{"line":124,"column":56}},{"start":{"line":126,"column":12},"end":{"line":126,"column":20}},{"start":{"line":127,"column":12},"end":{"line":128,"column":37}}],"line":65},"8":{"loc":{"start":{"line":94,"column":14},"end":{"line":107,"column":15}},"type":"if","locations":[{"start":{"line":94,"column":14},"end":{"line":107,"column":15}},{"start":{"line":94,"column":14},"end":{"line":107,"column":15}}],"line":94},"9":{"loc":{"start":{"line":101,"column":25},"end":{"line":101,"column":43}},"type":"binary-expr","locations":[{"start":{"line":101,"column":25},"end":{"line":101,"column":37}},{"start":{"line":101,"column":41},"end":{"line":101,"column":43}}],"line":101},"10":{"loc":{"start":{"line":109,"column":14},"end":{"line":122,"column":15}},"type":"if","locations":[{"start":{"line":109,"column":14},"end":{"line":122,"column":15}},{"start":{"line":109,"column":14},"end":{"line":122,"column":15}}],"line":109},"11":{"loc":{"start":{"line":116,"column":25},"end":{"line":116,"column":43}},"type":"binary-expr","locations":[{"start":{"line":116,"column":25},"end":{"line":116,"column":37}},{"start":{"line":116,"column":41},"end":{"line":116,"column":43}}],"line":116}},"s":{"0":1,"1":1,"2":0,"3":0,"4":0,"5":0,"6":0,"7":0,"8":1,"9":1,"10":1,"11":1,"12":1,"13":1,"14":1,"15":1,"16":1,"17":1,"18":1,"19":3,"20":6,"21":6,"22":5,"23":2,"24":3,"25":0,"26":3,"27":6,"28":1,"29":6,"30":6,"31":24,"32":24,"33":24,"34":0,"35":0,"36":24,"37":6,"38":18,"39":18,"40":0,"41":6,"42":1,"43":1,"44":6,"45":6,"46":6,"47":6,"48":30,"49":30,"50":6,"51":6,"52":6,"53":6,"54":6,"55":6,"56":6,"57":6,"58":6,"59":6,"60":6,"61":6,"62":6,"63":6,"64":1,"65":1,"66":1,"67":0,"68":0,"69":6,"70":1,"71":1,"72":1,"73":0,"74":0,"75":6,"76":6,"77":1,"78":6},"f":{"0":0,"1":3,"2":6,"3":1,"4":6,"5":6,"6":24,"7":18,"8":0,"9":1,"10":6,"11":30,"12":6,"13":6,"14":6,"15":1,"16":0,"17":1,"18":0,"19":6},"b":{"0":[1,0],"1":[0,0],"2":[3,0],"3":[3,3],"4":[2,3],"5":[0,3],"6":[6,18],"7":[6,6,6,6,0,6],"8":[1,5],"9":[1,1],"10":[1,5],"11":[1,1]},"_coverageSchema":"332fd63041d2c1bcb487cc26dd0d5f7d97098a6c","hash":"3cfc4a6ebddad667b869956a9c688bc52060c714","contentHash":"5bec54a5947423c61ce1f704a7fdf015_11.1.0"},"/Library/WebServer/Documents/open-data/src/utils/fetch.js":{"path":"/Library/WebServer/Documents/open-data/src/utils/fetch.js","statementMap":{"0":{"start":{"line":3,"column":0},"end":{"line":5,"column":3}},"1":{"start":{"line":7,"column":17},"end":{"line":7,"column":38}},"2":{"start":{"line":9,"column":18},"end":{"line":9,"column":52}},"3":{"start":{"line":11,"column":13},"end":{"line":11,"column":29}},"4":{"start":{"line":13,"column":14},"end":{"line":13,"column":44}},"5":{"start":{"line":15,"column":14},"end":{"line":15,"column":31}},"6":{"start":{"line":17,"column":15},"end":{"line":17,"column":46}},"7":{"start":{"line":19,"column":10},"end":{"line":19,"column":25}},"8":{"start":{"line":21,"column":39},"end":{"line":21,"column":93}},"9":{"start":{"line":
[...]
s":[{"start":{"line":66,"column":6},"end":{"line":66,"column":156}},{"start":{"line":66,"column":6},"end":{"line":66,"column":156}}],"line":66},"5":{"loc":{"start":{"line":85,"column":6},"end":{"line":85,"column":156}},"type":"if","locations":[{"start":{"line":85,"column":6},"end":{"line":85,"column":156}},{"start":{"line":85,"column":6},"end":{"line":85,"column":156}}],"line":85},"6":{"loc":{"start":{"line":114,"column":54},"end":{"line":114,"column":64}},"type":"binary-expr","locations":[{"start":{"line":114,"column":54},"end":{"line":114,"column":58}},{"start":{"line":114,"column":62},"end":{"line":114,"column":64}}],"line":114}},"s":{"0":1,"1":1,"2":1,"3":0,"4":0,"5":0,"6":0,"7":0,"8":0,"9":1,"10":1,"11":1,"12":1,"13":1,"14":1,"15":1,"16":1,"17":1,"18":1,"19":1,"20":1,"21":1,"22":5,"23":1,"24":1,"25":0,"26":0,"27":0,"28":0,"29":0,"30":0,"31":1,"32":1,"33":1,"34":0,"35":0,"36":0,"37":1,"38":1,"39":1,"40":0,"41":1,"42":1,"43":1,"44":1,"45":6,"46":6},"f":{"0":0,"1":5,"2":0,"3":0,"4":0,"5":1,"6":0,"7":1,"8":6},"b":{"0":[1,0],"1":[0,0],"2":[5,0],"3":[5,5],"4":[1,0],"5":[1,0],"6":[6,2]},"_coverageSchema":"332fd63041d2c1bcb487cc26dd0d5f7d97098a6c","hash":"e806fcea17634008682308e5f52beeb3bd71ac6e","contentHash":"9c382936d9ff2070459ea31b8786fd23_11.1.0"},"/Library/WebServer/Documents/open-data/src/schemas/fields.js":{"path":"/Library/WebServer/Documents/open-data/src/schemas/fields.js","statementMap":{"0":{"start":{"line":3,"column":0},"end":{"line":5,"column":3}},"1":{"start":{"line":6,"column":0},"end":{"line":6,"column":31}},"2":{"start":{"line":8,"column":15},"end":{"line":8,"column":33}},"3":{"start":{"line":10,"column":20},"end":{"line":10,"column":44}},"4":{"start":{"line":12,"column":14},"end":{"line":12,"column":31}},"5":{"start":{"line":14,"column":15},"end":{"line":14,"column":46}},"6":{"start":{"line":16,"column":39},"end":{"line":16,"column":93}},"7":{"start":{"line":18,"column":0},"end":{"line":30,"column":3}},"8":{"start":{"line":20,"column":22},"end":{"line":20,"column":63}},"9":{"start":{"line":21,"column":13},"end":{"line":21,"column":31}},"10":{"start":{"line":23,"column":2},"end":{"line":26,"column":3}},"11":{"start":{"line":25,"column":6},"end":{"line":25,"column":18}},"12":{"start":{"line":29,"column":2},"end":{"line":29,"column":14}},"13":{"start":{"line":31,"column":17},"end":{"line":48,"column":1}},"14":{"start":{"line":32,"column":13},"end":{"line":32,"column":87}},"15":{"start":{"line":33,"column":2},"end":{"line":47,"column":4}},"16":{"start":{"line":43,"column":23},"end":{"line":43,"column":38}},"17":{"start":{"line":44,"column":29},"end":{"line":44,"column":51}},"18":{"start":{"line":45,"column":6},"end":{"line":45,"column":160}}},"fnMap":{"0":{"name":"_interopRequireDefault","decl":{"start":{"line":16,"column":9},"end":{"line":16,"column":31}},"loc":{"start":{"line":16,"column":37},"end":{"line":16,"column":95}},"line":16},"1":{"name":"(anonymous_1)","decl":{"start":{"line":18,"column":53},"end":{"line":18,"column":54}},"loc":{"start":{"line":18,"column":78},"end":{"line":27,"column":1}},"line":18},"2":{"name":"(anonymous_2)","decl":{"start":{"line":27,"column":3},"end":{"line":27,"column":4}},"loc":{"start":{"line":27,"column":18},"end":{"line":30,"column":1}},"line":27},"3":{"name":"updateTime","decl":{"start":{"line":31,"column":47},"end":{"line":31,"column":57}},"loc":{"start":{"line":31,"column":60},"end":{"line":48,"column":1}},"line":31},"4":{"name":"resolve","decl":{"start":{"line":42,"column":22},"end":{"line":42,"column":29}},"loc":{"start":{"line":42,"column":43},"end":{"line":46,"column":5}},"line":42}},"branchMap":{"0":{"loc":{"start":{"line":16,"column":46},"end":{"line":16,"column":92}},"type":"cond-expr","locations":[{"start":{"line":16,"column":70},"end":{"line":16,"column":73}},{"start":{"line":16,"column":76},"end":{"line":16,"column":92}}],"line":16},"1":{"loc":{"start":{"line":16,"column":46},"end":{"line":16,"column":67}},"type":"binary-expr","locations":[{"start":{"line":16,"column":46},"end":{"line":16,"column":49}},{"start":{"line":16,"column":53},"end":{"line":16,"column":67}}],"line":16},"2":{"loc":{"start":{"line":23,"column":2},"end":{"line":26,"column":3}},"type":"switch","locations":[{"start":{"line":24,"column":4},"end":{"line":25,"column":18}}],"line":23},"3":{"loc":{"start":{"line":32,"column":13},"end":{"line":32,"column":87}},"type":"cond-expr","locations":[{"start":{"line":32,"column":66},"end":{"line":32,"column":78}},{"start":{"line":32,"column":81},"end":{"line":32,"column":87}}],"line":32},"4":{"loc":{"start":{"line":32,"column":13},"end":{"line":32,"column":63}},"type":"binary-expr","locations":[{"start":{"line":32,"column":13},"end":{"line":32,"column":33}},{"start":{"line":32,"column":37},"end":{"line":32,"column":63}}],"line":32},"5":{"loc":{"start":{"line":45,"column":13},"end":{"line":45,"column":159}},"type":"cond-expr","locations":[{"start":{"line":45,"column":32},"end":{"line":45,"column":90}},{"start":{"line":45,"column":93},"end":{"line":45,"column":159}}],"line":45}},"s":{"0":1,"1":1,"2":1,"3":1,"4":1,"5":1,"6":1,"7":1,"8":0,"9":0,"10":0,"11":0,"12":0,"13":1,"14":1,"15":1,"16":0,"17":0,"18":0},"f":{"0":1,"1":0,"2":0,"3":1,"4":0},"b":{"0":[0,1],"1":[1,1],"2":[0],"3":[1,0],"4":[1,1],"5":[0,0]},"_coverageSchema":"332fd63041d2c1bcb487cc26dd0d5f7d97098a6c","hash":"5a7cdc1a1a8466d157aefa587b603c96194cfd49","contentHash":"e71247a703fcd4df73b1821fe4ba1283_11.1.0"},"/Library/WebServer/Documents/open-data/src/schemas/airQualityMonitoringStation/constants.js":{"path":"/Library/WebServer/Documents/open-data/src/schemas/airQualityMonitoringStation/constants.js","statementMap":{"0":{"start":{"line":3,"column":0},"end":{"line":5,"column":3}},"1":{"start":{"line":6,"column":20},"end":{"line":15,"column":1}},"2":{"start":{"line":17,"column":20},"end":{"line":24,"column":1}}},"fnMap":{},"branchMap":{},"s":{"0":1,"1":1,"2":1},"f":{},"b":{},"_coverageSchema":"332fd63041d2c1bcb487cc26dd0d5f7d97098a6c","hash":"56cd35517a940b3f631bbf03ed52bf2f47e7b89b","contentHash":"e0c6ce6b4ea202e8c2d029b4293a646e_11.1.0"},"/Library/WebServer/Documents/open-data/src/test/schemas/checkResult.js":{"path":"/Library/WebServer/Documents/open-data/src/test/schemas/checkResult.js","statementMap":{"0":{"start":{"line":3,"column":0},"end":{"line":5,"column":3}},"1":{"start":{"line":7,"column":14},"end":{"line":7,"column":31}},"2":{"start":{"line":9,"column":15},"end":{"line":9,"column":46}},"3":{"start":{"line":11,"column":39},"end":{"line":11,"column":93}},"4":{"start":{"line":15,"column":0},"end":{"line":20,"column":2}},"5":{"start":{"line":16,"column":2},"end":{"line":19,"column":38}},"6":{"start":{"line":17,"column":17},"end":{"line":17,"column":28}},"7":{"start":{"line":18,"column":4},"end":{"line":18,"column":18}}},"fnMap":{"0":{"name":"_interopRequireDefault","decl":{"start":{"line":11,"column":9},"end":{"line":11,"column":31}},"loc":{"start":{"line":11,"column":37},"end":{"line":11,"column":95}},"line":11},"1":{"name":"(anonymous_1)","decl":{"start":{"line":15,"column":18},"end":{"line":15,"column":19}},"loc":{"start":{"line":15,"column":35},"end":{"line":20,"column":1}},"line":15},"2":{"name":"(anonymous_2)","decl":{"start":{"line":16,"column":20},"end":{"line":16,"column":21}},"loc":{"start":{"line":16,"column":36},"end":{"line":19,"column":3}},"line":16}},"branchMap":{"0":{"loc":{"start":{"line":11,"column":46},"end":{"line":11,"column":92}},"type":"cond-expr","locations":[{"start":{"line":11,"column":70},"end":{"line":11,"column":73}},{"start":{"line":11,"column":76},"end":{"line":11,"column":92}}],"line":11},"1":{"loc":{"start":{"line":11,"column":46},"end":{"line":11,"column":67}},"type":"binary-expr","locations":[{"start":{"line":11,"column":46},"end":{"line":11,"column":49}},{"start":{"line":11,"column":53},"end":{"line":11,"column":67}}],"line":11}},"s":{"0":1,"1":1,"2":1,"3":1,"4":1,"5":6,"6":6,"7":6},"f":{"0":1,"1":6,"2":6},"b":{"0":[0,1],"1":[1,1]},"_coverageSchema":"332fd63041d2c1bcb487cc26dd0d5f7d97098a6c","hash":"3c401ed729d329b0ee68caa2e6d70de0dba670fe","contentHash":"0b51d24829b37eb5989da77a67487f30_11.1.0"},"/Library/WebServer/Documents/open-data/src/test/schemas/args.js":{"path":"/Library/WebServer/Documents/open-data/src/test/schemas/args.js","statementMap":{"0":{"start":{"line":3,"column":0},"end":{"line":5,"column":3}},"1":{"start":{"line":6,"column":10},"end":{"line":6,"column":91}},"2":{"start":{"line":8,"column":15},"end":{"line":8,"column":62}},"3":{"start":{"line":10,"column":16},"end":{"line":10,"column":69}}},"fnMap":{},"branchMap":{},"s":{"0":1,"1":1,"2":1,"3":1},"f":{},"b":{},"_coverageSchema":"332fd63041d2c1bcb487cc26dd0d5f7d97098a6c","hash":"4e3a923313b742033065281033579d7dd7400007","contentHash":"32be10929314f458a329d4ab5da2d7fc_11.1.0"},"/Library/WebServer/Documents/open-data/src/test/server.js":{"path":"/Library/WebServer/Documents/open-data/src/test/server.js","statementMap":{"0":{"start":{"line":3,"column":14},"end":{"line":3,"column":31}},"1":{"start":{"line":5,"column":15},"end":{"line":5,"column":46}},"2":{"start":{"line":7,"column":17},"end":{"line":7,"column":38}},"3":{"start":{"line":9,"column":18},"end":{"line":9,"column":52}},"4":{"start":{"line":11,"column":39},"end":{"line":11,"column":93}},"5":{"start":{"line":13,"column":13},"end":{"line":13,"column":17}},"6":{"start":{"line":16,"column":0},"end":{"line":34,"column":3}},"7":{"start":{"line":17,"column":2},"end":{"line":19,"column":5}},"8":{"start":{"line":18,"column":4},"end":{"line":18,"column":44}},"9":{"start":{"line":21,"column":2},"end":{"line":29,"column":5}},"10":{"start":{"line":22,"column":4},"end":{"line":28,"column":7}},"11":{"start":{"line":23,"column":6},"end":{"line":23,"column":24}},"12":{"start":{"line":31,"column":2},"end":{"line":33,"column":5}},"13":{"start":{"line":32,"column":4},"end":{"line":32,"column":19}}},"fnMap":{"0":{"name":"_interopRequireDefault","decl":{"start":{"line":11,"column":9},"end":{"line":11,"column":31}},"loc":{"start":{"line":11,"column":37},"end":{"line":11,"column":95}},"line":11},"1":{"name":"(anonymous_1)","decl":{"start":{"line":16,"column":19},"end":{"line":16,"column":20}},"loc":{"start":{"line":16,"column":31},"end":{"line":34,"column":1}},"line":16},"2":{"name":"(anonymous_2)","decl":{"start":{"line":17,"column":9},"end":{"line":17,"column":10}},"loc":{"start":{"line":17,"column":21},"end":{"line":19,"column":3}},"line":17},"3":{"name":"(anonymous_3)","decl":{"start":{"line":21,"column":14},"end":{"line":21,"column":15}},"loc":{"start":{"line":21,"column":26},"end":{"line":29,"column":3}},"line":21},"4":{"name":"(anonymous_4)","decl":{"start":{"line":22,"column":67},"end":{"line":22,"column":68}},"loc":{"start":{"line":22,"column":82},"end":{"line":24,"column":5}},"line":22},"5":{"name":"(anonymous_5)","decl":{"start":{"line":31,"column":8},"end":{"line":31,"column":9}},"loc":{"start":{"line":31,"column":20},"end":{"line":33,"column":3}},"line":31}},"branchMap":{"0":{"loc":{"start":{"line":11,"column":46},"end":{"line":11,"column":92}},"type":"cond-expr","locations":[{"start":{"line":11,"column":70},"end":{"line":11,"column":73}},{"start":{"line":11,"column":76},"end":{"line":11,"column":92}}],"line":11},"1":{"loc":{"start":{"line":11,"column":46},"end":{"line":11,"column":67}},"type":"binary-expr","locations":[{"start":{"line":11,"column":46},"end":{"line":11,"column":49}},{"start":{"line":11,"column":53},"end":{"line":11,"column":67}}],"line":11}},"s":{"0":1,"1":1,"2":1,"3":1,"4":2,"5":1,"6":1,"7":1,"8":1,"9":1,"10":1,"11":1,"12":1,"13":1},"f":{"0":2,"1":1,"2":1,"3":1,"4":1,"5":1},"b":{"0":[0,2],"1":[2,2]},"_coverageSchema":"332fd63041d2c1bcb487cc26dd0d5f7d97098a6c","hash":"76e9e33de8ab8a5d32604741d3b4a6cc0596b749","contentHash":"a5e7b171e1b34edcaa8eb19a55106b62_11.1.0"},"/Library/WebServer/Documents/open-data/src/test/utils.js":{"path":"/Library/WebServer/Documents/open-data/src/test/utils.js","statementMap":{"0":{"start":{"line":3,"column":15},"end":{"line":3,"column":33}},"1":{"start":{"line":5,"column":16},"end":{"line":5,"column":48}},"2":{"start":{"line":7,"column":14},"end":{"line":7,"column":31}},"3":{"start":{"line":9,"column":15},"end":{"line":9,"column":46}},"4":{"start":{"line":11,"column":13},"end":{"line":11,"column":29}},"5":{"start":{"line":13,"column":14},"end":{"line":13,"column":44}},"6":{"start":{"line":15,"column":15},"end":{"line":15,"column":42}},"7":{"start":{"line":17,"column":16},"end":{"line":17,"column":48}},"8":{"start":{"line":19,"column":19},"end":{"line":19,"column":50}},"9":{"start":{"line":21,"column":20},"end":{"line":21,"column":56}},"10":{"start":{"line":23,"column":39},"end":{"line":23,"column":93}},"11":{"start":{"line":25,"column":0},"end":{"line":43,"column":3}},"12":{"start":{"line":26,"column":2},"end":{"line":28,"column":5}},"13":{"start":{"line":27,"column":4},"end":{"line":27,"column":53}},"14":{"start":{"line":30,"column":2},"end":{"line":42,"column":5}},"15":{"start":{"line":31,"column":4},"end":{"line":33,"column":7}},"16":{"start":{"line":32,"column":6},"end":{"line":32,"column":52}},"17":{"start":{"line":35,"column":4},"end":{"line":37,"column":7}},"18":{"start":{"line":36,"column":6},"end":{"line":36,"column":86}},"19":{"start":{"line":39,"column":4},"end":{"line":41,"column":7}},"20":{"start":{"line":40,"column":6},"end":{"line":40,"column":49}}},"fnMap":{"0":{"name":"_interopRequireDefault","decl":{"start":{"line":23,"column":9},"end":{"line":23,"column":31}},"loc":{"start":{"line":23,"column":37},"end":{"line":23,"column":95}},"line":23},"1":{"name":"(anonymous_1)","decl":{"start":{"line":25,"column":18},"end":{"line":25,"column":19}},"loc":{"start":{"line":25,"column":30},"end":{"line":43,"column":1}},"line":25},"2":{"name":"(anonymous_2)","decl":{"start":{"line":26,"column":18},"end":{"line":26,"column":19}},"loc":{"start":{"line":26,"column":30},"end":{"line":28,"column":3}},"line":26},"3":{"name":"(anonymous_3)","decl":{"start":{"line":30,"column":28},"end":{"line":30,"column":29}},"loc":{"start":{"line":30,"column":40},"end":{"line":42,"column":3}},"line":30},"4":{"name":"(anonymous_4)","decl":{"start":{"line":31,"column":11},"end":{"line":31,"column":12}},"loc":{"start":{"line":31,"column":23},"end":{"line":33,"column":5}},"line":31},"5":{"name":"(anonymous_5)","decl":{"start":{"line":35,"column":17},"end":{"line":35,"column":18}},"loc":{"start":{"line":35,"column":29},"end":{"line":37,"column":5}},"line":35},"6":{"name":"(anonymous_6)","decl":{"start":{"line":39,"column":10},"end":{"line":39,"column":11}},"loc":{"start":{"line":39,"column":22},"end":{"line":41,"column":5}},"line":39}},"branchMap":{"0":{"loc":{"start":{"line":23,"column":46},"end":{"line":23,"column":92}},"type":"cond-expr","locations":[{"start":{"line":23,"column":70},"end":{"line":23,"column":73}},{"start":{"line":23,"column":76},"end":{"line":23,"column":92}}],"line":23},"1":{"loc":{"start":{"line":23,"column":46},"end":{"line":23,"column":67}},"type":"binary-expr","locations":[{"start":{"line":23,"column":46},"end":{"line":23,"column":49}},{"start":{"line":23,"column":53},"end":{"line":23,"column":67}}],"line":23}},"s":{"0":1,"1":1,"2":1,"3":1,"4":1,"5":1,"6":1,"7":1,"8":1,"9":1,"10":5,"11":1,"12":1,"13":1,"14":1,"15":1,"16":1,"17":1,"18":1,"19":1,"20":1},"f":{"0":5,"1":1,"2":1,"3":1,"4":1,"5":1,"6":1},"b":{"0":[2,3],"1":[5,5]},"_coverageSchema":"332fd63041d2c1bcb487cc26dd0d5f7d97098a6c","hash":"27f8452c3a7b7f1a6a92f9b31463fa8300e13d91","contentHash":"f9d7a3f1e6563c854601b4ac8be3c560_11.1.0"},"/Library/WebServer/Documents/open-data/src/server.js":{"path":"/Library/WebServer/Documents/open-data/src/server.js","statementMap":{"0":{"start":{"line":3,"column":0},"end":{"line":5,"column":3}},"1":{"start":{"line":7,"column":0},"end":{"line":7,"column":26}},"2":{"start":{"line":9,"column":10},"end":{"line":9,"column":23}},"3":{"start":{"line":11,"column":11},"end":{"line":11,"column":38}},"4":{"start":{"line":13,"column":15},"end":{"line":13,"column":33}},"5":{"start":{"line":15,"column":16},"end":{"line":15,"column":48}},"6":{"start":{"line":17,"column":12},"end":{"line":17,"column":27}},"7":{"start":{"line":19,"column":13},"end":{"line":19,"column":42}},"8":{"start":{"line":21,"column":12},"end":{"line":21,"column":27}},"9":{"start":{"line":23,"column":13},"end":{"line":23,"column":42}},"10":{"start":{"line":25,"column":11},"end":{"line":25,"column":25}},"11":{"start":{"line":27,"column":12},"end":{"line":27,"column":40}},"12":{"start":{"line":29,"column":17},"end":{"line":29,"column":38}},"13":{"start":{"line":31,"column":18},"end":{"line":31,"column":52}},"14":{"start":{"line":33,"column":17},"end":{"line":33,"column":38}},"15":{"start":{"line":35,"column":18},"end":{"line":35,"column":52}},"16":{"start":{"line":37,"column":19},"end":{"line":37,"column":42}},"17":{"start":{"line":39,"column":20},"end":{"line":39,"column":56}},"18":{"start":{"line":41,"column":15},"end":{"line":41,"column":34}},"19":{"start":{"line":43,"column":16},"end":{"line":43,"column":48}},"20":{"start":{"line":45,"column":15},"end":{"line":45,"column":34}},"21":{"start":{"line":47,"column":16},"end":{"line":47,"column":48}},"22":{"start":{"line":49,"column":18},"end":{"line":49,"column":40}},"23":{"start":{"line":51,"column":19},"end":{"line":51,"column":54}},"24":{"start":{"line":53,"column":14},"end":{"line":53,"column":41}},"25":{"start":{"line":55,"column":15},"end":{"line":55,"column":46}},"26":{"start":{"line":57,"column":39},"end":{"line":57,"column":93}},"27":{"start":{"line":59,"column":10},"end":{"line":59,"column":29}},"28":{"start":{"line":60,"column":11},"end":{"line":60,"column":53}},"29":{"start":{"line":61,"column":10},"end":{"line":61,"column":57}},"30":{"start":{"line":64,"column":0},"end":{"line":68,"column":50}},"31":{"start":{"line":64,"column":9},"end":{"line":68,"column":4}},"32":{"start":{"line":68,"column":9},"end":{"line":68,"column":50}},"33":{"start":{"line":69,"column":0},"end":{"line":69,"column":36}},"34":{"start":{"line":70,"column":0},"end":{"line":70,"column":34}},"35":{"start":{"line":71,"column":0},"end":{"line":71,"column":34}},"36":{"start":{"line":72,"column":0},"end":{"line":75,"column":4}},"37":{"start":{"line":77,"column":0},"end":{"line":81,"column":4}},"38":{"start":{"line":84,"column":0},"end":{"line":84,"column":70}}},"fnMap":{"0":{"name":"_interopRequireDefault","decl":{"start":{"line":57,"column":9},"end":{"line":57,"column":31}},"loc":{"start":{"line":57,"column":37},"end":{"line":57,"column":95}},"line":57}},"branchMap":{"0":{"loc":{"start":{"line":57,"column":46},"end":{"line":57,"column":92}},"type":"cond-expr","locations":[{"start":{"line":57,"column":70},"end":{"line":57,"column":73}},{"start":{"line":57,"column":76},"end":{"line":57,"column":92}}],"line":57},"1":{"loc":{"start":{"line":57,"column":46},"end":{"line":57,"column":67}},"type":"binary-expr","locations":[{"start":{"line":57,"column":46},"end":{"line":57,"column":49}},{"start":{"line":57,"column":53},"end":{"line":57,"column":67}}],"line":57},"2":{"loc":{"start":{"line":64,"column":0},"end":{"line":68,"column":50}},"type":"if","locations":[{"start":{"line":64,"column":0},"end":{"line":68,"column":50}},{"start":{"line":64,"column":0},"end":{"line":68,"column":50}}],"line":64},"3":{"loc":{"start":{"line":84,"column":29},"end":{"line":84,"column":68}},"type":"cond-expr","locations":[{"start":{"line":84,"column":35},"end":{"line":84,"column":61}},{"start":{"line":84,"column":64},"end":{"line":84,"column":68}}],"line":84}},"s":{"0":1,"1":1,"2":1,"3":1,"4":1,"5":1,"6":1,"7":1,"8":1,"9":1,"10":1,"11":1,"12":1,"13":1,"14":1,"15":1,"16":1,"17":1,"18":1,"19":1,"20":1,"21":1,"22":1,"23":1,"24":1,"25":1,"26":12,"27":1,"28":1,"29":1,"30":1,"31":0,"32":1,"33":1,"34":1,"35":1,"36":1,"37":1,"38":1},"f":{"0":12},"b":{"0":[1,11],"1":[12,12],"2":[0,1],"3":[0,1]},"_coverageSchema":"332fd63041d2c1bcb487cc26dd0d5f7d97098a6c","hash":"d2214229183d31b12c9e2cb1ec3698bd14ccd79c","contentHash":"38de1be20887c0334cf54fb8a898edbb_11.1.0"}}